2026-07-02 14:01:14 [INFO] init sqlite db /opt/jumpserver/data/system/leak_passwords.db
[I 260702 14:01:14 models:227] init sqlite db /opt/jumpserver/data/system/leak_passwords.db
2026-07-02 14:01:14 [DEBU] Start subscribe for expire orgs mapping from memory
[D 260702 14:01:14 common:42] Start subscribe for expire orgs mapping from memory
2026-07-02 14:01:14 [DEBU] Start subscribe for expire node assets id mapping from memory
[D 260702 14:01:14 node_assets_mapping:63] Start subscribe for expire node assets id mapping from memory
2026-07-02 14:01:14 [DEBU] Start subscribe vault change
[D 260702 14:01:14 signal_handlers:109] Start subscribe vault change
2026-07-02 14:01:14 [INFO] Start subscribe for stop job execution
[I 260702 14:01:14 signal_handlers:169] Start subscribe for stop job execution
2026-07-02 14:01:14 [DEBU] Start subscribe setting change
[D 260702 14:01:14 signal_handlers:60] Start subscribe setting change
2026-07-02 14:01:14 [DEBU] Start subscribe for expire node assets id mapping from memory
[D 260702 14:01:14 applet:98] Start subscribe for expire node assets id mapping from memory
[I 260702 14:01:16 command:168] Visit me at http://0.0.0.0:5555//core/flower/
[I 260702 14:01:16 command:176] Broker: redis://redis:6379/3
[I 260702 14:01:16 command:177] Registered tasks: 
    ['accounts.tasks.automation.clean_change_secret_and_push_record_period',
     'accounts.tasks.automation.execute_account_automation_task',
     'accounts.tasks.automation.execute_automation_record_task',
     'accounts.tasks.push_account.change_secret_accounts_to_assets_task',
     'accounts.tasks.push_account.push_accounts_to_assets_task',
     'accounts.tasks.remove_account.clean_historical_accounts',
     'accounts.tasks.remove_account.remove_accounts_task',
     'accounts.tasks.template.template_sync_related_accounts',
     'accounts.tasks.vault.sync_secret_to_vault',
     'accounts.tasks.verify_account.verify_accounts_connectivity_task',
     'assets.tasks.automation.execute_asset_automation_task',
     'assets.tasks.gather_facts.gather_assets_facts_task',
     'assets.tasks.nodes_amount.check_node_assets_amount_period_task',
     'assets.tasks.nodes_amount.check_node_assets_amount_task',
     'assets.tasks.ping.test_assets_connectivity_task',
     'assets.tasks.ping_gateway.test_gateways_connectivity_task',
     'audits.tasks.clean_audits_log_period',
     'audits.tasks.upload_ftp_file_to_external_storage',
     'authentication.tasks.clean_django_sessions',
     'authentication.tasks.clean_expire_token',
     'celery.accumulate',
     'celery.backend_cleanup',
     'celery.chain',
     'celery.chord',
     'celery.chord_unlock',
     'celery.chunks',
     'celery.group',
     'celery.map',
     'celery.starmap',
     'common.tasks.send_mail_async',
     'common.tasks.send_mail_attachment_async',
     'common.tasks.upload_backup_to_obj_storage',
     'common.utils.verify_code.send_sms_async',
     'notifications.notifications.publish_task',
     'ops.tasks.check_server_performance_period',
     'ops.tasks.clean_celery_periodic_tasks',
     'ops.tasks.clean_job_execution_period',
     'ops.tasks.clean_up_unexpected_jobs',
     'ops.tasks.create_or_update_registered_periodic_tasks',
     'ops.tasks.run_ops_job',
     'ops.tasks.run_ops_job_execution',
     'orgs.tasks.refresh_org_cache_task',
     'perms.tasks.check_asset_permission_expired',
     'perms.tasks.check_asset_permission_will_expired',
     'settings.tasks.ldap.import_ldap_ha_user',
     'settings.tasks.ldap.import_ldap_ha_user_periodic',
     'settings.tasks.ldap.import_ldap_user',
     'settings.tasks.ldap.import_ldap_user_periodic',
     'terminal.tasks.applet_host_generate_accounts',
     'terminal.tasks.check_command_replay_storage_connectivity',
     'terminal.tasks.clean_orphan_session',
     'terminal.tasks.delete_terminal_status_period',
     'terminal.tasks.run_applet_host_deployment',
     'terminal.tasks.run_applet_host_deployment_install_applet',
     'terminal.tasks.run_applet_host_deployment_uninstall_applet',
     'terminal.tasks.upload_session_replay_file_to_external_storage',
     'terminal.tasks.upload_session_replay_to_external_storage',
     'users.signal_handlers.clean_expired_user_session_period',
     'users.tasks.check_password_expired',
     'users.tasks.check_password_expired_periodic',
     'users.tasks.check_unused_users',
     'users.tasks.check_user_expired',
     'users.tasks.check_user_expired_periodic']
[I 260702 14:01:16 mixins:228] Connected to redis://redis:6379/3
2026-07-02 15:22:05 [INFO] init sqlite db /opt/jumpserver/data/system/leak_passwords.db
[I 260702 15:22:05 models:227] init sqlite db /opt/jumpserver/data/system/leak_passwords.db
2026-07-02 15:22:05 [DEBU] Start subscribe for expire orgs mapping from memory
[D 260702 15:22:05 common:42] Start subscribe for expire orgs mapping from memory
2026-07-02 15:22:05 [DEBU] Start subscribe for expire node assets id mapping from memory
[D 260702 15:22:05 node_assets_mapping:63] Start subscribe for expire node assets id mapping from memory
2026-07-02 15:22:05 [DEBU] Start subscribe vault change
[D 260702 15:22:05 signal_handlers:109] Start subscribe vault change
2026-07-02 15:22:05 [INFO] Start subscribe for stop job execution
[I 260702 15:22:05 signal_handlers:169] Start subscribe for stop job execution
2026-07-02 15:22:05 [DEBU] Start subscribe setting change
[D 260702 15:22:05 signal_handlers:60] Start subscribe setting change
2026-07-02 15:22:05 [DEBU] Start subscribe for expire node assets id mapping from memory
[D 260702 15:22:05 applet:98] Start subscribe for expire node assets id mapping from memory
[I 260702 15:22:06 command:168] Visit me at http://0.0.0.0:5555//core/flower/
[I 260702 15:22:06 command:176] Broker: redis://redis:6379/3
[I 260702 15:22:06 command:177] Registered tasks: 
    ['accounts.tasks.automation.clean_change_secret_and_push_record_period',
     'accounts.tasks.automation.execute_account_automation_task',
     'accounts.tasks.automation.execute_automation_record_task',
     'accounts.tasks.push_account.change_secret_accounts_to_assets_task',
     'accounts.tasks.push_account.push_accounts_to_assets_task',
     'accounts.tasks.remove_account.clean_historical_accounts',
     'accounts.tasks.remove_account.remove_accounts_task',
     'accounts.tasks.template.template_sync_related_accounts',
     'accounts.tasks.vault.sync_secret_to_vault',
     'accounts.tasks.verify_account.verify_accounts_connectivity_task',
     'assets.tasks.automation.execute_asset_automation_task',
     'assets.tasks.gather_facts.gather_assets_facts_task',
     'assets.tasks.nodes_amount.check_node_assets_amount_period_task',
     'assets.tasks.nodes_amount.check_node_assets_amount_task',
     'assets.tasks.ping.test_assets_connectivity_task',
     'assets.tasks.ping_gateway.test_gateways_connectivity_task',
     'audits.tasks.clean_audits_log_period',
     'audits.tasks.upload_ftp_file_to_external_storage',
     'authentication.tasks.clean_django_sessions',
     'authentication.tasks.clean_expire_token',
     'celery.accumulate',
     'celery.backend_cleanup',
     'celery.chain',
     'celery.chord',
     'celery.chord_unlock',
     'celery.chunks',
     'celery.group',
     'celery.map',
     'celery.starmap',
     'common.tasks.send_mail_async',
     'common.tasks.send_mail_attachment_async',
     'common.tasks.upload_backup_to_obj_storage',
     'common.utils.verify_code.send_sms_async',
     'notifications.notifications.publish_task',
     'ops.tasks.check_server_performance_period',
     'ops.tasks.clean_celery_periodic_tasks',
     'ops.tasks.clean_job_execution_period',
     'ops.tasks.clean_up_unexpected_jobs',
     'ops.tasks.create_or_update_registered_periodic_tasks',
     'ops.tasks.run_ops_job',
     'ops.tasks.run_ops_job_execution',
     'orgs.tasks.refresh_org_cache_task',
     'perms.tasks.check_asset_permission_expired',
     'perms.tasks.check_asset_permission_will_expired',
     'settings.tasks.ldap.import_ldap_ha_user',
     'settings.tasks.ldap.import_ldap_ha_user_periodic',
     'settings.tasks.ldap.import_ldap_user',
     'settings.tasks.ldap.import_ldap_user_periodic',
     'terminal.tasks.applet_host_generate_accounts',
     'terminal.tasks.check_command_replay_storage_connectivity',
     'terminal.tasks.clean_orphan_session',
     'terminal.tasks.delete_terminal_status_period',
     'terminal.tasks.run_applet_host_deployment',
     'terminal.tasks.run_applet_host_deployment_install_applet',
     'terminal.tasks.run_applet_host_deployment_uninstall_applet',
     'terminal.tasks.upload_session_replay_file_to_external_storage',
     'terminal.tasks.upload_session_replay_to_external_storage',
     'users.signal_handlers.clean_expired_user_session_period',
     'users.tasks.check_password_expired',
     'users.tasks.check_password_expired_periodic',
     'users.tasks.check_unused_users',
     'users.tasks.check_user_expired',
     'users.tasks.check_user_expired_periodic']
[I 260702 15:22:06 mixins:228] Connected to redis://redis:6379/3
2026-07-02 15:27:29 [INFO] init sqlite db /opt/jumpserver/data/system/leak_passwords.db
[I 260702 15:27:29 models:227] init sqlite db /opt/jumpserver/data/system/leak_passwords.db
2026-07-02 15:27:29 [DEBU] Start subscribe for expire orgs mapping from memory
[D 260702 15:27:29 common:42] Start subscribe for expire orgs mapping from memory
2026-07-02 15:27:29 [DEBU] Start subscribe for expire node assets id mapping from memory
[D 260702 15:27:29 node_assets_mapping:63] Start subscribe for expire node assets id mapping from memory
2026-07-02 15:27:29 [DEBU] Start subscribe vault change
[D 260702 15:27:29 signal_handlers:109] Start subscribe vault change
2026-07-02 15:27:29 [INFO] Start subscribe for stop job execution
[I 260702 15:27:29 signal_handlers:169] Start subscribe for stop job execution
2026-07-02 15:27:29 [DEBU] Start subscribe setting change
[D 260702 15:27:29 signal_handlers:60] Start subscribe setting change
2026-07-02 15:27:29 [DEBU] Start subscribe for expire node assets id mapping from memory
[D 260702 15:27:29 applet:98] Start subscribe for expire node assets id mapping from memory
[I 260702 15:27:30 command:168] Visit me at http://0.0.0.0:5555//core/flower/
[I 260702 15:27:30 command:176] Broker: redis://redis:6379/3
[I 260702 15:27:30 command:177] Registered tasks: 
    ['accounts.tasks.automation.clean_change_secret_and_push_record_period',
     'accounts.tasks.automation.execute_account_automation_task',
     'accounts.tasks.automation.execute_automation_record_task',
     'accounts.tasks.push_account.change_secret_accounts_to_assets_task',
     'accounts.tasks.push_account.push_accounts_to_assets_task',
     'accounts.tasks.remove_account.clean_historical_accounts',
     'accounts.tasks.remove_account.remove_accounts_task',
     'accounts.tasks.template.template_sync_related_accounts',
     'accounts.tasks.vault.sync_secret_to_vault',
     'accounts.tasks.verify_account.verify_accounts_connectivity_task',
     'assets.tasks.automation.execute_asset_automation_task',
     'assets.tasks.gather_facts.gather_assets_facts_task',
     'assets.tasks.nodes_amount.check_node_assets_amount_period_task',
     'assets.tasks.nodes_amount.check_node_assets_amount_task',
     'assets.tasks.ping.test_assets_connectivity_task',
     'assets.tasks.ping_gateway.test_gateways_connectivity_task',
     'audits.tasks.clean_audits_log_period',
     'audits.tasks.upload_ftp_file_to_external_storage',
     'authentication.tasks.clean_django_sessions',
     'authentication.tasks.clean_expire_token',
     'celery.accumulate',
     'celery.backend_cleanup',
     'celery.chain',
     'celery.chord',
     'celery.chord_unlock',
     'celery.chunks',
     'celery.group',
     'celery.map',
     'celery.starmap',
     'common.tasks.send_mail_async',
     'common.tasks.send_mail_attachment_async',
     'common.tasks.upload_backup_to_obj_storage',
     'common.utils.verify_code.send_sms_async',
     'notifications.notifications.publish_task',
     'ops.tasks.check_server_performance_period',
     'ops.tasks.clean_celery_periodic_tasks',
     'ops.tasks.clean_job_execution_period',
     'ops.tasks.clean_up_unexpected_jobs',
     'ops.tasks.create_or_update_registered_periodic_tasks',
     'ops.tasks.run_ops_job',
     'ops.tasks.run_ops_job_execution',
     'orgs.tasks.refresh_org_cache_task',
     'perms.tasks.check_asset_permission_expired',
     'perms.tasks.check_asset_permission_will_expired',
     'settings.tasks.ldap.import_ldap_ha_user',
     'settings.tasks.ldap.import_ldap_ha_user_periodic',
     'settings.tasks.ldap.import_ldap_user',
     'settings.tasks.ldap.import_ldap_user_periodic',
     'terminal.tasks.applet_host_generate_accounts',
     'terminal.tasks.check_command_replay_storage_connectivity',
     'terminal.tasks.clean_orphan_session',
     'terminal.tasks.delete_terminal_status_period',
     'terminal.tasks.run_applet_host_deployment',
     'terminal.tasks.run_applet_host_deployment_install_applet',
     'terminal.tasks.run_applet_host_deployment_uninstall_applet',
     'terminal.tasks.upload_session_replay_file_to_external_storage',
     'terminal.tasks.upload_session_replay_to_external_storage',
     'users.signal_handlers.clean_expired_user_session_period',
     'users.tasks.check_password_expired',
     'users.tasks.check_password_expired_periodic',
     'users.tasks.check_unused_users',
     'users.tasks.check_user_expired',
     'users.tasks.check_user_expired_periodic']
[I 260702 15:27:30 mixins:228] Connected to redis://redis:6379/3
2026-07-02 15:44:34 [INFO] init sqlite db /opt/jumpserver/data/system/leak_passwords.db
[I 260702 15:44:34 models:227] init sqlite db /opt/jumpserver/data/system/leak_passwords.db
2026-07-02 15:44:34 [DEBU] Start subscribe for expire orgs mapping from memory
[D 260702 15:44:34 common:42] Start subscribe for expire orgs mapping from memory
2026-07-02 15:44:34 [DEBU] Start subscribe for expire node assets id mapping from memory
[D 260702 15:44:34 node_assets_mapping:63] Start subscribe for expire node assets id mapping from memory
2026-07-02 15:44:34 [DEBU] Start subscribe vault change
[D 260702 15:44:34 signal_handlers:109] Start subscribe vault change
2026-07-02 15:44:34 [INFO] Start subscribe for stop job execution
[I 260702 15:44:34 signal_handlers:169] Start subscribe for stop job execution
2026-07-02 15:44:34 [DEBU] Start subscribe setting change
[D 260702 15:44:34 signal_handlers:60] Start subscribe setting change
2026-07-02 15:44:34 [DEBU] Start subscribe for expire node assets id mapping from memory
[D 260702 15:44:34 applet:98] Start subscribe for expire node assets id mapping from memory
[I 260702 15:44:35 command:168] Visit me at http://0.0.0.0:5555//core/flower/
[I 260702 15:44:35 command:176] Broker: redis://redis:6379/3
[I 260702 15:44:35 command:177] Registered tasks: 
    ['accounts.tasks.automation.clean_change_secret_and_push_record_period',
     'accounts.tasks.automation.execute_account_automation_task',
     'accounts.tasks.automation.execute_automation_record_task',
     'accounts.tasks.push_account.change_secret_accounts_to_assets_task',
     'accounts.tasks.push_account.push_accounts_to_assets_task',
     'accounts.tasks.remove_account.clean_historical_accounts',
     'accounts.tasks.remove_account.remove_accounts_task',
     'accounts.tasks.template.template_sync_related_accounts',
     'accounts.tasks.vault.sync_secret_to_vault',
     'accounts.tasks.verify_account.verify_accounts_connectivity_task',
     'assets.tasks.automation.execute_asset_automation_task',
     'assets.tasks.gather_facts.gather_assets_facts_task',
     'assets.tasks.nodes_amount.check_node_assets_amount_period_task',
     'assets.tasks.nodes_amount.check_node_assets_amount_task',
     'assets.tasks.ping.test_assets_connectivity_task',
     'assets.tasks.ping_gateway.test_gateways_connectivity_task',
     'audits.tasks.clean_audits_log_period',
     'audits.tasks.upload_ftp_file_to_external_storage',
     'authentication.tasks.clean_django_sessions',
     'authentication.tasks.clean_expire_token',
     'celery.accumulate',
     'celery.backend_cleanup',
     'celery.chain',
     'celery.chord',
     'celery.chord_unlock',
     'celery.chunks',
     'celery.group',
     'celery.map',
     'celery.starmap',
     'common.tasks.send_mail_async',
     'common.tasks.send_mail_attachment_async',
     'common.tasks.upload_backup_to_obj_storage',
     'common.utils.verify_code.send_sms_async',
     'notifications.notifications.publish_task',
     'ops.tasks.check_server_performance_period',
     'ops.tasks.clean_celery_periodic_tasks',
     'ops.tasks.clean_job_execution_period',
     'ops.tasks.clean_up_unexpected_jobs',
     'ops.tasks.create_or_update_registered_periodic_tasks',
     'ops.tasks.run_ops_job',
     'ops.tasks.run_ops_job_execution',
     'orgs.tasks.refresh_org_cache_task',
     'perms.tasks.check_asset_permission_expired',
     'perms.tasks.check_asset_permission_will_expired',
     'settings.tasks.ldap.import_ldap_ha_user',
     'settings.tasks.ldap.import_ldap_ha_user_periodic',
     'settings.tasks.ldap.import_ldap_user',
     'settings.tasks.ldap.import_ldap_user_periodic',
     'terminal.tasks.applet_host_generate_accounts',
     'terminal.tasks.check_command_replay_storage_connectivity',
     'terminal.tasks.clean_orphan_session',
     'terminal.tasks.delete_terminal_status_period',
     'terminal.tasks.run_applet_host_deployment',
     'terminal.tasks.run_applet_host_deployment_install_applet',
     'terminal.tasks.run_applet_host_deployment_uninstall_applet',
     'terminal.tasks.upload_session_replay_file_to_external_storage',
     'terminal.tasks.upload_session_replay_to_external_storage',
     'users.signal_handlers.clean_expired_user_session_period',
     'users.tasks.check_password_expired',
     'users.tasks.check_password_expired_periodic',
     'users.tasks.check_unused_users',
     'users.tasks.check_user_expired',
     'users.tasks.check_user_expired_periodic']
[I 260702 15:44:35 mixins:228] Connected to redis://redis:6379/3
2026-07-02 13:50:49 [INFO] init sqlite db /opt/jumpserver/data/system/leak_passwords.db
[I 260702 13:50:49 models:227] init sqlite db /opt/jumpserver/data/system/leak_passwords.db
2026-07-02 13:50:50 [DEBU] Start subscribe for expire orgs mapping from memory
[D 260702 13:50:50 common:42] Start subscribe for expire orgs mapping from memory
2026-07-02 13:50:50 [DEBU] Start subscribe for expire node assets id mapping from memory
[D 260702 13:50:50 node_assets_mapping:63] Start subscribe for expire node assets id mapping from memory
2026-07-02 13:50:50 [DEBU] Start subscribe vault change
[D 260702 13:50:50 signal_handlers:109] Start subscribe vault change
2026-07-02 13:50:50 [INFO] Start subscribe for stop job execution
[I 260702 13:50:50 signal_handlers:169] Start subscribe for stop job execution
2026-07-02 13:50:50 [DEBU] Start subscribe setting change
[D 260702 13:50:50 signal_handlers:60] Start subscribe setting change
2026-07-02 13:50:50 [DEBU] Start subscribe for expire node assets id mapping from memory
[D 260702 13:50:50 applet:98] Start subscribe for expire node assets id mapping from memory
[I 260702 13:50:59 command:168] Visit me at http://0.0.0.0:5555//core/flower/
[I 260702 13:50:59 command:176] Broker: redis://redis:6379/3
[I 260702 13:50:59 command:177] Registered tasks: 
    ['accounts.tasks.automation.clean_change_secret_and_push_record_period',
     'accounts.tasks.automation.execute_account_automation_task',
     'accounts.tasks.automation.execute_automation_record_task',
     'accounts.tasks.push_account.change_secret_accounts_to_assets_task',
     'accounts.tasks.push_account.push_accounts_to_assets_task',
     'accounts.tasks.remove_account.clean_historical_accounts',
     'accounts.tasks.remove_account.remove_accounts_task',
     'accounts.tasks.template.template_sync_related_accounts',
     'accounts.tasks.vault.sync_secret_to_vault',
     'accounts.tasks.verify_account.verify_accounts_connectivity_task',
     'assets.tasks.automation.execute_asset_automation_task',
     'assets.tasks.gather_facts.gather_assets_facts_task',
     'assets.tasks.nodes_amount.check_node_assets_amount_period_task',
     'assets.tasks.nodes_amount.check_node_assets_amount_task',
     'assets.tasks.ping.test_assets_connectivity_task',
     'assets.tasks.ping_gateway.test_gateways_connectivity_task',
     'audits.tasks.clean_audits_log_period',
     'audits.tasks.upload_ftp_file_to_external_storage',
     'authentication.tasks.clean_django_sessions',
     'authentication.tasks.clean_expire_token',
     'celery.accumulate',
     'celery.backend_cleanup',
     'celery.chain',
     'celery.chord',
     'celery.chord_unlock',
     'celery.chunks',
     'celery.group',
     'celery.map',
     'celery.starmap',
     'common.tasks.send_mail_async',
     'common.tasks.send_mail_attachment_async',
     'common.tasks.upload_backup_to_obj_storage',
     'common.utils.verify_code.send_sms_async',
     'notifications.notifications.publish_task',
     'ops.tasks.check_server_performance_period',
     'ops.tasks.clean_celery_periodic_tasks',
     'ops.tasks.clean_job_execution_period',
     'ops.tasks.clean_up_unexpected_jobs',
     'ops.tasks.create_or_update_registered_periodic_tasks',
     'ops.tasks.run_ops_job',
     'ops.tasks.run_ops_job_execution',
     'orgs.tasks.refresh_org_cache_task',
     'perms.tasks.check_asset_permission_expired',
     'perms.tasks.check_asset_permission_will_expired',
     'settings.tasks.ldap.import_ldap_ha_user',
     'settings.tasks.ldap.import_ldap_ha_user_periodic',
     'settings.tasks.ldap.import_ldap_user',
     'settings.tasks.ldap.import_ldap_user_periodic',
     'terminal.tasks.applet_host_generate_accounts',
     'terminal.tasks.check_command_replay_storage_connectivity',
     'terminal.tasks.clean_orphan_session',
     'terminal.tasks.delete_terminal_status_period',
     'terminal.tasks.run_applet_host_deployment',
     'terminal.tasks.run_applet_host_deployment_install_applet',
     'terminal.tasks.run_applet_host_deployment_uninstall_applet',
     'terminal.tasks.upload_session_replay_file_to_external_storage',
     'terminal.tasks.upload_session_replay_to_external_storage',
     'users.signal_handlers.clean_expired_user_session_period',
     'users.tasks.check_password_expired',
     'users.tasks.check_password_expired_periodic',
     'users.tasks.check_unused_users',
     'users.tasks.check_user_expired',
     'users.tasks.check_user_expired_periodic']
[I 260702 13:50:59 mixins:228] Connected to redis://redis:6379/3
2026-07-02 15:21:10 [ERRO] Consume msg error: Connection closed by server.
2026-07-02 15:21:10 [ERRO] Consume msg error: Connection closed by server.
2026-07-02 15:21:10 [ERRO] Consume msg error: Connection closed by server.
[E 260702 15:21:10 connection:85] Consume msg error: Connection closed by server.
2026-07-02 15:21:10 [ERRO] Consume msg error: Connection closed by server.
[E 260702 15:21:10 connection:85] Consume msg error: Connection closed by server.
2026-07-02 15:21:10 [ERRO] Consume msg error: Connection closed by server.
[E 260702 15:21:10 connection:85] Consume msg error: Connection closed by server.
2026-07-02 15:21:11 [ERRO] Consume msg error: Connection closed by server.
[E 260702 15:21:10 connection:85] Consume msg error: Connection closed by server.
2026-07-02 15:21:11 [INFO] Retry subscribe channel: fm.applet_host_change
[E 260702 15:21:10 connection:85] Consume msg error: Connection closed by server.
[I 260702 15:21:11 connection:115] Retry subscribe channel: fm.applet_host_change
2026-07-02 15:21:12 [INFO] Retry subscribe channel: refresh_vault
[E 260702 15:21:11 connection:85] Consume msg error: Connection closed by server.
2026-07-02 15:21:12 [INFO] Retry subscribe channel: fm.job_execution_stop
2026-07-02 15:21:12 [INFO] Retry subscribe channel: fm.orgs_mapping
2026-07-02 15:21:12 [INFO] Retry subscribe channel: settings
[I 260702 15:21:12 connection:115] Retry subscribe channel: refresh_vault
[I 260702 15:21:12 connection:115] Retry subscribe channel: fm.job_execution_stop
2026-07-02 15:21:12 [INFO] Unsubscribed from channel: <redis.client.PubSub object at 0x7b45e5b2f110>
2026-07-02 15:21:12 [INFO] Unsubscribed from channel: <redis.client.PubSub object at 0x7b45e5b2cd90>
2026-07-02 15:21:12 [INFO] Unsubscribed from channel: <redis.client.PubSub object at 0x7b45e5cdb710>
[I 260702 15:21:12 connection:115] Retry subscribe channel: fm.orgs_mapping
2026-07-02 15:21:12 [INFO] Unsubscribed from channel: <redis.client.PubSub object at 0x7b45e5c6b410>
[I 260702 15:21:12 connection:115] Retry subscribe channel: settings
[I 260702 15:21:12 connection:108] Unsubscribed from channel: <redis.client.PubSub object at 0x7b45e5b2f110>
2026-07-02 15:21:12 [INFO] Unsubscribed from channel: <redis.client.PubSub object at 0x7b45e5c1db50>
[I 260702 15:21:12 connection:108] Unsubscribed from channel: <redis.client.PubSub object at 0x7b45e5b2cd90>
[I 260702 15:21:12 connection:108] Unsubscribed from channel: <redis.client.PubSub object at 0x7b45e5cdb710>
2026-07-02 15:21:12 [INFO] Retry subscribe channel: fm.node_asset_mapping
[I 260702 15:21:12 connection:108] Unsubscribed from channel: <redis.client.PubSub object at 0x7b45e5c6b410>
[I 260702 15:21:12 connection:108] Unsubscribed from channel: <redis.client.PubSub object at 0x7b45e5c1db50>
[I 260702 15:21:12 connection:115] Retry subscribe channel: fm.node_asset_mapping
2026-07-02 15:21:12 [INFO] Unsubscribed from channel: <redis.client.PubSub object at 0x7b45e5cdad10>
[I 260702 15:21:12 connection:108] Unsubscribed from channel: <redis.client.PubSub object at 0x7b45e5cdad10>
[E 260702 15:21:13 events:191] Failed to capture events: 'Connection closed by server.', trying again in 1 seconds.
2026-07-02 15:21:14 [ERRO] Retry #0 refresh_vault subscribe channel error: Error -2 connecting to redis:6379. Name or service not known.
2026-07-02 15:21:14 [ERRO] Retry #0 fm.orgs_mapping subscribe channel error: Error -2 connecting to redis:6379. Name or service not known.
[E 260702 15:21:14 connection:124] Retry #0 refresh_vault subscribe channel error: Error -2 connecting to redis:6379. Name or service not known.
[E 260702 15:21:14 connection:124] Retry #0 fm.orgs_mapping subscribe channel error: Error -2 connecting to redis:6379. Name or service not known.
2026-07-02 15:21:14 [ERRO] Retry #0 settings subscribe channel error: Error -2 connecting to redis:6379. Name or service not known.
2026-07-02 15:21:14 [ERRO] Retry #0 fm.job_execution_stop subscribe channel error: Error -2 connecting to redis:6379. Name or service not known.
[E 260702 15:21:14 connection:124] Retry #0 settings subscribe channel error: Error -2 connecting to redis:6379. Name or service not known.
[E 260702 15:21:14 connection:124] Retry #0 fm.job_execution_stop subscribe channel error: Error -2 connecting to redis:6379. Name or service not known.
2026-07-02 15:26:44 [INFO] init sqlite db /opt/jumpserver/data/system/leak_passwords.db
[I 260702 15:26:44 models:227] init sqlite db /opt/jumpserver/data/system/leak_passwords.db
2026-07-02 15:26:44 [DEBU] Start subscribe for expire orgs mapping from memory
[D 260702 15:26:44 common:42] Start subscribe for expire orgs mapping from memory
2026-07-02 15:26:45 [DEBU] Start subscribe for expire node assets id mapping from memory
[D 260702 15:26:45 node_assets_mapping:63] Start subscribe for expire node assets id mapping from memory
2026-07-02 15:26:46 [DEBU] Start subscribe vault change
[D 260702 15:26:46 signal_handlers:109] Start subscribe vault change
2026-07-02 15:26:46 [INFO] Start subscribe for stop job execution
[I 260702 15:26:46 signal_handlers:169] Start subscribe for stop job execution
2026-07-02 15:26:46 [DEBU] Start subscribe setting change
[D 260702 15:26:46 signal_handlers:60] Start subscribe setting change
2026-07-02 15:26:46 [DEBU] Start subscribe for expire node assets id mapping from memory
[D 260702 15:26:46 applet:98] Start subscribe for expire node assets id mapping from memory
[I 260702 15:26:55 command:168] Visit me at http://0.0.0.0:5555//core/flower/
[I 260702 15:26:55 command:176] Broker: redis://redis:6379/3
[I 260702 15:26:55 command:177] Registered tasks: 
    ['accounts.tasks.automation.clean_change_secret_and_push_record_period',
     'accounts.tasks.automation.execute_account_automation_task',
     'accounts.tasks.automation.execute_automation_record_task',
     'accounts.tasks.push_account.change_secret_accounts_to_assets_task',
     'accounts.tasks.push_account.push_accounts_to_assets_task',
     'accounts.tasks.remove_account.clean_historical_accounts',
     'accounts.tasks.remove_account.remove_accounts_task',
     'accounts.tasks.template.template_sync_related_accounts',
     'accounts.tasks.vault.sync_secret_to_vault',
     'accounts.tasks.verify_account.verify_accounts_connectivity_task',
     'assets.tasks.automation.execute_asset_automation_task',
     'assets.tasks.gather_facts.gather_assets_facts_task',
     'assets.tasks.nodes_amount.check_node_assets_amount_period_task',
     'assets.tasks.nodes_amount.check_node_assets_amount_task',
     'assets.tasks.ping.test_assets_connectivity_task',
     'assets.tasks.ping_gateway.test_gateways_connectivity_task',
     'audits.tasks.clean_audits_log_period',
     'audits.tasks.upload_ftp_file_to_external_storage',
     'authentication.tasks.clean_django_sessions',
     'authentication.tasks.clean_expire_token',
     'celery.accumulate',
     'celery.backend_cleanup',
     'celery.chain',
     'celery.chord',
     'celery.chord_unlock',
     'celery.chunks',
     'celery.group',
     'celery.map',
     'celery.starmap',
     'common.tasks.send_mail_async',
     'common.tasks.send_mail_attachment_async',
     'common.tasks.upload_backup_to_obj_storage',
     'common.utils.verify_code.send_sms_async',
     'notifications.notifications.publish_task',
     'ops.tasks.check_server_performance_period',
     'ops.tasks.clean_celery_periodic_tasks',
     'ops.tasks.clean_job_execution_period',
     'ops.tasks.clean_up_unexpected_jobs',
     'ops.tasks.create_or_update_registered_periodic_tasks',
     'ops.tasks.run_ops_job',
     'ops.tasks.run_ops_job_execution',
     'orgs.tasks.refresh_org_cache_task',
     'perms.tasks.check_asset_permission_expired',
     'perms.tasks.check_asset_permission_will_expired',
     'settings.tasks.ldap.import_ldap_ha_user',
     'settings.tasks.ldap.import_ldap_ha_user_periodic',
     'settings.tasks.ldap.import_ldap_user',
     'settings.tasks.ldap.import_ldap_user_periodic',
     'terminal.tasks.applet_host_generate_accounts',
     'terminal.tasks.check_command_replay_storage_connectivity',
     'terminal.tasks.clean_orphan_session',
     'terminal.tasks.delete_terminal_status_period',
     'terminal.tasks.run_applet_host_deployment',
     'terminal.tasks.run_applet_host_deployment_install_applet',
     'terminal.tasks.run_applet_host_deployment_uninstall_applet',
     'terminal.tasks.upload_session_replay_file_to_external_storage',
     'terminal.tasks.upload_session_replay_to_external_storage',
     'users.signal_handlers.clean_expired_user_session_period',
     'users.tasks.check_password_expired',
     'users.tasks.check_password_expired_periodic',
     'users.tasks.check_unused_users',
     'users.tasks.check_user_expired',
     'users.tasks.check_user_expired_periodic']
[I 260702 15:26:55 mixins:228] Connected to redis://redis:6379/3
[W 260702 15:26:57 inspector:44] Inspect method scheduled failed
[W 260702 15:26:57 inspector:44] Inspect method conf failed
[W 260702 15:26:57 inspector:44] Inspect method active failed
[W 260702 15:26:57 inspector:44] Inspect method revoked failed
[W 260702 15:26:57 inspector:44] Inspect method active_queues failed
2026-07-02 15:42:30 [INFO] init sqlite db /opt/jumpserver/data/system/leak_passwords.db
[I 260702 15:42:30 models:227] init sqlite db /opt/jumpserver/data/system/leak_passwords.db
2026-07-02 15:42:30 [DEBU] Start subscribe for expire orgs mapping from memory
[D 260702 15:42:30 common:42] Start subscribe for expire orgs mapping from memory
2026-07-02 15:42:30 [DEBU] Start subscribe for expire node assets id mapping from memory
[D 260702 15:42:30 node_assets_mapping:63] Start subscribe for expire node assets id mapping from memory
2026-07-02 15:42:30 [DEBU] Start subscribe vault change
[D 260702 15:42:30 signal_handlers:109] Start subscribe vault change
2026-07-02 15:42:30 [INFO] Start subscribe for stop job execution
[I 260702 15:42:30 signal_handlers:169] Start subscribe for stop job execution
2026-07-02 15:42:30 [DEBU] Start subscribe setting change
[D 260702 15:42:30 signal_handlers:60] Start subscribe setting change
2026-07-02 15:42:30 [DEBU] Start subscribe for expire node assets id mapping from memory
[D 260702 15:42:30 applet:98] Start subscribe for expire node assets id mapping from memory
[I 260702 15:42:41 command:168] Visit me at http://0.0.0.0:5555//core/flower/
[I 260702 15:42:41 command:176] Broker: redis://redis:6379/3
[I 260702 15:42:41 command:177] Registered tasks: 
    ['accounts.tasks.automation.clean_change_secret_and_push_record_period',
     'accounts.tasks.automation.execute_account_automation_task',
     'accounts.tasks.automation.execute_automation_record_task',
     'accounts.tasks.push_account.change_secret_accounts_to_assets_task',
     'accounts.tasks.push_account.push_accounts_to_assets_task',
     'accounts.tasks.remove_account.clean_historical_accounts',
     'accounts.tasks.remove_account.remove_accounts_task',
     'accounts.tasks.template.template_sync_related_accounts',
     'accounts.tasks.vault.sync_secret_to_vault',
     'accounts.tasks.verify_account.verify_accounts_connectivity_task',
     'assets.tasks.automation.execute_asset_automation_task',
     'assets.tasks.gather_facts.gather_assets_facts_task',
     'assets.tasks.nodes_amount.check_node_assets_amount_period_task',
     'assets.tasks.nodes_amount.check_node_assets_amount_task',
     'assets.tasks.ping.test_assets_connectivity_task',
     'assets.tasks.ping_gateway.test_gateways_connectivity_task',
     'audits.tasks.clean_audits_log_period',
     'audits.tasks.upload_ftp_file_to_external_storage',
     'authentication.tasks.clean_django_sessions',
     'authentication.tasks.clean_expire_token',
     'celery.accumulate',
     'celery.backend_cleanup',
     'celery.chain',
     'celery.chord',
     'celery.chord_unlock',
     'celery.chunks',
     'celery.group',
     'celery.map',
     'celery.starmap',
     'common.tasks.send_mail_async',
     'common.tasks.send_mail_attachment_async',
     'common.tasks.upload_backup_to_obj_storage',
     'common.utils.verify_code.send_sms_async',
     'notifications.notifications.publish_task',
     'ops.tasks.check_server_performance_period',
     'ops.tasks.clean_celery_periodic_tasks',
     'ops.tasks.clean_job_execution_period',
     'ops.tasks.clean_up_unexpected_jobs',
     'ops.tasks.create_or_update_registered_periodic_tasks',
     'ops.tasks.run_ops_job',
     'ops.tasks.run_ops_job_execution',
     'orgs.tasks.refresh_org_cache_task',
     'perms.tasks.check_asset_permission_expired',
     'perms.tasks.check_asset_permission_will_expired',
     'settings.tasks.ldap.import_ldap_ha_user',
     'settings.tasks.ldap.import_ldap_ha_user_periodic',
     'settings.tasks.ldap.import_ldap_user',
     'settings.tasks.ldap.import_ldap_user_periodic',
     'terminal.tasks.applet_host_generate_accounts',
     'terminal.tasks.check_command_replay_storage_connectivity',
     'terminal.tasks.clean_orphan_session',
     'terminal.tasks.delete_terminal_status_period',
     'terminal.tasks.run_applet_host_deployment',
     'terminal.tasks.run_applet_host_deployment_install_applet',
     'terminal.tasks.run_applet_host_deployment_uninstall_applet',
     'terminal.tasks.upload_session_replay_file_to_external_storage',
     'terminal.tasks.upload_session_replay_to_external_storage',
     'users.signal_handlers.clean_expired_user_session_period',
     'users.tasks.check_password_expired',
     'users.tasks.check_password_expired_periodic',
     'users.tasks.check_unused_users',
     'users.tasks.check_user_expired',
     'users.tasks.check_user_expired_periodic']
[I 260702 15:42:41 mixins:228] Connected to redis://redis:6379/3
2026-07-02 16:38:41 [ERRO] Consume msg error: Connection closed by server.
2026-07-02 16:38:41 [ERRO] Consume msg error: Connection closed by server.
2026-07-02 16:38:41 [ERRO] Consume msg error: Connection closed by server.
2026-07-02 16:38:41 [ERRO] Consume msg error: Connection closed by server.
2026-07-02 16:38:41 [ERRO] Consume msg error: Connection closed by server.
2026-07-02 16:38:41 [ERRO] Consume msg error: Connection closed by server.
[E 260702 16:38:41 connection:85] Consume msg error: Connection closed by server.
[E 260702 16:38:41 connection:85] Consume msg error: Connection closed by server.
[E 260702 16:38:41 connection:85] Consume msg error: Connection closed by server.
[E 260702 16:38:41 connection:85] Consume msg error: Connection closed by server.
2026-07-02 16:38:42 [INFO] Retry subscribe channel: fm.orgs_mapping
[E 260702 16:38:41 connection:85] Consume msg error: Connection closed by server.
2026-07-02 16:38:42 [INFO] Retry subscribe channel: refresh_vault
[E 260702 16:38:41 connection:85] Consume msg error: Connection closed by server.
2026-07-02 16:38:42 [INFO] Retry subscribe channel: fm.applet_host_change
[E 260702 16:38:42 events:191] Failed to capture events: 'Connection closed by server.', trying again in 1 seconds.
2026-07-02 16:38:42 [INFO] Retry subscribe channel: fm.job_execution_stop
[I 260702 16:38:42 connection:115] Retry subscribe channel: fm.orgs_mapping
2026-07-02 16:38:42 [INFO] Retry subscribe channel: fm.node_asset_mapping
[I 260702 16:38:42 connection:115] Retry subscribe channel: refresh_vault
2026-07-02 16:38:42 [INFO] Retry subscribe channel: settings
2026-07-02 16:38:42 [INFO] Unsubscribed from channel: <redis.client.PubSub object at 0x7a9298a20710>
[I 260702 16:38:42 connection:115] Retry subscribe channel: fm.applet_host_change
[I 260702 16:38:42 connection:115] Retry subscribe channel: fm.job_execution_stop
[I 260702 16:38:42 connection:115] Retry subscribe channel: fm.node_asset_mapping
2026-07-02 16:38:42 [INFO] Unsubscribed from channel: <redis.client.PubSub object at 0x7a9298a22710>
[I 260702 16:38:42 connection:115] Retry subscribe channel: settings
2026-07-02 16:38:42 [INFO] Unsubscribed from channel: <redis.client.PubSub object at 0x7a9298a68d10>
[I 260702 16:38:42 connection:108] Unsubscribed from channel: <redis.client.PubSub object at 0x7a9298a20710>
2026-07-02 16:38:42 [INFO] Unsubscribed from channel: <redis.client.PubSub object at 0x7a9298a64090>
[I 260702 16:38:42 connection:108] Unsubscribed from channel: <redis.client.PubSub object at 0x7a9298a22710>
2026-07-02 16:38:42 [INFO] Unsubscribed from channel: <redis.client.PubSub object at 0x7a9298a22890>
[I 260702 16:38:42 connection:108] Unsubscribed from channel: <redis.client.PubSub object at 0x7a9298a68d10>
2026-07-02 16:38:42 [INFO] Unsubscribed from channel: <redis.client.PubSub object at 0x7a9298a67450>
[I 260702 16:38:42 connection:108] Unsubscribed from channel: <redis.client.PubSub object at 0x7a9298a64090>
[I 260702 16:38:42 connection:108] Unsubscribed from channel: <redis.client.PubSub object at 0x7a9298a22890>
[I 260702 16:38:42 connection:108] Unsubscribed from channel: <redis.client.PubSub object at 0x7a9298a67450>
2026-07-02 16:40:36 [INFO] init sqlite db /opt/jumpserver/data/system/leak_passwords.db
[I 260702 16:40:36 models:227] init sqlite db /opt/jumpserver/data/system/leak_passwords.db
2026-07-02 16:40:36 [DEBU] Start subscribe for expire orgs mapping from memory
[D 260702 16:40:36 common:42] Start subscribe for expire orgs mapping from memory
2026-07-02 16:40:36 [DEBU] Start subscribe for expire node assets id mapping from memory
[D 260702 16:40:36 node_assets_mapping:63] Start subscribe for expire node assets id mapping from memory
2026-07-02 16:40:36 [DEBU] Start subscribe vault change
[D 260702 16:40:36 signal_handlers:109] Start subscribe vault change
2026-07-02 16:40:37 [INFO] Start subscribe for stop job execution
[I 260702 16:40:37 signal_handlers:169] Start subscribe for stop job execution
2026-07-02 16:40:37 [DEBU] Start subscribe setting change
[D 260702 16:40:37 signal_handlers:60] Start subscribe setting change
2026-07-02 16:40:37 [DEBU] Start subscribe for expire node assets id mapping from memory
[D 260702 16:40:37 applet:98] Start subscribe for expire node assets id mapping from memory
[I 260702 16:40:46 command:168] Visit me at http://0.0.0.0:5555//core/flower/
[I 260702 16:40:47 command:176] Broker: redis://redis:6379/3
[I 260702 16:40:47 command:177] Registered tasks: 
    ['accounts.tasks.automation.clean_change_secret_and_push_record_period',
     'accounts.tasks.automation.execute_account_automation_task',
     'accounts.tasks.automation.execute_automation_record_task',
     'accounts.tasks.push_account.change_secret_accounts_to_assets_task',
     'accounts.tasks.push_account.push_accounts_to_assets_task',
     'accounts.tasks.remove_account.clean_historical_accounts',
     'accounts.tasks.remove_account.remove_accounts_task',
     'accounts.tasks.template.template_sync_related_accounts',
     'accounts.tasks.vault.sync_secret_to_vault',
     'accounts.tasks.verify_account.verify_accounts_connectivity_task',
     'assets.tasks.automation.execute_asset_automation_task',
     'assets.tasks.gather_facts.gather_assets_facts_task',
     'assets.tasks.nodes_amount.check_node_assets_amount_period_task',
     'assets.tasks.nodes_amount.check_node_assets_amount_task',
     'assets.tasks.ping.test_assets_connectivity_task',
     'assets.tasks.ping_gateway.test_gateways_connectivity_task',
     'audits.tasks.clean_audits_log_period',
     'audits.tasks.upload_ftp_file_to_external_storage',
     'authentication.tasks.clean_django_sessions',
     'authentication.tasks.clean_expire_token',
     'celery.accumulate',
     'celery.backend_cleanup',
     'celery.chain',
     'celery.chord',
     'celery.chord_unlock',
     'celery.chunks',
     'celery.group',
     'celery.map',
     'celery.starmap',
     'common.tasks.send_mail_async',
     'common.tasks.send_mail_attachment_async',
     'common.tasks.upload_backup_to_obj_storage',
     'common.utils.verify_code.send_sms_async',
     'notifications.notifications.publish_task',
     'ops.tasks.check_server_performance_period',
     'ops.tasks.clean_celery_periodic_tasks',
     'ops.tasks.clean_job_execution_period',
     'ops.tasks.clean_up_unexpected_jobs',
     'ops.tasks.create_or_update_registered_periodic_tasks',
     'ops.tasks.run_ops_job',
     'ops.tasks.run_ops_job_execution',
     'orgs.tasks.refresh_org_cache_task',
     'perms.tasks.check_asset_permission_expired',
     'perms.tasks.check_asset_permission_will_expired',
     'settings.tasks.ldap.import_ldap_ha_user',
     'settings.tasks.ldap.import_ldap_ha_user_periodic',
     'settings.tasks.ldap.import_ldap_user',
     'settings.tasks.ldap.import_ldap_user_periodic',
     'terminal.tasks.applet_host_generate_accounts',
     'terminal.tasks.check_command_replay_storage_connectivity',
     'terminal.tasks.clean_orphan_session',
     'terminal.tasks.delete_terminal_status_period',
     'terminal.tasks.run_applet_host_deployment',
     'terminal.tasks.run_applet_host_deployment_install_applet',
     'terminal.tasks.run_applet_host_deployment_uninstall_applet',
     'terminal.tasks.upload_session_replay_file_to_external_storage',
     'terminal.tasks.upload_session_replay_to_external_storage',
     'users.signal_handlers.clean_expired_user_session_period',
     'users.tasks.check_password_expired',
     'users.tasks.check_password_expired_periodic',
     'users.tasks.check_unused_users',
     'users.tasks.check_user_expired',
     'users.tasks.check_user_expired_periodic']
[I 260702 16:40:47 mixins:228] Connected to redis://redis:6379/3
[W 260702 16:40:49 inspector:44] Inspect method active_queues failed
[W 260702 16:40:49 inspector:44] Inspect method revoked failed
[W 260702 16:40:49 inspector:44] Inspect method stats failed
[W 260702 16:40:49 inspector:44] Inspect method registered failed
[W 260702 16:40:49 inspector:44] Inspect method conf failed
[W 260702 16:40:49 inspector:44] Inspect method scheduled failed
[W 260702 16:40:49 inspector:44] Inspect method reserved failed
2026-07-02 18:30:05 [INFO] init sqlite db /opt/jumpserver/data/system/leak_passwords.db
[I 260702 18:30:05 models:227] init sqlite db /opt/jumpserver/data/system/leak_passwords.db
2026-07-02 18:30:11 [DEBU] Start subscribe for expire orgs mapping from memory
[D 260702 18:30:11 common:42] Start subscribe for expire orgs mapping from memory
2026-07-02 18:30:11 [DEBU] Start subscribe for expire node assets id mapping from memory
[D 260702 18:30:11 node_assets_mapping:63] Start subscribe for expire node assets id mapping from memory
2026-07-02 18:30:11 [DEBU] Start subscribe vault change
[D 260702 18:30:11 signal_handlers:109] Start subscribe vault change
2026-07-02 18:30:11 [INFO] Start subscribe for stop job execution
[I 260702 18:30:11 signal_handlers:169] Start subscribe for stop job execution
2026-07-02 18:30:11 [DEBU] Start subscribe setting change
[D 260702 18:30:11 signal_handlers:60] Start subscribe setting change
2026-07-02 18:30:11 [DEBU] Start subscribe for expire node assets id mapping from memory
[D 260702 18:30:11 applet:98] Start subscribe for expire node assets id mapping from memory
2026-07-02 18:30:30 [ERRO] Consume msg error: Connection closed by server.
2026-07-02 18:30:30 [ERRO] Consume msg error: Connection closed by server.
2026-07-02 18:30:30 [ERRO] Consume msg error: Connection closed by server.
[E 260702 18:30:30 connection:85] Consume msg error: Connection closed by server.
2026-07-02 18:30:30 [INFO] Retry subscribe channel: fm.orgs_mapping
[E 260702 18:30:30 connection:85] Consume msg error: Connection closed by server.
[E 260702 18:30:30 connection:85] Consume msg error: Connection closed by server.
[I 260702 18:30:30 connection:115] Retry subscribe channel: fm.orgs_mapping
2026-07-02 18:30:30 [ERRO] Consume msg error: Connection closed by server.
[E 260702 18:30:30 connection:85] Consume msg error: Connection closed by server.
2026-07-02 18:30:31 [INFO] Retry subscribe channel: fm.node_asset_mapping
[I 260702 18:30:31 connection:115] Retry subscribe channel: fm.node_asset_mapping
2026-07-02 18:30:30 [ERRO] Consume msg error: Connection closed by server.
2026-07-02 18:30:31 [INFO] Retry subscribe channel: fm.applet_host_change
2026-07-02 18:30:31 [INFO] Retry subscribe channel: refresh_vault
2026-07-02 18:30:31 [INFO] Unsubscribed from channel: <redis.client.PubSub object at 0x7a83be9f6c50>
