2026-07-01 20:05:55 [INFO] init sqlite db /opt/jumpserver/data/system/leak_passwords.db
2026-07-01 20:05:55 [INFO] init sqlite db /opt/jumpserver/data/system/leak_passwords.db
2026-07-01 20:05:56 [DEBU] Start subscribe for expire orgs mapping from memory
2026-07-01 20:05:56 [DEBU] Start subscribe for expire node assets id mapping from memory
2026-07-01 20:05:56 [DEBU] Start subscribe vault change
2026-07-01 20:05:56 [DEBU] Start subscribe for expire orgs mapping from memory
2026-07-01 20:05:56 [DEBU] Start subscribe for expire node assets id mapping from memory
2026-07-01 20:05:56 [DEBU] Start subscribe vault change
2026-07-01 20:05:56 [INFO] Start subscribe for stop job execution
2026-07-01 20:05:56 [DEBU] Start subscribe setting change
2026-07-01 20:05:56 [DEBU] Start subscribe for expire node assets id mapping from memory
2026-07-01 20:05:56 [INFO] Start subscribe for stop job execution
2026-07-01 20:05:56 [DEBU] Start subscribe setting change
2026-07-01 20:05:56 [DEBU] Start subscribe for expire node assets id mapping from memory
2026-07-01 20:06:26 [INFO] init sqlite db /opt/jumpserver/data/system/leak_passwords.db
2026-07-01 20:06:26 [DEBU] Start subscribe for expire orgs mapping from memory
2026-07-01 20:06:26 [DEBU] Start subscribe for expire node assets id mapping from memory
2026-07-01 20:06:26 [DEBU] Start subscribe vault change
2026-07-01 20:06:27 [INFO] Start subscribe for stop job execution
2026-07-01 20:06:27 [DEBU] Start subscribe setting change
2026-07-01 20:06:27 [DEBU] Start subscribe for expire node assets id mapping from memory
2026-07-01 20:06:42 [DEBU] Recv asset nodes changed signal, expire memery node asset mapping
2026-07-01 20:06:42 [DEBU] Recv asset nodes changed signal, expire memery node asset mapping
2026-07-01 20:06:42 [DEBU] Recv asset nodes changed signal, expire memery node asset mapping
2026-07-01 20:06:42 [INFO] init sqlite db /opt/jumpserver/data/system/leak_passwords.db
2026-07-01 20:06:42 [DEBU] Start subscribe for expire orgs mapping from memory
2026-07-01 20:06:42 [DEBU] Start subscribe for expire node assets id mapping from memory
2026-07-01 20:06:42 [DEBU] Start subscribe vault change
2026-07-01 20:06:42 [INFO] Start subscribe for stop job execution
2026-07-01 20:06:42 [DEBU] Start subscribe setting change
2026-07-01 20:06:42 [DEBU] Start subscribe for expire node assets id mapping from memory
2026-07-01 20:06:51 [INFO] init sqlite db /opt/jumpserver/data/system/leak_passwords.db
2026-07-01 20:06:51 [DEBU] Start subscribe for expire orgs mapping from memory
2026-07-01 20:06:51 [DEBU] Start subscribe for expire node assets id mapping from memory
2026-07-01 20:06:51 [DEBU] Start subscribe vault change
2026-07-01 20:06:51 [INFO] Start subscribe for stop job execution
2026-07-01 20:06:51 [DEBU] Start subscribe setting change
2026-07-01 20:06:51 [DEBU] Start subscribe for expire node assets id mapping from memory
2026-07-01 20:06:52 [INFO] init sqlite db /opt/jumpserver/data/system/leak_passwords.db
2026-07-01 20:06:52 [DEBU] Start subscribe for expire orgs mapping from memory
2026-07-01 20:06:52 [DEBU] Start subscribe for expire node assets id mapping from memory
2026-07-01 20:06:52 [DEBU] Start subscribe vault change
2026-07-01 20:06:52 [INFO] Start subscribe for stop job execution
2026-07-01 20:06:52 [DEBU] Start subscribe setting change
2026-07-01 20:06:52 [DEBU] Start subscribe for expire node assets id mapping from memory
2026-07-01 20:07:05 [INFO] init sqlite db /opt/jumpserver/data/system/leak_passwords.db
2026-07-01 20:07:05 [DEBU] Start subscribe for expire orgs mapping from memory
2026-07-01 20:07:05 [DEBU] Start subscribe for expire node assets id mapping from memory
2026-07-01 20:07:05 [DEBU] Start subscribe vault change
2026-07-01 20:07:05 [INFO] Start subscribe for stop job execution
2026-07-01 20:07:05 [DEBU] Start subscribe setting change
2026-07-01 20:07:05 [DEBU] Start subscribe for expire node assets id mapping from memory
2026-07-01 20:07:29 [INFO] init sqlite db /opt/jumpserver/data/system/leak_passwords.db
2026-07-01 20:07:29 [DEBU] Start subscribe for expire orgs mapping from memory
2026-07-01 20:07:29 [DEBU] Start subscribe for expire node assets id mapping from memory
2026-07-01 20:07:29 [DEBU] Start subscribe vault change
2026-07-01 20:07:30 [INFO] Start subscribe for stop job execution
2026-07-01 20:07:30 [DEBU] Start subscribe setting change
2026-07-01 20:07:30 [DEBU] Start subscribe for expire node assets id mapping from memory
2026-07-01 20:07:42 [DEBU] Recv asset nodes changed signal, expire memery node asset mapping
2026-07-01 20:07:42 [DEBU] Recv asset nodes changed signal, expire memery node asset mapping
2026-07-01 20:07:42 [DEBU] Recv asset nodes changed signal, expire memery node asset mapping
2026-07-01 20:07:50 [INFO] init sqlite db /opt/jumpserver/data/system/leak_passwords.db
2026-07-01 20:07:50 [DEBU] Start subscribe for expire orgs mapping from memory
2026-07-01 20:07:50 [DEBU] Start subscribe for expire node assets id mapping from memory
2026-07-01 20:07:50 [DEBU] Start subscribe vault change
2026-07-01 20:07:50 [INFO] Start subscribe for stop job execution
2026-07-01 20:07:50 [DEBU] Start subscribe setting change
2026-07-01 20:07:50 [DEBU] Start subscribe for expire node assets id mapping from memory
2026-07-01 20:08:02 [INFO] init sqlite db /opt/jumpserver/data/system/leak_passwords.db
2026-07-01 20:08:02 [DEBU] Start subscribe for expire orgs mapping from memory
2026-07-01 20:08:02 [DEBU] Start subscribe for expire node assets id mapping from memory
2026-07-01 20:08:02 [DEBU] Start subscribe vault change
2026-07-01 20:08:02 [INFO] Start subscribe for stop job execution
2026-07-01 20:08:02 [DEBU] Start subscribe setting change
2026-07-01 20:08:02 [DEBU] Start subscribe for expire node assets id mapping from memory
2026-07-01 20:08:02 [INFO] init sqlite db /opt/jumpserver/data/system/leak_passwords.db
2026-07-01 20:08:03 [DEBU] Start subscribe for expire orgs mapping from memory
2026-07-01 20:08:03 [DEBU] Start subscribe for expire node assets id mapping from memory
2026-07-01 20:08:03 [DEBU] Start subscribe vault change
2026-07-01 20:08:03 [INFO] Start subscribe for stop job execution
2026-07-01 20:08:03 [DEBU] Start subscribe setting change
2026-07-01 20:08:03 [DEBU] Start subscribe for expire node assets id mapping from memory
2026-07-01 20:08:11 [INFO] init sqlite db /opt/jumpserver/data/system/leak_passwords.db
2026-07-01 20:08:12 [DEBU] Start subscribe for expire orgs mapping from memory
2026-07-01 20:08:12 [DEBU] Start subscribe for expire node assets id mapping from memory
2026-07-01 20:08:12 [DEBU] Start subscribe vault change
2026-07-01 20:08:12 [INFO] Start subscribe for stop job execution
2026-07-01 20:08:12 [DEBU] Start subscribe setting change
2026-07-01 20:08:12 [DEBU] Start subscribe for expire node assets id mapping from memory
2026-07-01 20:08:21 [INFO] init sqlite db /opt/jumpserver/data/system/leak_passwords.db
2026-07-01 20:08:21 [DEBU] Start subscribe for expire orgs mapping from memory
2026-07-01 20:08:21 [DEBU] Start subscribe for expire node assets id mapping from memory
2026-07-01 20:08:21 [DEBU] Start subscribe vault change
2026-07-01 20:08:21 [INFO] Start subscribe for stop job execution
2026-07-01 20:08:21 [DEBU] Start subscribe setting change
2026-07-01 20:08:21 [DEBU] Start subscribe for expire node assets id mapping from memory
2026-07-01 20:08:21 [DEBU] Recv asset nodes changed signal, expire memery node asset mapping
2026-07-01 20:08:21 [DEBU] Recv asset nodes changed signal, expire memery node asset mapping
2026-07-01 20:08:21 [DEBU] Recv asset nodes changed signal, expire memery node asset mapping
2026-07-01 20:08:36 [INFO] init sqlite db /opt/jumpserver/data/system/leak_passwords.db
2026-07-01 20:08:36 [INFO] init sqlite db /opt/jumpserver/data/system/leak_passwords.db
2026-07-01 20:08:36 [DEBU] Start subscribe for expire orgs mapping from memory
2026-07-01 20:08:36 [DEBU] Start subscribe for expire orgs mapping from memory
2026-07-01 20:08:36 [DEBU] Start subscribe for expire node assets id mapping from memory
2026-07-01 20:08:36 [DEBU] Start subscribe vault change
2026-07-01 20:08:36 [DEBU] Start subscribe vault change
2026-07-01 20:08:37 [INFO] Start subscribe for stop job execution
2026-07-01 20:08:37 [DEBU] Start subscribe setting change
2026-07-01 20:08:37 [DEBU] Start subscribe for expire node assets id mapping from memory
2026-07-01 20:08:37 [INFO] Start subscribe for stop job execution
2026-07-01 20:08:37 [DEBU] Start subscribe setting change
2026-07-01 20:08:37 [DEBU] Start subscribe for expire node assets id mapping from memory
2026-07-01 20:08:49 [INFO] init sqlite db /opt/jumpserver/data/system/leak_passwords.db
2026-07-01 20:08:50 [DEBU] Start subscribe for expire orgs mapping from memory
2026-07-01 20:08:50 [DEBU] Start subscribe for expire node assets id mapping from memory
2026-07-01 20:08:50 [DEBU] Start subscribe vault change
2026-07-01 20:08:50 [INFO] Start subscribe for stop job execution
2026-07-01 20:08:50 [DEBU] Start subscribe setting change
2026-07-01 20:08:50 [DEBU] Start subscribe for expire node assets id mapping from memory
2026-07-01 20:08:58 [INFO] init sqlite db /opt/jumpserver/data/system/leak_passwords.db
2026-07-01 20:08:58 [DEBU] Start subscribe for expire orgs mapping from memory
2026-07-01 20:08:58 [DEBU] Start subscribe for expire node assets id mapping from memory
2026-07-01 20:08:58 [DEBU] Start subscribe vault change
2026-07-01 20:08:58 [INFO] Start subscribe for stop job execution
2026-07-01 20:08:58 [DEBU] Start subscribe setting change
2026-07-01 20:08:58 [DEBU] Start subscribe for expire node assets id mapping from memory
2026-07-01 20:08:58 [DEBU] Recv asset nodes changed signal, expire memery node asset mapping
2026-07-01 20:08:58 [DEBU] Recv asset nodes changed signal, expire memery node asset mapping
2026-07-01 20:08:58 [DEBU] Recv asset nodes changed signal, expire memery node asset mapping
2026-07-01 20:09:10 [INFO] init sqlite db /opt/jumpserver/data/system/leak_passwords.db
2026-07-01 20:09:10 [INFO] init sqlite db /opt/jumpserver/data/system/leak_passwords.db
2026-07-01 20:09:10 [DEBU] Start subscribe for expire orgs mapping from memory
2026-07-01 20:09:10 [DEBU] Start subscribe for expire node assets id mapping from memory
2026-07-01 20:09:10 [DEBU] Start subscribe for expire orgs mapping from memory
2026-07-01 20:09:10 [DEBU] Start subscribe vault change
2026-07-01 20:09:10 [DEBU] Start subscribe for expire node assets id mapping from memory
2026-07-01 20:09:10 [DEBU] Start subscribe vault change
2026-07-01 20:09:10 [INFO] Start subscribe for stop job execution
2026-07-01 20:09:10 [DEBU] Start subscribe setting change
2026-07-01 20:09:10 [DEBU] Start subscribe for expire node assets id mapping from memory
2026-07-01 20:09:10 [DEBU] Start subscribe setting change
2026-07-01 20:09:10 [DEBU] Start subscribe for expire node assets id mapping from memory
2026-07-01 20:09:23 [INFO] init sqlite db /opt/jumpserver/data/system/leak_passwords.db
2026-07-01 20:09:23 [DEBU] Start subscribe for expire orgs mapping from memory
2026-07-01 20:09:23 [DEBU] Start subscribe for expire node assets id mapping from memory
2026-07-01 20:09:23 [DEBU] Start subscribe vault change
2026-07-01 20:09:23 [INFO] Start subscribe for stop job execution
2026-07-01 20:09:23 [DEBU] Start subscribe setting change
2026-07-01 20:09:23 [DEBU] Start subscribe for expire node assets id mapping from memory
2026-07-01 20:09:35 [INFO] init sqlite db /opt/jumpserver/data/system/leak_passwords.db
2026-07-01 20:09:35 [DEBU] Start subscribe for expire orgs mapping from memory
2026-07-01 20:09:35 [DEBU] Start subscribe for expire node assets id mapping from memory
2026-07-01 20:09:35 [DEBU] Start subscribe vault change
2026-07-01 20:09:35 [INFO] Start subscribe for stop job execution
2026-07-01 20:09:35 [DEBU] Start subscribe setting change
2026-07-01 20:09:35 [DEBU] Start subscribe for expire node assets id mapping from memory
2026-07-01 20:09:37 [DEBU] Recv asset nodes changed signal, expire memery node asset mapping
2026-07-01 20:09:37 [DEBU] Recv asset nodes changed signal, expire memery node asset mapping
2026-07-01 20:09:37 [DEBU] Recv asset nodes changed signal, expire memery node asset mapping
2026-07-01 20:09:44 [INFO] init sqlite db /opt/jumpserver/data/system/leak_passwords.db
2026-07-01 20:09:44 [DEBU] Start subscribe for expire orgs mapping from memory
2026-07-01 20:09:44 [DEBU] Start subscribe for expire node assets id mapping from memory
2026-07-01 20:09:44 [DEBU] Start subscribe vault change
2026-07-01 20:09:45 [INFO] Start subscribe for stop job execution
2026-07-01 20:09:45 [DEBU] Start subscribe setting change
2026-07-01 20:09:45 [DEBU] Start subscribe for expire node assets id mapping from memory
2026-07-01 20:09:49 [INFO] init sqlite db /opt/jumpserver/data/system/leak_passwords.db
2026-07-01 20:09:49 [DEBU] Start subscribe for expire orgs mapping from memory
2026-07-01 20:09:49 [DEBU] Start subscribe for expire node assets id mapping from memory
2026-07-01 20:09:49 [DEBU] Start subscribe vault change
2026-07-01 20:09:49 [INFO] Start subscribe for stop job execution
2026-07-01 20:09:49 [DEBU] Start subscribe setting change
2026-07-01 20:09:49 [DEBU] Start subscribe for expire node assets id mapping from memory
2026-07-01 20:09:53 [INFO] init sqlite db /opt/jumpserver/data/system/leak_passwords.db
2026-07-01 20:09:53 [DEBU] Start subscribe for expire orgs mapping from memory
2026-07-01 20:09:53 [DEBU] Start subscribe for expire node assets id mapping from memory
2026-07-01 20:09:53 [DEBU] Start subscribe vault change
2026-07-01 20:09:53 [INFO] Start subscribe for stop job execution
2026-07-01 20:09:53 [DEBU] Start subscribe setting change
2026-07-01 20:09:53 [DEBU] Start subscribe for expire node assets id mapping from memory
2026-07-01 20:10:06 [INFO] init sqlite db /opt/jumpserver/data/system/leak_passwords.db
2026-07-01 20:10:06 [DEBU] Start subscribe for expire orgs mapping from memory
2026-07-01 20:10:06 [DEBU] Start subscribe for expire node assets id mapping from memory
2026-07-01 20:10:06 [DEBU] Start subscribe vault change
2026-07-01 20:10:06 [INFO] Start subscribe for stop job execution
2026-07-01 20:10:06 [DEBU] Start subscribe setting change
2026-07-01 20:10:06 [DEBU] Start subscribe for expire node assets id mapping from memory
2026-07-01 20:10:06 [DEBU] Recv asset nodes changed signal, expire memery node asset mapping
2026-07-01 20:10:06 [DEBU] Recv asset nodes changed signal, expire memery node asset mapping
2026-07-01 20:10:06 [DEBU] Recv asset nodes changed signal, expire memery node asset mapping
2026-07-01 20:10:15 [INFO] init sqlite db /opt/jumpserver/data/system/leak_passwords.db
2026-07-01 20:10:15 [DEBU] Start subscribe for expire orgs mapping from memory
2026-07-01 20:10:15 [DEBU] Start subscribe for expire node assets id mapping from memory
2026-07-01 20:10:15 [DEBU] Start subscribe vault change
2026-07-01 20:10:15 [INFO] Start subscribe for stop job execution
2026-07-01 20:10:15 [DEBU] Start subscribe setting change
2026-07-01 20:10:15 [DEBU] Start subscribe for expire node assets id mapping from memory
2026-07-01 20:10:16 [INFO] init sqlite db /opt/jumpserver/data/system/leak_passwords.db
2026-07-01 20:10:16 [DEBU] Start subscribe for expire orgs mapping from memory
2026-07-01 20:10:16 [DEBU] Start subscribe for expire node assets id mapping from memory
2026-07-01 20:10:16 [DEBU] Start subscribe vault change
2026-07-01 20:10:16 [INFO] Start subscribe for stop job execution
2026-07-01 20:10:16 [DEBU] Start subscribe setting change
2026-07-01 20:10:16 [DEBU] Start subscribe for expire node assets id mapping from memory
2026-07-01 20:10:23 [INFO] init sqlite db /opt/jumpserver/data/system/leak_passwords.db
2026-07-01 20:10:23 [DEBU] Start subscribe for expire orgs mapping from memory
2026-07-01 20:10:23 [DEBU] Start subscribe for expire node assets id mapping from memory
2026-07-01 20:10:23 [DEBU] Start subscribe vault change
2026-07-01 20:10:23 [INFO] Start subscribe for stop job execution
2026-07-01 20:10:23 [DEBU] Start subscribe setting change
2026-07-01 20:10:23 [DEBU] Start subscribe for expire node assets id mapping from memory
2026-07-01 20:10:36 [DEBU] Recv asset nodes changed signal, expire memery node asset mapping
2026-07-01 20:10:36 [DEBU] Recv asset nodes changed signal, expire memery node asset mapping
2026-07-01 20:10:36 [DEBU] Recv asset nodes changed signal, expire memery node asset mapping
2026-07-01 20:10:39 [INFO] init sqlite db /opt/jumpserver/data/system/leak_passwords.db
2026-07-01 20:10:39 [DEBU] Start subscribe for expire orgs mapping from memory
2026-07-01 20:10:39 [DEBU] Start subscribe for expire node assets id mapping from memory
2026-07-01 20:10:39 [DEBU] Start subscribe vault change
2026-07-01 20:10:39 [INFO] Start subscribe for stop job execution
2026-07-01 20:10:39 [DEBU] Start subscribe setting change
2026-07-01 20:10:39 [DEBU] Start subscribe for expire node assets id mapping from memory
2026-07-01 20:10:46 [INFO] init sqlite db /opt/jumpserver/data/system/leak_passwords.db
2026-07-01 20:10:46 [DEBU] Start subscribe for expire orgs mapping from memory
2026-07-01 20:10:46 [DEBU] Start subscribe for expire node assets id mapping from memory
2026-07-01 20:10:46 [DEBU] Start subscribe vault change
2026-07-01 20:10:46 [INFO] Start subscribe for stop job execution
2026-07-01 20:10:46 [DEBU] Start subscribe setting change
2026-07-01 20:10:46 [DEBU] Start subscribe for expire node assets id mapping from memory
2026-07-01 20:10:47 [INFO] init sqlite db /opt/jumpserver/data/system/leak_passwords.db
2026-07-01 20:10:47 [DEBU] Start subscribe for expire orgs mapping from memory
2026-07-01 20:10:47 [DEBU] Start subscribe for expire node assets id mapping from memory
2026-07-01 20:10:47 [DEBU] Start subscribe vault change
2026-07-01 20:10:47 [INFO] Start subscribe for stop job execution
2026-07-01 20:10:47 [DEBU] Start subscribe setting change
2026-07-01 20:10:47 [DEBU] Start subscribe for expire node assets id mapping from memory
2026-07-01 20:10:56 [INFO] init sqlite db /opt/jumpserver/data/system/leak_passwords.db
2026-07-01 20:10:56 [DEBU] Start subscribe for expire orgs mapping from memory
2026-07-01 20:10:56 [DEBU] Start subscribe for expire node assets id mapping from memory
2026-07-01 20:10:56 [DEBU] Start subscribe vault change
2026-07-01 20:10:56 [INFO] Start subscribe for stop job execution
2026-07-01 20:10:56 [DEBU] Start subscribe setting change
2026-07-01 20:10:56 [DEBU] Start subscribe for expire node assets id mapping from memory
2026-07-01 20:10:59 [DEBU] Recv asset nodes changed signal, expire memery node asset mapping
2026-07-01 20:10:59 [DEBU] Recv asset nodes changed signal, expire memery node asset mapping
2026-07-01 20:10:59 [DEBU] Recv asset nodes changed signal, expire memery node asset mapping
2026-07-01 20:11:11 [INFO] init sqlite db /opt/jumpserver/data/system/leak_passwords.db
2026-07-01 20:11:11 [DEBU] Start subscribe for expire orgs mapping from memory
2026-07-01 20:11:11 [DEBU] Start subscribe for expire node assets id mapping from memory
2026-07-01 20:11:11 [DEBU] Start subscribe vault change
2026-07-01 20:11:11 [INFO] Start subscribe for stop job execution
2026-07-01 20:11:11 [DEBU] Start subscribe setting change
2026-07-01 20:11:11 [DEBU] Start subscribe for expire node assets id mapping from memory
2026-07-01 20:11:14 [INFO] init sqlite db /opt/jumpserver/data/system/leak_passwords.db
2026-07-01 20:11:14 [DEBU] Start subscribe for expire orgs mapping from memory
2026-07-01 20:11:14 [DEBU] Start subscribe for expire node assets id mapping from memory
2026-07-01 20:11:14 [DEBU] Start subscribe vault change
2026-07-01 20:11:14 [INFO] Start subscribe for stop job execution
2026-07-01 20:11:14 [DEBU] Start subscribe setting change
2026-07-01 20:11:14 [DEBU] Start subscribe for expire node assets id mapping from memory
2026-07-01 20:11:21 [INFO] init sqlite db /opt/jumpserver/data/system/leak_passwords.db
2026-07-01 20:11:21 [DEBU] Start subscribe for expire orgs mapping from memory
2026-07-01 20:11:21 [DEBU] Start subscribe for expire node assets id mapping from memory
2026-07-01 20:11:21 [DEBU] Start subscribe vault change
2026-07-01 20:11:21 [INFO] Start subscribe for stop job execution
2026-07-01 20:11:21 [DEBU] Start subscribe setting change
2026-07-01 20:11:21 [DEBU] Start subscribe for expire node assets id mapping from memory
2026-07-01 20:11:30 [INFO] init sqlite db /opt/jumpserver/data/system/leak_passwords.db
2026-07-01 20:11:31 [DEBU] Start subscribe for expire orgs mapping from memory
2026-07-01 20:11:31 [DEBU] Start subscribe for expire node assets id mapping from memory
2026-07-01 20:11:31 [DEBU] Start subscribe vault change
2026-07-01 20:11:31 [INFO] Start subscribe for stop job execution
2026-07-01 20:11:31 [DEBU] Start subscribe setting change
2026-07-01 20:11:31 [DEBU] Start subscribe for expire node assets id mapping from memory
2026-07-01 20:11:43 [DEBU] Recv asset nodes changed signal, expire memery node asset mapping
2026-07-01 20:11:43 [DEBU] Recv asset nodes changed signal, expire memery node asset mapping
2026-07-01 20:11:43 [DEBU] Recv asset nodes changed signal, expire memery node asset mapping
2026-07-01 20:11:44 [INFO] init sqlite db /opt/jumpserver/data/system/leak_passwords.db
2026-07-01 20:11:44 [DEBU] Start subscribe for expire orgs mapping from memory
2026-07-01 20:11:44 [DEBU] Start subscribe for expire node assets id mapping from memory
2026-07-01 20:11:44 [DEBU] Start subscribe vault change
2026-07-01 20:11:44 [INFO] Start subscribe for stop job execution
2026-07-01 20:11:44 [DEBU] Start subscribe setting change
2026-07-01 20:11:44 [DEBU] Start subscribe for expire node assets id mapping from memory
2026-07-01 20:11:55 [INFO] init sqlite db /opt/jumpserver/data/system/leak_passwords.db
2026-07-01 20:11:55 [DEBU] Start subscribe for expire orgs mapping from memory
2026-07-01 20:11:55 [DEBU] Start subscribe for expire node assets id mapping from memory
2026-07-01 20:11:55 [DEBU] Start subscribe vault change
2026-07-01 20:11:56 [INFO] Start subscribe for stop job execution
2026-07-01 20:11:56 [DEBU] Start subscribe setting change
2026-07-01 20:11:56 [INFO] Start subscribe for stop job execution
2026-07-01 20:11:56 [DEBU] Start subscribe for expire node assets id mapping from memory
2026-07-01 20:11:56 [DEBU] Start subscribe setting change
2026-07-01 20:11:56 [DEBU] Start subscribe for expire node assets id mapping from memory
2026-07-01 20:12:07 [INFO] init sqlite db /opt/jumpserver/data/system/leak_passwords.db
2026-07-01 20:12:07 [DEBU] Start subscribe for expire orgs mapping from memory
2026-07-01 20:12:07 [DEBU] Start subscribe for expire node assets id mapping from memory
2026-07-01 20:12:07 [DEBU] Start subscribe vault change
2026-07-01 20:12:08 [INFO] Start subscribe for stop job execution
2026-07-01 20:12:08 [DEBU] Start subscribe setting change
2026-07-01 20:12:08 [DEBU] Start subscribe for expire node assets id mapping from memory
2026-07-01 20:12:20 [DEBU] Recv asset nodes changed signal, expire memery node asset mapping
2026-07-01 20:12:20 [DEBU] Recv asset nodes changed signal, expire memery node asset mapping
2026-07-01 20:12:20 [DEBU] Recv asset nodes changed signal, expire memery node asset mapping
2026-07-01 20:12:22 [INFO] init sqlite db /opt/jumpserver/data/system/leak_passwords.db
2026-07-01 20:12:22 [DEBU] Start subscribe for expire orgs mapping from memory
2026-07-01 20:12:22 [DEBU] Start subscribe for expire node assets id mapping from memory
2026-07-01 20:12:22 [DEBU] Start subscribe vault change
2026-07-01 20:12:22 [INFO] Start subscribe for stop job execution
2026-07-01 20:12:22 [DEBU] Start subscribe setting change
2026-07-01 20:12:22 [DEBU] Start subscribe for expire node assets id mapping from memory
2026-07-01 20:12:32 [INFO] init sqlite db /opt/jumpserver/data/system/leak_passwords.db
2026-07-01 20:12:32 [DEBU] Start subscribe for expire orgs mapping from memory
2026-07-01 20:12:32 [DEBU] Start subscribe for expire orgs mapping from memory
2026-07-01 20:12:32 [DEBU] Start subscribe for expire node assets id mapping from memory
2026-07-01 20:12:32 [DEBU] Start subscribe for expire node assets id mapping from memory
2026-07-01 20:12:32 [DEBU] Start subscribe vault change
2026-07-01 20:12:32 [DEBU] Start subscribe vault change
2026-07-01 20:12:33 [INFO] Start subscribe for stop job execution
2026-07-01 20:12:33 [INFO] Start subscribe for stop job execution
2026-07-01 20:12:33 [DEBU] Start subscribe setting change
2026-07-01 20:12:33 [DEBU] Start subscribe for expire node assets id mapping from memory
2026-07-01 20:12:33 [DEBU] Start subscribe setting change
2026-07-01 20:12:33 [DEBU] Start subscribe for expire node assets id mapping from memory
2026-07-01 20:12:43 [INFO] init sqlite db /opt/jumpserver/data/system/leak_passwords.db
2026-07-01 20:12:43 [DEBU] Start subscribe for expire orgs mapping from memory
2026-07-01 20:12:43 [DEBU] Start subscribe for expire node assets id mapping from memory
2026-07-01 20:12:43 [DEBU] Start subscribe vault change
2026-07-01 20:12:43 [INFO] Start subscribe for stop job execution
2026-07-01 20:12:43 [DEBU] Start subscribe setting change
2026-07-01 20:12:43 [DEBU] Start subscribe for expire node assets id mapping from memory
2026-07-01 20:12:49 [DEBU] Recv asset nodes changed signal, expire memery node asset mapping
2026-07-01 20:12:49 [DEBU] Recv asset nodes changed signal, expire memery node asset mapping
2026-07-01 20:12:49 [DEBU] Recv asset nodes changed signal, expire memery node asset mapping
2026-07-01 20:12:52 [INFO] init sqlite db /opt/jumpserver/data/system/leak_passwords.db
2026-07-01 20:12:52 [DEBU] Start subscribe for expire orgs mapping from memory
2026-07-01 20:12:52 [DEBU] Start subscribe for expire node assets id mapping from memory
2026-07-01 20:12:52 [DEBU] Start subscribe vault change
2026-07-01 20:12:52 [INFO] Start subscribe for stop job execution
2026-07-01 20:12:52 [DEBU] Start subscribe setting change
2026-07-01 20:12:52 [DEBU] Start subscribe for expire node assets id mapping from memory
2026-07-01 20:13:00 [INFO] init sqlite db /opt/jumpserver/data/system/leak_passwords.db
2026-07-01 20:13:00 [DEBU] Start subscribe for expire orgs mapping from memory
2026-07-01 20:13:00 [DEBU] Start subscribe for expire node assets id mapping from memory
2026-07-01 20:13:00 [DEBU] Start subscribe vault change
2026-07-01 20:13:00 [INFO] Start subscribe for stop job execution
2026-07-01 20:13:00 [DEBU] Start subscribe setting change
2026-07-01 20:13:00 [DEBU] Start subscribe for expire node assets id mapping from memory
2026-07-01 20:13:01 [INFO] init sqlite db /opt/jumpserver/data/system/leak_passwords.db
2026-07-01 20:13:01 [DEBU] Start subscribe for expire orgs mapping from memory
2026-07-01 20:13:01 [DEBU] Start subscribe for expire node assets id mapping from memory
2026-07-01 20:13:01 [DEBU] Start subscribe vault change
2026-07-01 20:13:01 [INFO] Start subscribe for stop job execution
2026-07-01 20:13:01 [DEBU] Start subscribe setting change
2026-07-01 20:13:01 [DEBU] Start subscribe for expire node assets id mapping from memory
2026-07-01 20:13:11 [INFO] init sqlite db /opt/jumpserver/data/system/leak_passwords.db
2026-07-01 20:13:11 [DEBU] Start subscribe for expire orgs mapping from memory
2026-07-01 20:13:11 [DEBU] Start subscribe for expire node assets id mapping from memory
2026-07-01 20:13:11 [DEBU] Start subscribe vault change
2026-07-01 20:13:11 [INFO] Start subscribe for stop job execution
2026-07-01 20:13:11 [DEBU] Start subscribe setting change
2026-07-01 20:13:11 [DEBU] Start subscribe for expire node assets id mapping from memory
2026-07-01 20:13:23 [INFO] init sqlite db /opt/jumpserver/data/system/leak_passwords.db
2026-07-01 20:13:23 [DEBU] Start subscribe for expire orgs mapping from memory
2026-07-01 20:13:23 [DEBU] Start subscribe for expire node assets id mapping from memory
2026-07-01 20:13:23 [DEBU] Start subscribe vault change
2026-07-01 20:13:23 [DEBU] Recv asset nodes changed signal, expire memery node asset mapping
2026-07-01 20:13:23 [DEBU] Recv asset nodes changed signal, expire memery node asset mapping
2026-07-01 20:13:23 [DEBU] Recv asset nodes changed signal, expire memery node asset mapping
2026-07-01 20:13:23 [INFO] Start subscribe for stop job execution
2026-07-01 20:13:23 [DEBU] Start subscribe setting change
2026-07-01 20:13:23 [DEBU] Start subscribe for expire node assets id mapping from memory
2026-07-01 20:13:33 [INFO] init sqlite db /opt/jumpserver/data/system/leak_passwords.db
2026-07-01 20:13:33 [DEBU] Start subscribe for expire orgs mapping from memory
2026-07-01 20:13:33 [DEBU] Start subscribe for expire node assets id mapping from memory
2026-07-01 20:13:33 [DEBU] Start subscribe vault change
2026-07-01 20:13:33 [INFO] init sqlite db /opt/jumpserver/data/system/leak_passwords.db
2026-07-01 20:13:33 [DEBU] Start subscribe setting change
2026-07-01 20:13:33 [DEBU] Start subscribe for expire node assets id mapping from memory
2026-07-01 20:13:33 [DEBU] Start subscribe for expire orgs mapping from memory
2026-07-01 20:13:33 [DEBU] Start subscribe for expire node assets id mapping from memory
2026-07-01 20:13:33 [DEBU] Start subscribe vault change
2026-07-01 20:13:33 [INFO] Start subscribe for stop job execution
2026-07-01 20:13:33 [DEBU] Start subscribe setting change
2026-07-01 20:13:33 [DEBU] Start subscribe for expire node assets id mapping from memory
2026-07-01 20:13:41 [INFO] init sqlite db /opt/jumpserver/data/system/leak_passwords.db
2026-07-01 20:13:41 [DEBU] Start subscribe for expire orgs mapping from memory
2026-07-01 20:13:41 [DEBU] Start subscribe for expire node assets id mapping from memory
2026-07-01 20:13:41 [DEBU] Start subscribe vault change
2026-07-01 20:13:41 [INFO] Start subscribe for stop job execution
2026-07-01 20:13:41 [DEBU] Start subscribe setting change
2026-07-01 20:13:41 [DEBU] Start subscribe for expire node assets id mapping from memory
2026-07-01 20:13:54 [DEBU] Recv asset nodes changed signal, expire memery node asset mapping
2026-07-01 20:13:54 [DEBU] Recv asset nodes changed signal, expire memery node asset mapping
2026-07-01 20:13:54 [DEBU] Recv asset nodes changed signal, expire memery node asset mapping
2026-07-01 20:13:54 [INFO] init sqlite db /opt/jumpserver/data/system/leak_passwords.db
2026-07-01 20:13:55 [DEBU] Start subscribe for expire orgs mapping from memory
2026-07-01 20:13:55 [DEBU] Start subscribe for expire node assets id mapping from memory
2026-07-01 20:13:55 [DEBU] Start subscribe vault change
2026-07-01 20:13:55 [INFO] Start subscribe for stop job execution
2026-07-01 20:13:55 [DEBU] Start subscribe setting change
2026-07-01 20:13:55 [DEBU] Start subscribe for expire node assets id mapping from memory
2026-07-01 20:14:05 [INFO] init sqlite db /opt/jumpserver/data/system/leak_passwords.db
2026-07-01 20:14:05 [DEBU] Start subscribe for expire orgs mapping from memory
2026-07-01 20:14:05 [DEBU] Start subscribe for expire node assets id mapping from memory
2026-07-01 20:14:05 [DEBU] Start subscribe vault change
2026-07-01 20:14:05 [INFO] Start subscribe for stop job execution
2026-07-01 20:14:05 [DEBU] Start subscribe setting change
2026-07-01 20:14:05 [DEBU] Start subscribe for expire node assets id mapping from memory
2026-07-01 20:14:05 [DEBU] Start subscribe setting change
2026-07-01 20:14:05 [DEBU] Start subscribe for expire node assets id mapping from memory
2026-07-01 20:14:17 [INFO] init sqlite db /opt/jumpserver/data/system/leak_passwords.db
2026-07-01 20:14:17 [DEBU] Start subscribe for expire orgs mapping from memory
2026-07-01 20:14:17 [DEBU] Start subscribe for expire node assets id mapping from memory
2026-07-01 20:14:17 [DEBU] Start subscribe vault change
2026-07-01 20:14:18 [INFO] Start subscribe for stop job execution
2026-07-01 20:14:18 [DEBU] Start subscribe setting change
2026-07-01 20:14:18 [DEBU] Start subscribe for expire node assets id mapping from memory
2026-07-01 20:14:23 [DEBU] Recv asset nodes changed signal, expire memery node asset mapping
2026-07-01 20:14:23 [DEBU] Recv asset nodes changed signal, expire memery node asset mapping
2026-07-01 20:14:23 [DEBU] Recv asset nodes changed signal, expire memery node asset mapping
2026-07-01 20:14:26 [INFO] init sqlite db /opt/jumpserver/data/system/leak_passwords.db
2026-07-01 20:14:26 [DEBU] Start subscribe for expire orgs mapping from memory
2026-07-01 20:14:26 [DEBU] Start subscribe for expire node assets id mapping from memory
2026-07-01 20:14:26 [DEBU] Start subscribe vault change
2026-07-01 20:14:26 [INFO] Start subscribe for stop job execution
2026-07-01 20:14:26 [DEBU] Start subscribe setting change
2026-07-01 20:14:26 [DEBU] Start subscribe for expire node assets id mapping from memory
2026-07-01 20:14:37 [INFO] init sqlite db /opt/jumpserver/data/system/leak_passwords.db
2026-07-01 20:14:37 [INFO] init sqlite db /opt/jumpserver/data/system/leak_passwords.db
2026-07-01 20:14:37 [DEBU] Start subscribe for expire orgs mapping from memory
2026-07-01 20:14:37 [DEBU] Start subscribe for expire node assets id mapping from memory
2026-07-01 20:14:37 [DEBU] Start subscribe vault change
2026-07-01 20:14:37 [DEBU] Start subscribe for expire orgs mapping from memory
2026-07-01 20:14:37 [DEBU] Start subscribe for expire node assets id mapping from memory
2026-07-01 20:14:37 [DEBU] Start subscribe vault change
2026-07-01 20:14:37 [INFO] Start subscribe for stop job execution
2026-07-01 20:14:37 [DEBU] Start subscribe setting change
2026-07-01 20:14:37 [DEBU] Start subscribe for expire node assets id mapping from memory
2026-07-01 20:14:37 [INFO] Start subscribe for stop job execution
2026-07-01 20:14:37 [DEBU] Start subscribe setting change
2026-07-01 20:14:37 [DEBU] Start subscribe for expire node assets id mapping from memory
2026-07-01 20:14:48 [INFO] init sqlite db /opt/jumpserver/data/system/leak_passwords.db
2026-07-01 20:14:48 [DEBU] Start subscribe for expire orgs mapping from memory
2026-07-01 20:14:48 [DEBU] Start subscribe for expire node assets id mapping from memory
2026-07-01 20:14:48 [DEBU] Start subscribe vault change
2026-07-01 20:14:48 [INFO] Start subscribe for stop job execution
2026-07-01 20:14:48 [DEBU] Start subscribe setting change
2026-07-01 20:14:48 [DEBU] Start subscribe for expire node assets id mapping from memory
2026-07-01 20:14:55 [DEBU] Recv asset nodes changed signal, expire memery node asset mapping
2026-07-01 20:14:55 [DEBU] Recv asset nodes changed signal, expire memery node asset mapping
2026-07-01 20:14:55 [DEBU] Recv asset nodes changed signal, expire memery node asset mapping
2026-07-01 20:14:57 [INFO] init sqlite db /opt/jumpserver/data/system/leak_passwords.db
2026-07-01 20:14:57 [DEBU] Start subscribe for expire orgs mapping from memory
2026-07-01 20:14:57 [DEBU] Start subscribe for expire node assets id mapping from memory
2026-07-01 20:14:57 [DEBU] Start subscribe vault change
2026-07-01 20:14:57 [INFO] Start subscribe for stop job execution
2026-07-01 20:14:57 [DEBU] Start subscribe setting change
2026-07-01 20:14:57 [DEBU] Start subscribe for expire node assets id mapping from memory
2026-07-01 20:15:05 [INFO] init sqlite db /opt/jumpserver/data/system/leak_passwords.db
2026-07-01 20:15:05 [INFO] init sqlite db /opt/jumpserver/data/system/leak_passwords.db
2026-07-01 20:15:05 [DEBU] Start subscribe for expire orgs mapping from memory
2026-07-01 20:15:05 [DEBU] Start subscribe for expire node assets id mapping from memory
2026-07-01 20:15:05 [DEBU] Start subscribe vault change
2026-07-01 20:15:05 [INFO] Start subscribe for stop job execution
2026-07-01 20:15:05 [INFO] Start subscribe for stop job execution
2026-07-01 20:15:05 [DEBU] Start subscribe setting change
2026-07-01 20:15:05 [DEBU] Start subscribe setting change
2026-07-01 20:15:05 [DEBU] Start subscribe for expire node assets id mapping from memory
2026-07-01 20:15:05 [DEBU] Start subscribe for expire node assets id mapping from memory
2026-07-01 20:15:16 [INFO] init sqlite db /opt/jumpserver/data/system/leak_passwords.db
2026-07-01 20:15:17 [DEBU] Start subscribe for expire orgs mapping from memory
2026-07-01 20:15:17 [DEBU] Start subscribe for expire node assets id mapping from memory
2026-07-01 20:15:17 [DEBU] Start subscribe vault change
2026-07-01 20:15:17 [INFO] Start subscribe for stop job execution
2026-07-01 20:15:18 [DEBU] Start subscribe setting change
2026-07-01 20:15:18 [DEBU] Start subscribe for expire node assets id mapping from memory
2026-07-01 20:15:26 [DEBU] Recv asset nodes changed signal, expire memery node asset mapping
2026-07-01 20:15:26 [DEBU] Recv asset nodes changed signal, expire memery node asset mapping
2026-07-01 20:15:26 [DEBU] Recv asset nodes changed signal, expire memery node asset mapping
2026-07-01 20:15:27 [INFO] init sqlite db /opt/jumpserver/data/system/leak_passwords.db
2026-07-01 20:15:27 [DEBU] Start subscribe for expire orgs mapping from memory
2026-07-01 20:15:27 [DEBU] Start subscribe for expire node assets id mapping from memory
2026-07-01 20:15:27 [DEBU] Start subscribe vault change
2026-07-01 20:15:27 [INFO] Start subscribe for stop job execution
2026-07-01 20:15:27 [DEBU] Start subscribe setting change
2026-07-01 20:15:27 [DEBU] Start subscribe for expire node assets id mapping from memory
2026-07-01 20:15:41 [INFO] init sqlite db /opt/jumpserver/data/system/leak_passwords.db
2026-07-01 20:15:41 [INFO] init sqlite db /opt/jumpserver/data/system/leak_passwords.db
2026-07-01 20:15:41 [DEBU] Start subscribe for expire orgs mapping from memory
2026-07-01 20:15:41 [DEBU] Start subscribe for expire orgs mapping from memory
2026-07-01 20:15:41 [DEBU] Start subscribe for expire node assets id mapping from memory
2026-07-01 20:15:41 [DEBU] Start subscribe vault change
2026-07-01 20:15:41 [DEBU] Start subscribe for expire node assets id mapping from memory
2026-07-01 20:15:41 [DEBU] Start subscribe vault change
2026-07-01 20:15:41 [INFO] Start subscribe for stop job execution
2026-07-01 20:15:41 [INFO] Start subscribe for stop job ex2026-07-01 20:15:41 [DEBU] Start subscribe for expire node assets id mapping from memory
2026-07-01 20:15:41 [DEBU] Start subscribe setting change
2026-07-01 20:15:41 [DEBU] Start subscribe for expire node assets id mapping from memory
2026-07-01 20:15:50 [INFO] init sqlite db /opt/jumpserver/data/system/leak_passwords.db
2026-07-01 20:15:50 [DEBU] Start subscribe for expire orgs mapping from memory
2026-07-01 20:15:50 [DEBU] Start subscribe for expire node assets id mapping from memory
2026-07-01 20:15:50 [DEBU] Start subscribe vault change
2026-07-01 20:15:50 [INFO] Start subscribe for stop job execution
2026-07-01 20:15:50 [DEBU] Start subscribe setting change
2026-07-01 20:15:50 [DEBU] Start subscribe for expire node assets id mapping from memory
2026-07-01 20:16:02 [DEBU] Recv asset nodes changed signal, expire memery node asset mapping
2026-07-01 20:16:02 [DEBU] Recv asset nodes changed signal, expire memery node asset mapping
2026-07-01 20:16:02 [DEBU] Recv asset nodes changed signal, expire memery node asset mapping
2026-07-01 20:16:02 [INFO] init sqlite db /opt/jumpserver/data/system/leak_passwords.db
2026-07-01 20:16:03 [DEBU] Start subscribe for expire orgs mapping from memory
2026-07-01 20:16:03 [DEBU] Start subscribe for expire node assets id mapping from memory
2026-07-01 20:16:03 [DEBU] Start subscribe vault change
2026-07-01 20:16:03 [INFO] Start subscribe for stop job execution
2026-07-01 20:16:03 [DEBU] Start subscribe setting change
2026-07-01 20:16:03 [DEBU] Start subscribe for expire node assets id mapping from memory
2026-07-01 20:16:13 [INFO] init sqlite db /opt/jumpserver/data/system/leak_passwords.db
2026-07-01 20:16:13 [DEBU] Start subscribe for expire orgs mapping from memory
2026-07-01 20:16:13 [DEBU] Start subscribe for expire node assets id mapping from memory
2026-07-01 20:16:13 [DEBU] Start subscribe for expire node assets id mapping from memory
2026-07-01 20:16:13 [DEBU] Start subscribe vault change
2026-07-01 20:16:13 [INFO] Start subscribe for stop job execution
2026-07-01 20:16:13 [DEBU] Start subscribe setting change
2026-07-01 20:16:13 [INFO] Start subscribe for stop job execution
id mapping from memory
2026-07-01 20:16:13 [DEBU] Start subscribe setting change
2026-07-01 20:16:13 [DEBU] Start subscribe for expire node assets id mapping from memory
2026-07-01 20:16:22 [INFO] init sqlite db /opt/jumpserver/data/system/leak_passwords.db
2026-07-01 20:16:22 [DEBU] Start subscribe for expire orgs mapping from memory
2026-07-01 20:16:22 [DEBU] Start subscribe for expire node assets id mapping from memory
2026-07-01 20:16:22 [DEBU] Start subscribe vault change
2026-07-01 20:16:22 [INFO] Start subscribe for stop job execution
2026-07-01 20:16:22 [DEBU] Start subscribe setting change
2026-07-01 20:16:22 [DEBU] Start subscribe for expire node assets id mapping from memory
2026-07-01 20:16:34 [DEBU] Recv asset nodes changed signal, expire memery node asset mapping
2026-07-01 20:16:34 [DEBU] Recv asset nodes changed signal, expire memery node asset mapping
2026-07-01 20:16:34 [DEBU] Recv asset nodes changed signal, expire memery node asset mapping
2026-07-01 20:16:38 [INFO] init sqlite db /opt/jumpserver/data/system/leak_passwords.db
2026-07-01 20:16:39 [DEBU] Start subscribe for expire orgs mapping from memory
2026-07-01 20:16:39 [DEBU] Start subscribe for expire node assets id mapping from memory
2026-07-01 20:16:39 [DEBU] Start subscribe vault change
2026-07-01 20:16:39 [INFO] Start subscribe for stop job execution
2026-07-01 20:16:39 [DEBU] Start subscribe setting change
2026-07-01 20:16:39 [DEBU] Start subscribe for expire node assets id mapping from memory
2026-07-01 20:16:48 [INFO] init sqlite db /opt/jumpserver/data/system/leak_passwords.db
2026-07-01 20:16:48 [DEBU] Start subscribe for expire orgs mapping from memory
2026-07-01 20:16:48 [DEBU] Start subscribe for expire node assets id mapping from memory
2026-07-01 20:16:48 [DEBU] Start subscribe vault change
2026-07-01 20:16:48 [INFO] init sqlite db /opt/jumpserver/data/system/leak_passwords.db
2026-07-01 20:16:48 [DEBU] Start subscribe for expire orgs mapping from memory
2026-07-01 20:16:48 [DEBU] Start subscribe for expire node assets id mapping from memory
2026-07-01 20:16:48 [DEBU] Start subscribe vault change
2026-07-01 20:16:48 [INFO] Start subscribe for stop job execution
2026-07-01 20:16:48 [DEBU] Start subscribe setting change
2026-07-01 20:16:48 [DEBU] Start subscribe for expire node assets id mapping from memory
2026-07-01 20:16:48 [INFO] Start subscribe for stop job execution
2026-07-01 20:16:48 [DEBU] Start subscribe setting change
2026-07-01 20:16:48 [DEBU] Start subscribe for expire node assets id mapping from memory
2026-07-01 20:17:01 [INFO] init sqlite db /opt/jumpserver/data/system/leak_passwords.db
2026-07-01 20:17:01 [DEBU] Start subscribe for expire orgs mapping from memory
2026-07-01 20:17:01 [DEBU] Start subscribe for expire node assets id mapping from memory
2026-07-01 20:17:01 [DEBU] Start subscribe vault change
2026-07-01 20:17:02 [INFO] Start subscribe for stop job execution
2026-07-01 20:17:02 [DEBU] Start subscribe setting change
2026-07-01 20:17:02 [DEBU] Start subscribe for expire node assets id mapping from memory
2026-07-01 20:17:17 [INFO] init sqlite db /opt/jumpserver/data/system/leak_passwords.db
2026-07-01 20:17:17 [DEBU] Start subscribe for expire orgs mapping from memory
2026-07-01 20:17:17 [DEBU] Start subscribe for expire node assets id mapping from memory
2026-07-01 20:17:17 [DEBU] Start subscribe vault change
2026-07-01 20:17:17 [INFO] Start subscribe for stop job execution
2026-07-01 20:17:17 [DEBU] Start subscribe setting change
2026-07-01 20:17:17 [DEBU] Start subscribe for expire node assets id mapping from memory
2026-07-01 20:17:19 [DEBU] Recv asset nodes changed signal, expire memery node asset mapping
2026-07-01 20:17:19 [DEBU] Recv asset nodes changed signal, expire memery node asset mapping
2026-07-01 20:17:19 [DEBU] Recv asset nodes changed signal, expire memery node asset mapping
2026-07-01 20:17:27 [INFO] init sqlite db /opt/jumpserver/data/system/leak_passwords.db
2026-07-01 20:17:27 [DEBU] Start subscribe for expire orgs mapping from memory
2026-07-01 20:17:27 [DEBU] Start subscribe for expire node assets id mapping from memory
2026-07-01 20:17:27 [DEBU] Start subscribe vault change
2026-07-01 20:17:28 [INFO] Start subscribe for stop job execution
2026-07-01 20:17:28 [DEBU] Start subscribe setting change
2026-07-01 20:17:28 [DEBU] Start subscribe for expire node assets id mapping from memory
2026-07-01 20:17:30 [INFO] init sqlite db /opt/jumpserver/data/system/leak_passwords.db
2026-07-01 20:17:30 [DEBU] Start subscribe for expire orgs mapping from memory
2026-07-01 20:17:30 [DEBU] Start subscribe for expire node assets id mapping from memory
2026-07-01 20:17:30 [DEBU] Start subscribe vault change
2026-07-01 20:17:30 [INFO] Start subscribe for stop job execution
2026-07-01 20:17:30 [DEBU] Start subscribe setting change
2026-07-01 20:17:30 [DEBU] Start subscribe for expire node assets id mapping from memory
2026-07-01 20:17:37 [INFO] init sqlite db /opt/jumpserver/data/system/leak_passwords.db
2026-07-01 20:17:37 [DEBU] Start subscribe for expire orgs mapping from memory
2026-07-01 20:17:37 [DEBU] Start subscribe for expire node assets id mapping from memory
2026-07-01 20:17:37 [DEBU] Start subscribe vault change
2026-07-01 20:17:37 [INFO] Start subscribe for stop job execution
2026-07-01 20:17:37 [DEBU] Start subscribe setting change
2026-07-01 20:17:37 [DEBU] Start subscribe for expire node assets id mapping from memory
2026-07-01 20:17:51 [INFO] init sqlite db /opt/jumpserver/data/system/leak_passwords.db
2026-07-01 20:17:51 [DEBU] Start subscribe for expire orgs mapping from memory
2026-07-01 20:17:51 [DEBU] Start subscribe for expire node assets id mapping from memory
2026-07-01 20:17:51 [DEBU] Start subscribe vault change
2026-07-01 20:17:51 [INFO] Start subscribe for stop job execution
2026-07-01 20:17:51 [DEBU] Start subscribe setting change
2026-07-01 20:17:51 [DEBU] Start subscribe for expire node assets id mapping from memory
2026-07-01 20:17:53 [DEBU] Recv asset nodes changed signal, expire memery node asset mapping
2026-07-01 20:17:53 [DEBU] Recv asset nodes changed signal, expire memery node asset mapping
2026-07-01 20:17:53 [DEBU] Recv asset nodes changed signal, expire memery node asset mapping
2026-07-01 20:18:00 [INFO] init sqlite db /opt/jumpserver/data/system/leak_passwords.db
2026-07-01 20:18:00 [DEBU] Start subscribe for expire orgs mapping from memory
2026-07-01 20:18:00 [DEBU] Start subscribe for expire node assets id mapping from memory
2026-07-01 20:18:00 [DEBU] Start subscribe vault change
2026-07-01 20:18:00 [INFO] Start subscribe for stop job execution
2026-07-01 20:18:00 [DEBU] Start subscribe setting change
2026-07-01 20:18:00 [DEBU] Start subscribe for expire node assets id mapping from memory
2026-07-01 20:18:01 [INFO] init sqlite db /opt/jumpserver/data/system/leak_passwords.db
2026-07-01 20:18:01 [DEBU] Start subscribe for expire orgs mapping from memory
2026-07-01 20:18:01 [DEBU] Start subscribe for expire node assets id mapping from memory
2026-07-01 20:18:01 [DEBU] Start subscribe vault change
2026-07-01 20:18:01 [INFO] Start subscribe for stop job execution
2026-07-01 20:18:01 [DEBU] Start subscribe setting change
2026-07-01 20:18:01 [DEBU] Start subscribe for expire node assets id mapping from memory
2026-07-01 20:18:18 [INFO] init sqlite db /opt/jumpserver/data/system/leak_passwords.db
2026-07-01 20:18:18 [DEBU] Start subscribe for expire orgs mapping from memory
2026-07-01 20:18:18 [DEBU] Start subscribe for expire node assets id mapping from memory
2026-07-01 20:18:18 [DEBU] Start subscribe vault change
2026-07-01 20:18:18 [INFO] Start subscribe for stop job execution
2026-07-01 20:18:18 [DEBU] Start subscribe setting change
2026-07-01 20:18:18 [DEBU] Start subscribe for expire node assets id mapping from memory
2026-07-01 20:18:25 [INFO] init sqlite db /opt/jumpserver/data/system/leak_passwords.db
2026-07-01 20:18:27 [INFO] init sqlite db /opt/jumpserver/data/system/leak_passwords.db
2026-07-01 20:18:27 [DEBU] Start subscribe for expire orgs mapping from memory
2026-07-01 20:18:27 [DEBU] Start subscribe for expire node assets id mapping from memory
2026-07-01 20:18:27 [DEBU] Start subscribe vault change
2026-07-01 20:18:27 [INFO] Start subscribe for stop job execution
2026-07-01 20:18:27 [DEBU] Start subscribe setting change
2026-07-01 20:18:27 [DEBU] Start subscribe for expire node assets id mapping from memory
2026-07-01 20:18:27 [DEBU] Recv asset nodes changed signal, expire memery node asset mapping
2026-07-01 20:18:27 [DEBU] Recv asset nodes changed signal, expire memery node asset mapping
2026-07-01 20:18:27 [DEBU] Recv asset nodes changed signal, expire memery node asset mapping
2026-07-01 20:18:37 [INFO] init sqlite db /opt/jumpserver/data/system/leak_passwords.db
2026-07-01 20:18:37 [DEBU] Start subscribe for expire orgs mapping from memory
2026-07-01 20:18:37 [DEBU] Start subscribe for expire node assets id mapping from memory
2026-07-01 20:18:37 [DEBU] Start subscribe vault change
2026-07-01 20:18:37 [INFO] Start subscribe for stop job execution
2026-07-01 20:18:37 [DEBU] Start subscribe setting change
2026-07-01 20:18:37 [DEBU] Start subscribe for expire node assets id mapping from memory
2026-07-01 20:18:41 [INFO] init sqlite db /opt/jumpserver/data/system/leak_passwords.db
2026-07-01 20:18:41 [DEBU] Start subscribe for expire orgs mapping from memory
2026-07-01 20:18:41 [DEBU] Start subscribe for expire node assets id mapping from memory
2026-07-01 20:18:41 [DEBU] Start subscribe vault change
2026-07-01 20:18:41 [INFO] Start subscribe for stop job execution
2026-07-01 20:18:41 [DEBU] Start subscribe setting change
2026-07-01 20:18:41 [DEBU] Start subscribe for expire node assets id mapping from memory
2026-07-01 20:18:46 [INFO] init sqlite db /opt/jumpserver/data/system/leak_passwords.db
2026-07-01 20:18:46 [DEBU] Start subscribe for expire orgs mapping from memory
2026-07-01 20:18:46 [DEBU] Start subscribe for expire node assets id mapping from memory
2026-07-01 20:18:46 [DEBU] Start subscribe vault change
2026-07-01 20:18:46 [INFO] Start subscribe for stop job execution
2026-07-01 20:18:46 [DEBU] Start subscribe setting change
2026-07-01 20:18:46 [DEBU] Start subscribe for expire node assets id mapping from memory
2026-07-01 20:18:59 [INFO] init sqlite db /opt/jumpserver/data/system/leak_passwords.db
2026-07-01 20:18:59 [DEBU] Start subscribe for expire orgs mapping from memory
2026-07-01 20:18:59 [DEBU] Start subscribe for expire node assets id mapping from memory
2026-07-01 20:18:59 [DEBU] Start subscribe vault change
2026-07-01 20:18:59 [INFO] Start subscribe for stop job execution
2026-07-01 20:18:59 [DEBU] Start subscribe setting change
2026-07-01 20:18:59 [DEBU] Start subscribe for expire node assets id mapping from memory
2026-07-01 20:19:00 [DEBU] Recv asset nodes changed signal, expire memery node asset mapping
2026-07-01 20:19:00 [DEBU] Recv asset nodes changed signal, expire memery node asset mapping
2026-07-01 20:19:00 [DEBU] Recv asset nodes changed signal, expire memery node asset mapping
2026-07-01 20:19:13 [INFO] init sqlite db /opt/jumpserver/data/system/leak_passwords.db
2026-07-01 20:19:13 [INFO] init sqlite db /opt/jumpserver/data/system/leak_passwords.db
2026-07-01 20:19:13 [DEBU] Start subscribe for expire orgs mapping from memory
2026-07-01 20:19:13 [DEBU] Start subscribe for expire orgs mapping from memory
2026-07-01 20:19:13 [DEBU] Start subscribe for expire node assets id mapping from memory
2026-07-01 20:19:13 [DEBU] Start subscribe for expire node assets id mapping from memory
2026-07-01 20:19:13 [DEBU] Start subscribe vault change
2026-07-01 20:19:13 [INFO] Start subscribe for stop job execution
2026-07-01 20:19:13 [INFO] Start subscribe for stop job execution
2026-07-01 20:19:13 [DEBU] Start subscribe setting change
2026-07-01 20:19:13 [DEBU] Start subscribe for expire node assets id mapping from memory
2026-07-01 20:19:13 [DEBU] Start subscribe setting change
2026-07-01 20:19:13 [DEBU] Start subscribe for expire node assets id mapping from memory
2026-07-01 20:19:22 [INFO] init sqlite db /opt/jumpserver/data/system/leak_passwords.db
2026-07-01 20:19:22 [DEBU] Start subscribe for expire orgs mapping from memory
2026-07-01 20:19:22 [DEBU] Start subscribe for expire node assets id mapping from memory
2026-07-01 20:19:22 [DEBU] Start subscribe vault change
2026-07-01 20:19:22 [INFO] Start subscribe for stop job execution
2026-07-01 20:19:22 [DEBU] Start subscribe setting change
2026-07-01 20:19:22 [DEBU] Start subscribe for expire node assets id mapping from memory
2026-07-01 20:19:29 [DEBU] Recv asset nodes changed signal, expire memery node asset mapping
2026-07-01 20:19:29 [DEBU] Recv asset nodes changed signal, expire memery node asset mapping
2026-07-01 20:19:29 [DEBU] Recv asset nodes changed signal, expire memery node asset mapping
2026-07-01 20:19:31 [INFO] init sqlite db /opt/jumpserver/data/system/leak_passwords.db
2026-07-01 20:19:31 [DEBU] Start subscribe for expire orgs mapping from memory
2026-07-01 20:19:31 [DEBU] Start subscribe for expire node assets id mapping from memory
2026-07-01 20:19:31 [DEBU] Start subscribe vault change
2026-07-01 20:19:31 [INFO] Start subscribe for stop job execution
2026-07-01 20:19:31 [DEBU] Start subscribe setting change
2026-07-01 20:19:31 [DEBU] Start subscribe for expire node assets id mapping from memory
2026-07-01 20:19:44 [INFO] init sqlite db /opt/jumpserver/data/system/leak_passwords.db
2026-07-01 20:19:44 [DEBU] Start subscribe for expire orgs mapping from memory
2026-07-01 20:19:44 [DEBU] Start subscribe for expire node assets id mapping from memory
2026-07-01 20:19:44 [DEBU] Start subscribe vault change
2026-07-01 20:19:44 [INFO] Start subscribe for stop job execution
2026-07-01 20:19:44 [DEBU] Start subscribe setting change
2026-07-01 20:19:44 [DEBU] Start subscribe for expire node assets id mapping from memory
2026-07-01 20:19:44 [INFO] init sqlite db /opt/jumpserver/data/system/leak_passwords.db
2026-07-01 20:19:44 [DEBU] Start subscribe for expire orgs mapping from memory
2026-07-01 20:19:44 [DEBU] Start subscribe for expire node assets id mapping from memory
2026-07-01 20:19:44 [DEBU] Start subscribe vault change
2026-07-01 20:19:44 [INFO] Start subscribe for stop job execution
2026-07-01 20:19:44 [DEBU] Start subscribe setting change
2026-07-01 20:19:44 [DEBU] Start subscribe for expire node assets id mapping from memory
2026-07-01 20:20:02 [INFO] init sqlite db /opt/jumpserver/data/system/leak_passwords.db
2026-07-01 20:20:02 [DEBU] Start subscribe for expire orgs mapping from memory
2026-07-01 20:20:02 [DEBU] Start subscribe for expire node assets id mapping from memory
2026-07-01 20:20:02 [DEBU] Start subscribe vault change
2026-07-01 20:20:02 [INFO] Start subscribe for stop job execution
2026-07-01 20:20:02 [DEBU] Start subscribe setting change
2026-07-01 20:20:02 [DEBU] Start subscribe for expire node assets id mapping from memory
2026-07-01 20:20:07 [DEBU] Recv asset nodes changed signal, expire memery node asset mapping
2026-07-01 20:20:07 [DEBU] Recv asset nodes changed signal, expire memery node asset mapping
2026-07-01 20:20:07 [DEBU] Recv asset nodes changed signal, expire memery node asset mapping
2026-07-01 20:20:10 [INFO] init sqlite db /opt/jumpserver/data/system/leak_passwords.db
2026-07-01 20:20:10 [DEBU] Start subscribe for expire orgs mapping from memory
2026-07-01 20:20:10 [DEBU] Start subscribe for expire node assets id mapping from memory
2026-07-01 20:20:10 [DEBU] Start subscribe vault change
2026-07-01 20:20:10 [INFO] Start subscribe for stop job execution
2026-07-01 20:20:10 [DEBU] Start subscribe setting change
2026-07-01 20:20:10 [DEBU] Start subscribe for expire node assets id mapping from memory
2026-07-01 20:20:24 [INFO] init sqlite db /opt/jumpserver/data/system/leak_passwords.db
2026-07-01 20:20:24 [DEBU] Start subscribe for expire orgs mapping from memory
2026-07-01 20:20:24 [DEBU] Start subscribe for expire node assets id mapping from memory
2026-07-01 20:20:24 [DEBU] Start subscribe vault change
2026-07-01 20:20:24 [INFO] Start subscribe for stop job execution
2026-07-01 20:20:24 [DEBU] Start subscribe setting change
2026-07-01 20:20:24 [DEBU] Start subscribe for expire node assets id mapping from memory
2026-07-01 20:20:25 [INFO] init sqlite db /opt/jumpserver/data/system/leak_passwords.db
2026-07-01 20:20:25 [DEBU] Start subscribe for expire orgs mapping from memory
2026-07-01 20:20:25 [DEBU] Start subscribe for expire node assets id mapping from memory
2026-07-01 20:20:25 [DEBU] Start subscribe vault change
2026-07-01 20:20:25 [INFO] Start subscribe for stop job execution
2026-07-01 20:20:25 [DEBU] Start subscribe setting change
2026-07-01 20:20:25 [DEBU] Start subscribe for expire node assets id mapping from memory
