2026-06-30 15:55:45 [INFO] init sqlite db /opt/jumpserver/data/system/leak_passwords.db
2026-06-30 15:55:46 [DEBU] Start subscribe for expire orgs mapping from memory
2026-06-30 15:55:46 [DEBU] Start subscribe for expire node assets id mapping from memory
2026-06-30 15:55:46 [DEBU] Start subscribe vault change
2026-06-30 15:55:46 [INFO] Start subscribe for stop job execution
2026-06-30 15:55:46 [DEBU] Start subscribe setting change
2026-06-30 15:55:46 [DEBU] Start subscribe for expire node assets id mapping from memory
/opt/jumpserver/.venv/lib/python3.11/site-packages/celery/platforms.py:829: SecurityWarning: You're running the worker with superuser privileges: this is
absolutely not recommended!

Please specify a different user using the --uid option.

User information: uid=0 euid=0 gid=0 egid=0

  warnings.warn(SecurityWarning(ROOT_DISCOURAGED.format(
 
 -------------- ansible@b482a337eb74 v5.3.1 (emerald-rush)
--- ***** ----- 
-- ******* ---- Linux-6.18.33.2-microsoft-standard-WSL2-x86_64-with-glibc2.41 2026-06-30 15:56:12
- *** --- * --- 
- ** ---------- [config]
- ** ---------- .> app:         jumpserver:0x7e9df1112110
- ** ---------- .> transport:   redis://redis:6379/3
- ** ---------- .> results:     redis://redis:6379/3
- *** --- * --- .> concurrency: 10 (thread)
-- ******* ---- .> task events: OFF (enable -E to monitor tasks in this worker)
--- ***** ----- 
 -------------- [queues]
                .> ansible          exchange=ansible(direct) key=ansible
                

[tasks]
  . accounts.tasks.automation.clean_change_secret_and_push_record_period
  . accounts.tasks.automation.execute_account_automation_task
  . accounts.tasks.automation.execute_automation_record_task
  . accounts.tasks.push_account.change_secret_accounts_to_assets_task
  . accounts.tasks.push_account.push_accounts_to_assets_task
  . accounts.tasks.remove_account.clean_historical_accounts
  . accounts.tasks.remove_account.remove_accounts_task
  . accounts.tasks.template.template_sync_related_accounts
  . accounts.tasks.vault.sync_secret_to_vault
  . accounts.tasks.verify_account.verify_accounts_connectivity_task
  . assets.tasks.automation.execute_asset_automation_task
  . assets.tasks.gather_facts.gather_assets_facts_task
  . assets.tasks.nodes_amount.check_node_assets_amount_period_task
  . assets.tasks.nodes_amount.check_node_assets_amount_task
  . assets.tasks.ping.test_assets_connectivity_task
  . assets.tasks.ping_gateway.test_gateways_connectivity_task
  . audits.tasks.clean_audits_log_period
  . audits.tasks.upload_ftp_file_to_external_storage
  . authentication.tasks.clean_django_sessions
  . authentication.tasks.clean_expire_token
  . common.tasks.send_mail_async
  . common.tasks.send_mail_attachment_async
  . common.tasks.upload_backup_to_obj_storage
  . common.utils.verify_code.send_sms_async
  . notifications.notifications.publish_task
  . ops.tasks.check_server_performance_period
  . ops.tasks.clean_celery_periodic_tasks
  . ops.tasks.clean_job_execution_period
  . ops.tasks.clean_up_unexpected_jobs
  . ops.tasks.create_or_update_registered_periodic_tasks
  . ops.tasks.run_ops_job
  . ops.tasks.run_ops_job_execution
  . orgs.tasks.refresh_org_cache_task
  . perms.tasks.check_asset_permission_expired
  . perms.tasks.check_asset_permission_will_expired
  . settings.tasks.ldap.import_ldap_ha_user
  . settings.tasks.ldap.import_ldap_ha_user_periodic
  . settings.tasks.ldap.import_ldap_user
  . settings.tasks.ldap.import_ldap_user_periodic
  . terminal.tasks.applet_host_generate_accounts
  . terminal.tasks.check_command_replay_storage_connectivity
  . terminal.tasks.clean_orphan_session
  . terminal.tasks.delete_terminal_status_period
  . terminal.tasks.run_applet_host_deployment
  . terminal.tasks.run_applet_host_deployment_install_applet
  . terminal.tasks.run_applet_host_deployment_uninstall_applet
  . terminal.tasks.upload_session_replay_file_to_external_storage
  . terminal.tasks.upload_session_replay_to_external_storage
  . users.signal_handlers.clean_expired_user_session_period
  . users.tasks.check_password_expired
  . users.tasks.check_password_expired_periodic
  . users.tasks.check_unused_users
  . users.tasks.check_user_expired
  . users.tasks.check_user_expired_periodic

2026-06-30 15:56:12 /opt/jumpserver/.venv/lib/python3.11/site-packages/celery/app/utils.py:203: CDeprecationWarning: 
    The 'CELERY_ACCEPT_CONTENT' setting is deprecated and scheduled for removal in
    version 6.0.0. Use the accept_content instead

  deprecated.warn(description=f'The {setting!r} setting',

2026-06-30 15:56:12 /opt/jumpserver/.venv/lib/python3.11/site-packages/celery/app/utils.py:203: CDeprecationWarning: 
    The 'CELERY_TASK_SERIALIZER' setting is deprecated and scheduled for removal in
    version 6.0.0. Use the task_serializer instead

  deprecated.warn(description=f'The {setting!r} setting',

2026-06-30 15:56:12 /opt/jumpserver/.venv/lib/python3.11/site-packages/celery/app/utils.py:203: CDeprecationWarning: 
    The 'CELERY_RESULT_BACKEND' setting is deprecated and scheduled for removal in
    version 6.0.0. Use the result_backend instead

  deprecated.warn(description=f'The {setting!r} setting',

2026-06-30 15:56:12 /opt/jumpserver/.venv/lib/python3.11/site-packages/celery/app/utils.py:203: CDeprecationWarning: 
    The 'CELERY_RESULT_SERIALIZER' setting is deprecated and scheduled for removal in
    version 6.0.0. Use the result_serializer instead

  deprecated.warn(description=f'The {setting!r} setting',

2026-06-30 15:56:12 /opt/jumpserver/.venv/lib/python3.11/site-packages/celery/app/utils.py:203: CDeprecationWarning: 
    The 'CELERY_TIMEZONE' setting is deprecated and scheduled for removal in
    version 6.0.0. Use the timezone instead

  deprecated.warn(description=f'The {setting!r} setting',

2026-06-30 15:56:12 /opt/jumpserver/.venv/lib/python3.11/site-packages/celery/app/utils.py:203: CDeprecationWarning: 
    The 'CELERY_QUEUES' setting is deprecated and scheduled for removal in
    version 6.0.0. Use the task_queues instead

  deprecated.warn(description=f'The {setting!r} setting',

2026-06-30 15:56:12 Please run `celery upgrade settings path/to/settings.py` to avoid these warnings and to allow a smoother upgrade to Celery 6.0.
2026-06-30 15:56:12 /opt/jumpserver/.venv/lib/python3.11/site-packages/celery/worker/consumer/consumer.py:498: CPendingDeprecationWarning: The broker_connection_retry configuration setting will no longer determine
whether broker connection retries are made during startup in Celery 6.0 and above.
If you wish to retain the existing behavior for retrying connections on startup,
you should set broker_connection_retry_on_startup to True.
  warnings.warn(

2026-06-30 15:56:12 Connected to redis://redis:6379/3
2026-06-30 15:56:12 /opt/jumpserver/.venv/lib/python3.11/site-packages/celery/worker/consumer/consumer.py:498: CPendingDeprecationWarning: The broker_connection_retry configuration setting will no longer determine
whether broker connection retries are made during startup in Celery 6.0 and above.
If you wish to retain the existing behavior for retrying connections on startup,
you should set broker_connection_retry_on_startup to True.
  warnings.warn(

2026-06-30 15:56:12 [DEBU] Work ready signal recv
2026-06-30 15:56:12 Work ready signal recv
2026-06-30 15:56:12 [DEBU] Start need start task: [users.tasks.check_password_expired_periodic, users.tasks.check_user_expired_periodic, ops.tasks.clean_celery_periodic_tasks, ops.tasks.create_or_update_registered_periodic_tasks, settings.tasks.ldap.import_ldap_user_periodic, settings.tasks.ldap.import_ldap_ha_user_periodic, terminal.tasks.delete_terminal_status_period, terminal.tasks.clean_orphan_session]
2026-06-30 15:56:12 Start need start task: [users.tasks.check_password_expired_periodic, users.tasks.check_user_expired_periodic, ops.tasks.clean_celery_periodic_tasks, ops.tasks.create_or_update_registered_periodic_tasks, settings.tasks.ldap.import_ldap_user_periodic, settings.tasks.ldap.import_ldap_ha_user_periodic, terminal.tasks.delete_terminal_status_period, terminal.tasks.clean_orphan_session]
2026-06-30 15:56:13 [DEBU] Create activity log for celery task: e914379a-27bc-4ba0-8e90-f6da26386274
2026-06-30 15:56:13 Create activity log for celery task: e914379a-27bc-4ba0-8e90-f6da26386274
2026-06-30 15:56:13 [DEBU] Create activity log for celery task: 0960d112-8401-4ead-9202-11470df0c505
2026-06-30 15:56:13 Create activity log for celery task: 0960d112-8401-4ead-9202-11470df0c505
2026-06-30 15:56:13 [DEBU] Create activity log for celery task: 4b17663a-b42c-4e49-9e79-c123bedfd700
2026-06-30 15:56:13 Create activity log for celery task: 4b17663a-b42c-4e49-9e79-c123bedfd700
2026-06-30 15:56:13 [DEBU] Create activity log for celery task: cf927c4a-fe72-49e0-bc22-81e5f776f822
2026-06-30 15:56:13 Create activity log for celery task: cf927c4a-fe72-49e0-bc22-81e5f776f822
2026-06-30 15:56:13 [DEBU] Create activity log for celery task: 0129a315-069d-43e8-a411-e008ace9fc20
2026-06-30 15:56:13 Create activity log for celery task: 0129a315-069d-43e8-a411-e008ace9fc20
2026-06-30 15:56:13 [DEBU] Create activity log for celery task: 1204a714-c138-453d-81bd-88edbd06241d
2026-06-30 15:56:13 Create activity log for celery task: 1204a714-c138-453d-81bd-88edbd06241d
2026-06-30 15:56:13 [DEBU] Create activity log for celery task: 317a51b0-c353-4f23-9207-14d0feedde69
2026-06-30 15:56:13 Create activity log for celery task: 317a51b0-c353-4f23-9207-14d0feedde69
2026-06-30 15:56:13 [DEBU] Create activity log for celery task: 90af5ac5-b51c-4a90-afb7-6ae6cf5efca8
2026-06-30 15:56:13 Create activity log for celery task: 90af5ac5-b51c-4a90-afb7-6ae6cf5efca8
2026-06-30 15:56:13 ansible@b482a337eb74 ready.
2026-06-30 15:56:43 pidbox command error: KeyError('No such transport: ')
Traceback (most recent call last):
  File "/opt/jumpserver/.venv/lib/python3.11/site-packages/kombu/transport/__init__.py", line 62, in resolve_transport
    transport = TRANSPORT_ALIASES[transport]
                ~~~~~~~~~~~~~~~~~^^^^^^^^^^^
KeyError: ''

During handling of the above exception, another exception occurred:

Traceback (most recent call last):
  File "/opt/jumpserver/.venv/lib/python3.11/site-packages/kombu/pidbox.py", line 102, in dispatch
    reply = handle(method, arguments)
            ^^^^^^^^^^^^^^^^^^^^^^^^^
  File "/opt/jumpserver/.venv/lib/python3.11/site-packages/kombu/pidbox.py", line 121, in handle_call
    return self.handle(method, arguments)
           ^^^^^^^^^^^^^^^^^^^^^^^^^^^^^^
  File "/opt/jumpserver/.venv/lib/python3.11/site-packages/kombu/pidbox.py", line 118, in handle
    return self.handlers[method](self.state, **arguments)
           ^^^^^^^^^^^^^^^^^^^^^^^^^^^^^^^^^^^^^^^^^^^^^^
  File "/opt/jumpserver/.venv/lib/python3.11/site-packages/celery/worker/control.py", line 91, in conf
    return jsonify(state.app.conf.table(with_defaults=with_defaults),
                   ^^^^^^^^^^^^^^^^^^^^^^^^^^^^^^^^^^^^^^^^^^^^^^^^^
  File "/opt/jumpserver/.venv/lib/python3.11/site-packages/celery/app/utils.py", line 186, in table
    return filt({
           ^^^^^^
  File "/opt/jumpserver/.venv/lib/python3.11/site-packages/celery/app/utils.py", line 343, in filter_hidden_settings
    return {k: maybe_censor(k, v) for k, v in conf.items()}
           ^^^^^^^^^^^^^^^^^^^^^^^^^^^^^^^^^^^^^^^^^^^^^^^^
  File "/opt/jumpserver/.venv/lib/python3.11/site-packages/celery/app/utils.py", line 343, in <dictcomp>
    return {k: maybe_censor(k, v) for k, v in conf.items()}
               ^^^^^^^^^^^^^^^^^^
  File "/opt/jumpserver/.venv/lib/python3.11/site-packages/celery/app/utils.py", line 337, in maybe_censor
    return Connection(value).as_uri(mask=mask)
           ^^^^^^^^^^^^^^^^^
  File "/opt/jumpserver/.venv/lib/python3.11/site-packages/kombu/connection.py", line 201, in __init__
    if not get_transport_cls(transport).can_parse_url:
           ^^^^^^^^^^^^^^^^^^^^^^^^^^^^
  File "/opt/jumpserver/.venv/lib/python3.11/site-packages/kombu/transport/__init__.py", line 90, in get_transport_cls
    _transport_cache[transport] = resolve_transport(transport)
                                  ^^^^^^^^^^^^^^^^^^^^^^^^^^^^
  File "/opt/jumpserver/.venv/lib/python3.11/site-packages/kombu/transport/__init__.py", line 71, in resolve_transport
    raise KeyError(f'No such transport: {transport}')
KeyError: 'No such transport: '
2026-06-30 15:56:48 Events of group {task} enabled by remote.
2026-06-30 16:00:31 [INFO] init sqlite db /opt/jumpserver/data/system/leak_passwords.db
2026-06-30 16:00:31 [DEBU] Start subscribe for expire orgs mapping from memory
2026-06-30 16:00:31 [DEBU] Start subscribe for expire node assets id mapping from memory
2026-06-30 16:00:31 [DEBU] Start subscribe vault change
2026-06-30 16:00:31 [INFO] Start subscribe for stop job execution
2026-06-30 16:00:31 [DEBU] Start subscribe setting change
2026-06-30 16:00:31 [DEBU] Start subscribe for expire node assets id mapping from memory
/opt/jumpserver/.venv/lib/python3.11/site-packages/celery/platforms.py:829: SecurityWarning: You're running the worker with superuser privileges: this is
absolutely not recommended!

Please specify a different user using the --uid option.

User information: uid=0 euid=0 gid=0 egid=0

  warnings.warn(SecurityWarning(ROOT_DISCOURAGED.format(
 
 -------------- ansible@b482a337eb74 v5.3.1 (emerald-rush)
--- ***** ----- 
-- ******* ---- Linux-6.18.33.2-microsoft-standard-WSL2-x86_64-with-glibc2.41 2026-06-30 16:00:43
- *** --- * --- 
- ** ---------- [config]
- ** ---------- .> app:         jumpserver:0x708a4ebfcc10
- ** ---------- .> transport:   redis://redis:6379/3
- ** ---------- .> results:     redis://redis:6379/3
- *** --- * --- .> concurrency: 10 (thread)
-- ******* ---- .> task events: OFF (enable -E to monitor tasks in this worker)
--- ***** ----- 
 -------------- [queues]
                .> ansible          exchange=ansible(direct) key=ansible
                

[tasks]
  . accounts.tasks.automation.clean_change_secret_and_push_record_period
  . accounts.tasks.automation.execute_account_automation_task
  . accounts.tasks.automation.execute_automation_record_task
  . accounts.tasks.push_account.change_secret_accounts_to_assets_task
  . accounts.tasks.push_account.push_accounts_to_assets_task
  . accounts.tasks.remove_account.clean_historical_accounts
  . accounts.tasks.remove_account.remove_accounts_task
  . accounts.tasks.template.template_sync_related_accounts
  . accounts.tasks.vault.sync_secret_to_vault
  . accounts.tasks.verify_account.verify_accounts_connectivity_task
  . assets.tasks.automation.execute_asset_automation_task
  . assets.tasks.gather_facts.gather_assets_facts_task
  . assets.tasks.nodes_amount.check_node_assets_amount_period_task
  . assets.tasks.nodes_amount.check_node_assets_amount_task
  . assets.tasks.ping.test_assets_connectivity_task
  . assets.tasks.ping_gateway.test_gateways_connectivity_task
  . audits.tasks.clean_audits_log_period
  . audits.tasks.upload_ftp_file_to_external_storage
  . authentication.tasks.clean_django_sessions
  . authentication.tasks.clean_expire_token
  . common.tasks.send_mail_async
  . common.tasks.send_mail_attachment_async
  . common.tasks.upload_backup_to_obj_storage
  . common.utils.verify_code.send_sms_async
  . notifications.notifications.publish_task
  . ops.tasks.check_server_performance_period
  . ops.tasks.clean_celery_periodic_tasks
  . ops.tasks.clean_job_execution_period
  . ops.tasks.clean_up_unexpected_jobs
  . ops.tasks.create_or_update_registered_periodic_tasks
  . ops.tasks.run_ops_job
  . ops.tasks.run_ops_job_execution
  . orgs.tasks.refresh_org_cache_task
  . perms.tasks.check_asset_permission_expired
  . perms.tasks.check_asset_permission_will_expired
  . settings.tasks.ldap.import_ldap_ha_user
  . settings.tasks.ldap.import_ldap_ha_user_periodic
  . settings.tasks.ldap.import_ldap_user
  . settings.tasks.ldap.import_ldap_user_periodic
  . terminal.tasks.applet_host_generate_accounts
  . terminal.tasks.check_command_replay_storage_connectivity
  . terminal.tasks.clean_orphan_session
  . terminal.tasks.delete_terminal_status_period
  . terminal.tasks.run_applet_host_deployment
  . terminal.tasks.run_applet_host_deployment_install_applet
  . terminal.tasks.run_applet_host_deployment_uninstall_applet
  . terminal.tasks.upload_session_replay_file_to_external_storage
  . terminal.tasks.upload_session_replay_to_external_storage
  . users.signal_handlers.clean_expired_user_session_period
  . users.tasks.check_password_expired
  . users.tasks.check_password_expired_periodic
  . users.tasks.check_unused_users
  . users.tasks.check_user_expired
  . users.tasks.check_user_expired_periodic

2026-06-30 16:00:43 /opt/jumpserver/.venv/lib/python3.11/site-packages/celery/app/utils.py:203: CDeprecationWarning: 
    The 'CELERY_RESULT_SERIALIZER' setting is deprecated and scheduled for removal in
    version 6.0.0. Use the result_serializer instead

  deprecated.warn(description=f'The {setting!r} setting',

2026-06-30 16:00:43 /opt/jumpserver/.venv/lib/python3.11/site-packages/celery/app/utils.py:203: CDeprecationWarning: 
    The 'CELERY_TIMEZONE' setting is deprecated and scheduled for removal in
    version 6.0.0. Use the timezone instead

  deprecated.warn(description=f'The {setting!r} setting',

2026-06-30 16:00:43 /opt/jumpserver/.venv/lib/python3.11/site-packages/celery/app/utils.py:203: CDeprecationWarning: 
    The 'CELERY_TASK_SERIALIZER' setting is deprecated and scheduled for removal in
    version 6.0.0. Use the task_serializer instead

  deprecated.warn(description=f'The {setting!r} setting',

2026-06-30 16:00:43 /opt/jumpserver/.venv/lib/python3.11/site-packages/celery/app/utils.py:203: CDeprecationWarning: 
    The 'CELERY_ACCEPT_CONTENT' setting is deprecated and scheduled for removal in
    version 6.0.0. Use the accept_content instead

  deprecated.warn(description=f'The {setting!r} setting',

2026-06-30 16:00:43 /opt/jumpserver/.venv/lib/python3.11/site-packages/celery/app/utils.py:203: CDeprecationWarning: 
    The 'CELERY_QUEUES' setting is deprecated and scheduled for removal in
    version 6.0.0. Use the task_queues instead

  deprecated.warn(description=f'The {setting!r} setting',

2026-06-30 16:00:43 /opt/jumpserver/.venv/lib/python3.11/site-packages/celery/app/utils.py:203: CDeprecationWarning: 
    The 'CELERY_RESULT_BACKEND' setting is deprecated and scheduled for removal in
    version 6.0.0. Use the result_backend instead

  deprecated.warn(description=f'The {setting!r} setting',

2026-06-30 16:00:43 Please run `celery upgrade settings path/to/settings.py` to avoid these warnings and to allow a smoother upgrade to Celery 6.0.
2026-06-30 16:00:43 /opt/jumpserver/.venv/lib/python3.11/site-packages/celery/worker/consumer/consumer.py:498: CPendingDeprecationWarning: The broker_connection_retry configuration setting will no longer determine
whether broker connection retries are made during startup in Celery 6.0 and above.
If you wish to retain the existing behavior for retrying connections on startup,
you should set broker_connection_retry_on_startup to True.
  warnings.warn(

2026-06-30 16:00:43 Connected to redis://redis:6379/3
2026-06-30 16:00:43 /opt/jumpserver/.venv/lib/python3.11/site-packages/celery/worker/consumer/consumer.py:498: CPendingDeprecationWarning: The broker_connection_retry configuration setting will no longer determine
whether broker connection retries are made during startup in Celery 6.0 and above.
If you wish to retain the existing behavior for retrying connections on startup,
you should set broker_connection_retry_on_startup to True.
  warnings.warn(

2026-06-30 16:00:43 [DEBU] Work ready signal recv
2026-06-30 16:00:43 Work ready signal recv
2026-06-30 16:00:43 [DEBU] Start need start task: [users.tasks.check_password_expired_periodic, users.tasks.check_user_expired_periodic, ops.tasks.clean_celery_periodic_tasks, ops.tasks.create_or_update_registered_periodic_tasks, settings.tasks.ldap.import_ldap_user_periodic, settings.tasks.ldap.import_ldap_ha_user_periodic, terminal.tasks.delete_terminal_status_period, terminal.tasks.clean_orphan_session]
2026-06-30 16:00:43 Start need start task: [users.tasks.check_password_expired_periodic, users.tasks.check_user_expired_periodic, ops.tasks.clean_celery_periodic_tasks, ops.tasks.create_or_update_registered_periodic_tasks, settings.tasks.ldap.import_ldap_user_periodic, settings.tasks.ldap.import_ldap_ha_user_periodic, terminal.tasks.delete_terminal_status_period, terminal.tasks.clean_orphan_session]
2026-06-30 16:00:43 [DEBU] Create activity log for celery task: aae42a71-5432-4ba0-8d34-a804983bd9e1
2026-06-30 16:00:43 Create activity log for celery task: aae42a71-5432-4ba0-8d34-a804983bd9e1
2026-06-30 16:00:44 [DEBU] Create activity log for celery task: aaabb85c-73a0-4517-8575-741e3df94a70
2026-06-30 16:00:44 Create activity log for celery task: aaabb85c-73a0-4517-8575-741e3df94a70
2026-06-30 16:00:44 [DEBU] Create activity log for celery task: 1f12be41-3365-4140-8729-415853d3b746
2026-06-30 16:00:44 Create activity log for celery task: 1f12be41-3365-4140-8729-415853d3b746
2026-06-30 16:00:44 [DEBU] Create activity log for celery task: 40098261-0e2b-410f-9b50-84700f96e3bc
2026-06-30 16:00:44 Create activity log for celery task: 40098261-0e2b-410f-9b50-84700f96e3bc
2026-06-30 16:00:44 [DEBU] Create activity log for celery task: 257684f3-206a-46ae-937d-56ddb4358fff
2026-06-30 16:00:44 Create activity log for celery task: 257684f3-206a-46ae-937d-56ddb4358fff
2026-06-30 16:00:44 [DEBU] Create activity log for celery task: c42eb9d9-3cbd-4614-9c18-dd62c83dd6d7
2026-06-30 16:00:44 Create activity log for celery task: c42eb9d9-3cbd-4614-9c18-dd62c83dd6d7
2026-06-30 16:00:44 [DEBU] Create activity log for celery task: f8ed7fe2-864e-4fcc-a531-52ef75c96ead
2026-06-30 16:00:44 Create activity log for celery task: f8ed7fe2-864e-4fcc-a531-52ef75c96ead
2026-06-30 16:00:44 [DEBU] Create activity log for celery task: b9d52807-839e-4823-b9a7-29084be50594
2026-06-30 16:00:44 Create activity log for celery task: b9d52807-839e-4823-b9a7-29084be50594
2026-06-30 16:00:44 ansible@b482a337eb74 ready.
2026-06-30 16:01:07 pidbox command error: KeyError('No such transport: ')
Traceback (most recent call last):
  File "/opt/jumpserver/.venv/lib/python3.11/site-packages/kombu/transport/__init__.py", line 62, in resolve_transport
    transport = TRANSPORT_ALIASES[transport]
                ~~~~~~~~~~~~~~~~~^^^^^^^^^^^
KeyError: ''

During handling of the above exception, another exception occurred:

Traceback (most recent call last):
  File "/opt/jumpserver/.venv/lib/python3.11/site-packages/kombu/pidbox.py", line 102, in dispatch
    reply = handle(method, arguments)
            ^^^^^^^^^^^^^^^^^^^^^^^^^
  File "/opt/jumpserver/.venv/lib/python3.11/site-packages/kombu/pidbox.py", line 121, in handle_call
    return self.handle(method, arguments)
           ^^^^^^^^^^^^^^^^^^^^^^^^^^^^^^
  File "/opt/jumpserver/.venv/lib/python3.11/site-packages/kombu/pidbox.py", line 118, in handle
    return self.handlers[method](self.state, **arguments)
           ^^^^^^^^^^^^^^^^^^^^^^^^^^^^^^^^^^^^^^^^^^^^^^
  File "/opt/jumpserver/.venv/lib/python3.11/site-packages/celery/worker/control.py", line 91, in conf
    return jsonify(state.app.conf.table(with_defaults=with_defaults),
                   ^^^^^^^^^^^^^^^^^^^^^^^^^^^^^^^^^^^^^^^^^^^^^^^^^
  File "/opt/jumpserver/.venv/lib/python3.11/site-packages/celery/app/utils.py", line 186, in table
    return filt({
           ^^^^^^
  File "/opt/jumpserver/.venv/lib/python3.11/site-packages/celery/app/utils.py", line 343, in filter_hidden_settings
    return {k: maybe_censor(k, v) for k, v in conf.items()}
           ^^^^^^^^^^^^^^^^^^^^^^^^^^^^^^^^^^^^^^^^^^^^^^^^
  File "/opt/jumpserver/.venv/lib/python3.11/site-packages/celery/app/utils.py", line 343, in <dictcomp>
    return {k: maybe_censor(k, v) for k, v in conf.items()}
               ^^^^^^^^^^^^^^^^^^
  File "/opt/jumpserver/.venv/lib/python3.11/site-packages/celery/app/utils.py", line 337, in maybe_censor
    return Connection(value).as_uri(mask=mask)
           ^^^^^^^^^^^^^^^^^
  File "/opt/jumpserver/.venv/lib/python3.11/site-packages/kombu/connection.py", line 201, in __init__
    if not get_transport_cls(transport).can_parse_url:
           ^^^^^^^^^^^^^^^^^^^^^^^^^^^^
  File "/opt/jumpserver/.venv/lib/python3.11/site-packages/kombu/transport/__init__.py", line 90, in get_transport_cls
    _transport_cache[transport] = resolve_transport(transport)
                                  ^^^^^^^^^^^^^^^^^^^^^^^^^^^^
  File "/opt/jumpserver/.venv/lib/python3.11/site-packages/kombu/transport/__init__.py", line 71, in resolve_transport
    raise KeyError(f'No such transport: {transport}')
KeyError: 'No such transport: '
2026-06-30 16:01:12 Events of group {task} enabled by remote.
2026-06-30 17:17:59 [INFO] init sqlite db /opt/jumpserver/data/system/leak_passwords.db
2026-06-30 17:17:59 [DEBU] Start subscribe for expire orgs mapping from memory
2026-06-30 17:17:59 [DEBU] Start subscribe for expire node assets id mapping from memory
2026-06-30 17:17:59 [DEBU] Start subscribe vault change
2026-06-30 17:17:59 [INFO] Start subscribe for stop job execution
2026-06-30 17:17:59 [DEBU] Start subscribe setting change
2026-06-30 17:17:59 [DEBU] Start subscribe for expire node assets id mapping from memory
/opt/jumpserver/.venv/lib/python3.11/site-packages/celery/platforms.py:829: SecurityWarning: You're running the worker with superuser privileges: this is
absolutely not recommended!

Please specify a different user using the --uid option.

User information: uid=0 euid=0 gid=0 egid=0

  warnings.warn(SecurityWarning(ROOT_DISCOURAGED.format(
 
 -------------- ansible@8900ae1f0534 v5.3.1 (emerald-rush)
--- ***** ----- 
-- ******* ---- Linux-6.18.33.2-microsoft-standard-WSL2-x86_64-with-glibc2.41 2026-06-30 17:18:11
- *** --- * --- 
- ** ---------- [config]
- ** ---------- .> app:         jumpserver:0x73e2cd88d050
- ** ---------- .> transport:   redis://redis:6379/3
- ** ---------- .> results:     redis://redis:6379/3
- *** --- * --- .> concurrency: 10 (thread)
-- ******* ---- .> task events: OFF (enable -E to monitor tasks in this worker)
--- ***** ----- 
 -------------- [queues]
                .> ansible          exchange=ansible(direct) key=ansible
                

[tasks]
  . accounts.tasks.automation.clean_change_secret_and_push_record_period
  . accounts.tasks.automation.execute_account_automation_task
  . accounts.tasks.automation.execute_automation_record_task
  . accounts.tasks.push_account.change_secret_accounts_to_assets_task
  . accounts.tasks.push_account.push_accounts_to_assets_task
  . accounts.tasks.remove_account.clean_historical_accounts
  . accounts.tasks.remove_account.remove_accounts_task
  . accounts.tasks.template.template_sync_related_accounts
  . accounts.tasks.vault.sync_secret_to_vault
  . accounts.tasks.verify_account.verify_accounts_connectivity_task
  . assets.tasks.automation.execute_asset_automation_task
  . assets.tasks.gather_facts.gather_assets_facts_task
  . assets.tasks.nodes_amount.check_node_assets_amount_period_task
  . assets.tasks.nodes_amount.check_node_assets_amount_task
  . assets.tasks.ping.test_assets_connectivity_task
  . assets.tasks.ping_gateway.test_gateways_connectivity_task
  . audits.tasks.clean_audits_log_period
  . audits.tasks.upload_ftp_file_to_external_storage
  . authentication.tasks.clean_django_sessions
  . authentication.tasks.clean_expire_token
  . common.tasks.send_mail_async
  . common.tasks.send_mail_attachment_async
  . common.tasks.upload_backup_to_obj_storage
  . common.utils.verify_code.send_sms_async
  . notifications.notifications.publish_task
  . ops.tasks.check_server_performance_period
  . ops.tasks.clean_celery_periodic_tasks
  . ops.tasks.clean_job_execution_period
  . ops.tasks.clean_up_unexpected_jobs
  . ops.tasks.create_or_update_registered_periodic_tasks
  . ops.tasks.run_ops_job
  . ops.tasks.run_ops_job_execution
  . orgs.tasks.refresh_org_cache_task
  . perms.tasks.check_asset_permission_expired
  . perms.tasks.check_asset_permission_will_expired
  . settings.tasks.ldap.import_ldap_ha_user
  . settings.tasks.ldap.import_ldap_ha_user_periodic
  . settings.tasks.ldap.import_ldap_user
  . settings.tasks.ldap.import_ldap_user_periodic
  . terminal.tasks.applet_host_generate_accounts
  . terminal.tasks.check_command_replay_storage_connectivity
  . terminal.tasks.clean_orphan_session
  . terminal.tasks.delete_terminal_status_period
  . terminal.tasks.run_applet_host_deployment
  . terminal.tasks.run_applet_host_deployment_install_applet
  . terminal.tasks.run_applet_host_deployment_uninstall_applet
  . terminal.tasks.upload_session_replay_file_to_external_storage
  . terminal.tasks.upload_session_replay_to_external_storage
  . users.signal_handlers.clean_expired_user_session_period
  . users.tasks.check_password_expired
  . users.tasks.check_password_expired_periodic
  . users.tasks.check_unused_users
  . users.tasks.check_user_expired
  . users.tasks.check_user_expired_periodic

2026-06-30 17:18:11 /opt/jumpserver/.venv/lib/python3.11/site-packages/celery/app/utils.py:203: CDeprecationWarning: 
    The 'CELERY_RESULT_BACKEND' setting is deprecated and scheduled for removal in
    version 6.0.0. Use the result_backend instead

  deprecated.warn(description=f'The {setting!r} setting',

2026-06-30 17:18:11 /opt/jumpserver/.venv/lib/python3.11/site-packages/celery/app/utils.py:203: CDeprecationWarning: 
    The 'CELERY_ACCEPT_CONTENT' setting is deprecated and scheduled for removal in
    version 6.0.0. Use the accept_content instead

  deprecated.warn(description=f'The {setting!r} setting',

2026-06-30 17:18:11 /opt/jumpserver/.venv/lib/python3.11/site-packages/celery/app/utils.py:203: CDeprecationWarning: 
    The 'CELERY_QUEUES' setting is deprecated and scheduled for removal in
    version 6.0.0. Use the task_queues instead

  deprecated.warn(description=f'The {setting!r} setting',

2026-06-30 17:18:11 /opt/jumpserver/.venv/lib/python3.11/site-packages/celery/app/utils.py:203: CDeprecationWarning: 
    The 'CELERY_TIMEZONE' setting is deprecated and scheduled for removal in
    version 6.0.0. Use the timezone instead

  deprecated.warn(description=f'The {setting!r} setting',

2026-06-30 17:18:11 /opt/jumpserver/.venv/lib/python3.11/site-packages/celery/app/utils.py:203: CDeprecationWarning: 
    The 'CELERY_RESULT_SERIALIZER' setting is deprecated and scheduled for removal in
    version 6.0.0. Use the result_serializer instead

  deprecated.warn(description=f'The {setting!r} setting',

2026-06-30 17:18:11 /opt/jumpserver/.venv/lib/python3.11/site-packages/celery/app/utils.py:203: CDeprecationWarning: 
    The 'CELERY_TASK_SERIALIZER' setting is deprecated and scheduled for removal in
    version 6.0.0. Use the task_serializer instead

  deprecated.warn(description=f'The {setting!r} setting',

2026-06-30 17:18:11 Please run `celery upgrade settings path/to/settings.py` to avoid these warnings and to allow a smoother upgrade to Celery 6.0.
2026-06-30 17:18:11 /opt/jumpserver/.venv/lib/python3.11/site-packages/celery/worker/consumer/consumer.py:498: CPendingDeprecationWarning: The broker_connection_retry configuration setting will no longer determine
whether broker connection retries are made during startup in Celery 6.0 and above.
If you wish to retain the existing behavior for retrying connections on startup,
you should set broker_connection_retry_on_startup to True.
  warnings.warn(

2026-06-30 17:18:11 Connected to redis://redis:6379/3
2026-06-30 17:18:11 /opt/jumpserver/.venv/lib/python3.11/site-packages/celery/worker/consumer/consumer.py:498: CPendingDeprecationWarning: The broker_connection_retry configuration setting will no longer determine
whether broker connection retries are made during startup in Celery 6.0 and above.
If you wish to retain the existing behavior for retrying connections on startup,
you should set broker_connection_retry_on_startup to True.
  warnings.warn(

2026-06-30 17:18:11 ansible@8900ae1f0534 ready.

worker: Warm shutdown (MainProcess)
2026-06-30 17:18:15 [DEBU] Worker shutdown signal recv
2026-06-30 17:18:15 Worker shutdown signal recv
2026-06-30 17:18:15 [DEBU] Clean period tasks: []
2026-06-30 17:18:15 Clean period tasks: []
2026-06-30 17:18:24 [INFO] init sqlite db /opt/jumpserver/data/system/leak_passwords.db
2026-06-30 17:18:24 [DEBU] Start subscribe for expire orgs mapping from memory
2026-06-30 17:18:24 [DEBU] Start subscribe for expire node assets id mapping from memory
2026-06-30 17:18:24 [DEBU] Start subscribe vault change
2026-06-30 17:18:24 [INFO] Start subscribe for stop job execution
2026-06-30 17:18:24 [DEBU] Start subscribe setting change
2026-06-30 17:18:24 [DEBU] Start subscribe for expire node assets id mapping from memory
/opt/jumpserver/.venv/lib/python3.11/site-packages/celery/platforms.py:829: SecurityWarning: You're running the worker with superuser privileges: this is
absolutely not recommended!

Please specify a different user using the --uid option.

User information: uid=0 euid=0 gid=0 egid=0

  warnings.warn(SecurityWarning(ROOT_DISCOURAGED.format(
 
 -------------- ansible@8900ae1f0534 v5.3.1 (emerald-rush)
--- ***** ----- 
-- ******* ---- Linux-6.18.33.2-microsoft-standard-WSL2-x86_64-with-glibc2.41 2026-06-30 17:18:28
- *** --- * --- 
- ** ---------- [config]
- ** ---------- .> app:         jumpserver:0x7dadfe71ee50
- ** ---------- .> transport:   redis://redis:6379/3
- ** ---------- .> results:     redis://redis:6379/3
- *** --- * --- .> concurrency: 10 (thread)
-- ******* ---- .> task events: OFF (enable -E to monitor tasks in this worker)
--- ***** ----- 
 -------------- [queues]
                .> ansible          exchange=ansible(direct) key=ansible
                

[tasks]
  . accounts.tasks.automation.clean_change_secret_and_push_record_period
  . accounts.tasks.automation.execute_account_automation_task
  . accounts.tasks.automation.execute_automation_record_task
  . accounts.tasks.push_account.change_secret_accounts_to_assets_task
  . accounts.tasks.push_account.push_accounts_to_assets_task
  . accounts.tasks.remove_account.clean_historical_accounts
  . accounts.tasks.remove_account.remove_accounts_task
  . accounts.tasks.template.template_sync_related_accounts
  . accounts.tasks.vault.sync_secret_to_vault
  . accounts.tasks.verify_account.verify_accounts_connectivity_task
  . assets.tasks.automation.execute_asset_automation_task
  . assets.tasks.gather_facts.gather_assets_facts_task
  . assets.tasks.nodes_amount.check_node_assets_amount_period_task
  . assets.tasks.nodes_amount.check_node_assets_amount_task
  . assets.tasks.ping.test_assets_connectivity_task
  . assets.tasks.ping_gateway.test_gateways_connectivity_task
  . audits.tasks.clean_audits_log_period
  . audits.tasks.upload_ftp_file_to_external_storage
  . authentication.tasks.clean_django_sessions
  . authentication.tasks.clean_expire_token
  . common.tasks.send_mail_async
  . common.tasks.send_mail_attachment_async
  . common.tasks.upload_backup_to_obj_storage
  . common.utils.verify_code.send_sms_async
  . notifications.notifications.publish_task
  . ops.tasks.check_server_performance_period
  . ops.tasks.clean_celery_periodic_tasks
  . ops.tasks.clean_job_execution_period
  . ops.tasks.clean_up_unexpected_jobs
  . ops.tasks.create_or_update_registered_periodic_tasks
  . ops.tasks.run_ops_job
  . ops.tasks.run_ops_job_execution
  . orgs.tasks.refresh_org_cache_task
  . perms.tasks.check_asset_permission_expired
  . perms.tasks.check_asset_permission_will_expired
  . settings.tasks.ldap.import_ldap_ha_user
  . settings.tasks.ldap.import_ldap_ha_user_periodic
  . settings.tasks.ldap.import_ldap_user
  . settings.tasks.ldap.import_ldap_user_periodic
  . terminal.tasks.applet_host_generate_accounts
  . terminal.tasks.check_command_replay_storage_connectivity
  . terminal.tasks.clean_orphan_session
  . terminal.tasks.delete_terminal_status_period
  . terminal.tasks.run_applet_host_deployment
  . terminal.tasks.run_applet_host_deployment_install_applet
  . terminal.tasks.run_applet_host_deployment_uninstall_applet
  . terminal.tasks.upload_session_replay_file_to_external_storage
  . terminal.tasks.upload_session_replay_to_external_storage
  . users.signal_handlers.clean_expired_user_session_period
  . users.tasks.check_password_expired
  . users.tasks.check_password_expired_periodic
  . users.tasks.check_unused_users
  . users.tasks.check_user_expired
  . users.tasks.check_user_expired_periodic

2026-06-30 17:18:28 /opt/jumpserver/.venv/lib/python3.11/site-packages/celery/app/utils.py:203: CDeprecationWarning: 
    The 'CELERY_TIMEZONE' setting is deprecated and scheduled for removal in
    version 6.0.0. Use the timezone instead

  deprecated.warn(description=f'The {setting!r} setting',

2026-06-30 17:18:28 /opt/jumpserver/.venv/lib/python3.11/site-packages/celery/app/utils.py:203: CDeprecationWarning: 
    The 'CELERY_ACCEPT_CONTENT' setting is deprecated and scheduled for removal in
    version 6.0.0. Use the accept_content instead

  deprecated.warn(description=f'The {setting!r} setting',

2026-06-30 17:18:28 /opt/jumpserver/.venv/lib/python3.11/site-packages/celery/app/utils.py:203: CDeprecationWarning: 
    The 'CELERY_QUEUES' setting is deprecated and scheduled for removal in
    version 6.0.0. Use the task_queues instead

  deprecated.warn(description=f'The {setting!r} setting',

2026-06-30 17:18:28 /opt/jumpserver/.venv/lib/python3.11/site-packages/celery/app/utils.py:203: CDeprecationWarning: 
    The 'CELERY_RESULT_BACKEND' setting is deprecated and scheduled for removal in
    version 6.0.0. Use the result_backend instead

  deprecated.warn(description=f'The {setting!r} setting',

2026-06-30 17:18:28 /opt/jumpserver/.venv/lib/python3.11/site-packages/celery/app/utils.py:203: CDeprecationWarning: 
    The 'CELERY_TASK_SERIALIZER' setting is deprecated and scheduled for removal in
    version 6.0.0. Use the task_serializer instead

  deprecated.warn(description=f'The {setting!r} setting',

2026-06-30 17:18:28 /opt/jumpserver/.venv/lib/python3.11/site-packages/celery/app/utils.py:203: CDeprecationWarning: 
    The 'CELERY_RESULT_SERIALIZER' setting is deprecated and scheduled for removal in
    version 6.0.0. Use the result_serializer instead

  deprecated.warn(description=f'The {setting!r} setting',

2026-06-30 17:18:28 Please run `celery upgrade settings path/to/settings.py` to avoid these warnings and to allow a smoother upgrade to Celery 6.0.
2026-06-30 17:18:28 /opt/jumpserver/.venv/lib/python3.11/site-packages/celery/worker/consumer/consumer.py:498: CPendingDeprecationWarning: The broker_connection_retry configuration setting will no longer determine
whether broker connection retries are made during startup in Celery 6.0 and above.
If you wish to retain the existing behavior for retrying connections on startup,
you should set broker_connection_retry_on_startup to True.
  warnings.warn(

2026-06-30 17:18:28 Connected to redis://redis:6379/3
2026-06-30 17:18:28 /opt/jumpserver/.venv/lib/python3.11/site-packages/celery/worker/consumer/consumer.py:498: CPendingDeprecationWarning: The broker_connection_retry configuration setting will no longer determine
whether broker connection retries are made during startup in Celery 6.0 and above.
If you wish to retain the existing behavior for retrying connections on startup,
you should set broker_connection_retry_on_startup to True.
  warnings.warn(

2026-06-30 17:18:28 [DEBU] Work ready signal recv
2026-06-30 17:18:28 Work ready signal recv
2026-06-30 17:18:28 [DEBU] Start need start task: [users.tasks.check_password_expired_periodic, users.tasks.check_user_expired_periodic, ops.tasks.clean_celery_periodic_tasks, ops.tasks.create_or_update_registered_periodic_tasks, settings.tasks.ldap.import_ldap_user_periodic, settings.tasks.ldap.import_ldap_ha_user_periodic, terminal.tasks.delete_terminal_status_period, terminal.tasks.clean_orphan_session]
2026-06-30 17:18:28 Start need start task: [users.tasks.check_password_expired_periodic, users.tasks.check_user_expired_periodic, ops.tasks.clean_celery_periodic_tasks, ops.tasks.create_or_update_registered_periodic_tasks, settings.tasks.ldap.import_ldap_user_periodic, settings.tasks.ldap.import_ldap_ha_user_periodic, terminal.tasks.delete_terminal_status_period, terminal.tasks.clean_orphan_session]
2026-06-30 17:18:28 Signal handler <function on_app_ready at 0x7dadf1fb27a0> raised: ProgrammingError(1146, "Table 'jumpserver.django_celery_beat_periodictask' doesn't exist")
Traceback (most recent call last):
  File "/opt/jumpserver/.venv/lib/python3.11/site-packages/django/db/backends/utils.py", line 89, in _execute
    return self.cursor.execute(sql, params)
           ^^^^^^^^^^^^^^^^^^^^^^^^^^^^^^^^
  File "/opt/jumpserver/.venv/lib/python3.11/site-packages/django/db/backends/mysql/base.py", line 75, in execute
    return self.cursor.execute(query, args)
           ^^^^^^^^^^^^^^^^^^^^^^^^^^^^^^^^
  File "/opt/jumpserver/.venv/lib/python3.11/site-packages/MySQLdb/cursors.py", line 179, in execute
    res = self._query(mogrified_query)
          ^^^^^^^^^^^^^^^^^^^^^^^^^^^^
  File "/opt/jumpserver/.venv/lib/python3.11/site-packages/MySQLdb/cursors.py", line 330, in _query
    db.query(q)
  File "/opt/jumpserver/.venv/lib/python3.11/site-packages/MySQLdb/connections.py", line 261, in query
    _mysql.connection.query(self, query)
MySQLdb.ProgrammingError: (1146, "Table 'jumpserver.django_celery_beat_periodictask' doesn't exist")

The above exception was the direct cause of the following exception:

Traceback (most recent call last):
  File "/opt/jumpserver/.venv/lib/python3.11/site-packages/celery/utils/dispatch/signal.py", line 276, in send
    response = receiver(signal=self, sender=sender, **named)
               ^^^^^^^^^^^^^^^^^^^^^^^^^^^^^^^^^^^^^^^^^^^^^
  File "/opt/jumpserver/apps/ops/celery/signal_handler.py", line 29, in on_app_ready
    periodic_task = PeriodicTask.objects.filter(task=task).first()
                    ^^^^^^^^^^^^^^^^^^^^^^^^^^^^^^^^^^^^^^^^^^^^^^
  File "/opt/jumpserver/.venv/lib/python3.11/site-packages/django/db/models/query.py", line 1047, in first
    for obj in (self if self.ordered else self.order_by("pk"))[:1]:
  File "/opt/jumpserver/.venv/lib/python3.11/site-packages/django/db/models/query.py", line 394, in __iter__
    self._fetch_all()
  File "/opt/jumpserver/.venv/lib/python3.11/site-packages/django/db/models/query.py", line 1867, in _fetch_all
    self._result_cache = list(self._iterable_class(self))
                         ^^^^^^^^^^^^^^^^^^^^^^^^^^^^^^^^
  File "/opt/jumpserver/.venv/lib/python3.11/site-packages/django/db/models/query.py", line 87, in __iter__
    results = compiler.execute_sql(
              ^^^^^^^^^^^^^^^^^^^^^
  File "/opt/jumpserver/.venv/lib/python3.11/site-packages/django/db/models/sql/compiler.py", line 1398, in execute_sql
    cursor.execute(sql, params)
  File "/opt/jumpserver/.venv/lib/python3.11/site-packages/django/db/backends/utils.py", line 67, in execute
    return self._execute_with_wrappers(
           ^^^^^^^^^^^^^^^^^^^^^^^^^^^^
  File "/opt/jumpserver/.venv/lib/python3.11/site-packages/django/db/backends/utils.py", line 80, in _execute_with_wrappers
    return executor(sql, params, many, context)
           ^^^^^^^^^^^^^^^^^^^^^^^^^^^^^^^^^^^^
  File "/opt/jumpserver/.venv/lib/python3.11/site-packages/django/db/backends/utils.py", line 84, in _execute
    with self.db.wrap_database_errors:
  File "/opt/jumpserver/.venv/lib/python3.11/site-packages/django/db/utils.py", line 91, in __exit__
    raise dj_exc_value.with_traceback(traceback) from exc_value
  File "/opt/jumpserver/.venv/lib/python3.11/site-packages/django/db/backends/utils.py", line 89, in _execute
    return self.cursor.execute(sql, params)
           ^^^^^^^^^^^^^^^^^^^^^^^^^^^^^^^^
  File "/opt/jumpserver/.venv/lib/python3.11/site-packages/django/db/backends/mysql/base.py", line 75, in execute
    return self.cursor.execute(query, args)
           ^^^^^^^^^^^^^^^^^^^^^^^^^^^^^^^^
  File "/opt/jumpserver/.venv/lib/python3.11/site-packages/MySQLdb/cursors.py", line 179, in execute
    res = self._query(mogrified_query)
          ^^^^^^^^^^^^^^^^^^^^^^^^^^^^
  File "/opt/jumpserver/.venv/lib/python3.11/site-packages/MySQLdb/cursors.py", line 330, in _query
    db.query(q)
  File "/opt/jumpserver/.venv/lib/python3.11/site-packages/MySQLdb/connections.py", line 261, in query
    _mysql.connection.query(self, query)
django.db.utils.ProgrammingError: (1146, "Table 'jumpserver.django_celery_beat_periodictask' doesn't exist")
2026-06-30 17:18:28 ansible@8900ae1f0534 ready.

worker: Warm shutdown (MainProcess)
2026-06-30 17:18:56 [DEBU] Worker shutdown signal recv
2026-06-30 17:18:56 Worker shutdown signal recv
2026-06-30 17:18:56 [DEBU] Clean period tasks: []
2026-06-30 17:18:56 Clean period tasks: []
2026-06-30 17:19:04 [INFO] init sqlite db /opt/jumpserver/data/system/leak_passwords.db
2026-06-30 17:19:04 [DEBU] Start subscribe for expire orgs mapping from memory
2026-06-30 17:19:04 [DEBU] Start subscribe for expire node assets id mapping from memory
2026-06-30 17:19:04 [DEBU] Start subscribe vault change
2026-06-30 17:19:04 [INFO] Start subscribe for stop job execution
2026-06-30 17:19:04 [DEBU] Start subscribe setting change
2026-06-30 17:19:04 [DEBU] Start subscribe for expire node assets id mapping from memory
/opt/jumpserver/.venv/lib/python3.11/site-packages/celery/platforms.py:829: SecurityWarning: You're running the worker with superuser privileges: this is
absolutely not recommended!

Please specify a different user using the --uid option.

User information: uid=0 euid=0 gid=0 egid=0

  warnings.warn(SecurityWarning(ROOT_DISCOURAGED.format(
 
 -------------- ansible@8900ae1f0534 v5.3.1 (emerald-rush)
--- ***** ----- 
-- ******* ---- Linux-6.18.33.2-microsoft-standard-WSL2-x86_64-with-glibc2.41 2026-06-30 17:19:08
- *** --- * --- 
- ** ---------- [config]
- ** ---------- .> app:         jumpserver:0x7a7df1b8ad90
- ** ---------- .> transport:   redis://redis:6379/3
- ** ---------- .> results:     redis://redis:6379/3
- *** --- * --- .> concurrency: 10 (thread)
-- ******* ---- .> task events: OFF (enable -E to monitor tasks in this worker)
--- ***** ----- 
 -------------- [queues]
                .> ansible          exchange=ansible(direct) key=ansible
                

[tasks]
  . accounts.tasks.automation.clean_change_secret_and_push_record_period
  . accounts.tasks.automation.execute_account_automation_task
  . accounts.tasks.automation.execute_automation_record_task
  . accounts.tasks.push_account.change_secret_accounts_to_assets_task
  . accounts.tasks.push_account.push_accounts_to_assets_task
  . accounts.tasks.remove_account.clean_historical_accounts
  . accounts.tasks.remove_account.remove_accounts_task
  . accounts.tasks.template.template_sync_related_accounts
  . accounts.tasks.vault.sync_secret_to_vault
  . accounts.tasks.verify_account.verify_accounts_connectivity_task
  . assets.tasks.automation.execute_asset_automation_task
  . assets.tasks.gather_facts.gather_assets_facts_task
  . assets.tasks.nodes_amount.check_node_assets_amount_period_task
  . assets.tasks.nodes_amount.check_node_assets_amount_task
  . assets.tasks.ping.test_assets_connectivity_task
  . assets.tasks.ping_gateway.test_gateways_connectivity_task
  . audits.tasks.clean_audits_log_period
  . audits.tasks.upload_ftp_file_to_external_storage
  . authentication.tasks.clean_django_sessions
  . authentication.tasks.clean_expire_token
  . common.tasks.send_mail_async
  . common.tasks.send_mail_attachment_async
  . common.tasks.upload_backup_to_obj_storage
  . common.utils.verify_code.send_sms_async
  . notifications.notifications.publish_task
  . ops.tasks.check_server_performance_period
  . ops.tasks.clean_celery_periodic_tasks
  . ops.tasks.clean_job_execution_period
  . ops.tasks.clean_up_unexpected_jobs
  . ops.tasks.create_or_update_registered_periodic_tasks
  . ops.tasks.run_ops_job
  . ops.tasks.run_ops_job_execution
  . orgs.tasks.refresh_org_cache_task
  . perms.tasks.check_asset_permission_expired
  . perms.tasks.check_asset_permission_will_expired
  . settings.tasks.ldap.import_ldap_ha_user
  . settings.tasks.ldap.import_ldap_ha_user_periodic
  . settings.tasks.ldap.import_ldap_user
  . settings.tasks.ldap.import_ldap_user_periodic
  . terminal.tasks.applet_host_generate_accounts
  . terminal.tasks.check_command_replay_storage_connectivity
  . terminal.tasks.clean_orphan_session
  . terminal.tasks.delete_terminal_status_period
  . terminal.tasks.run_applet_host_deployment
  . terminal.tasks.run_applet_host_deployment_install_applet
  . terminal.tasks.run_applet_host_deployment_uninstall_applet
  . terminal.tasks.upload_session_replay_file_to_external_storage
  . terminal.tasks.upload_session_replay_to_external_storage
  . users.signal_handlers.clean_expired_user_session_period
  . users.tasks.check_password_expired
  . users.tasks.check_password_expired_periodic
  . users.tasks.check_unused_users
  . users.tasks.check_user_expired
  . users.tasks.check_user_expired_periodic

2026-06-30 17:19:09 /opt/jumpserver/.venv/lib/python3.11/site-packages/celery/app/utils.py:203: CDeprecationWarning: 
    The 'CELERY_QUEUES' setting is deprecated and scheduled for removal in
    version 6.0.0. Use the task_queues instead

  deprecated.warn(description=f'The {setting!r} setting',

2026-06-30 17:19:09 /opt/jumpserver/.venv/lib/python3.11/site-packages/celery/app/utils.py:203: CDeprecationWarning: 
    The 'CELERY_TASK_SERIALIZER' setting is deprecated and scheduled for removal in
    version 6.0.0. Use the task_serializer instead

  deprecated.warn(description=f'The {setting!r} setting',

2026-06-30 17:19:09 /opt/jumpserver/.venv/lib/python3.11/site-packages/celery/app/utils.py:203: CDeprecationWarning: 
    The 'CELERY_RESULT_BACKEND' setting is deprecated and scheduled for removal in
    version 6.0.0. Use the result_backend instead

  deprecated.warn(description=f'The {setting!r} setting',

2026-06-30 17:19:09 /opt/jumpserver/.venv/lib/python3.11/site-packages/celery/app/utils.py:203: CDeprecationWarning: 
    The 'CELERY_RESULT_SERIALIZER' setting is deprecated and scheduled for removal in
    version 6.0.0. Use the result_serializer instead

  deprecated.warn(description=f'The {setting!r} setting',

2026-06-30 17:19:09 /opt/jumpserver/.venv/lib/python3.11/site-packages/celery/app/utils.py:203: CDeprecationWarning: 
    The 'CELERY_TIMEZONE' setting is deprecated and scheduled for removal in
    version 6.0.0. Use the timezone instead

  deprecated.warn(description=f'The {setting!r} setting',

2026-06-30 17:19:09 /opt/jumpserver/.venv/lib/python3.11/site-packages/celery/app/utils.py:203: CDeprecationWarning: 
    The 'CELERY_ACCEPT_CONTENT' setting is deprecated and scheduled for removal in
    version 6.0.0. Use the accept_content instead

  deprecated.warn(description=f'The {setting!r} setting',

2026-06-30 17:19:09 Please run `celery upgrade settings path/to/settings.py` to avoid these warnings and to allow a smoother upgrade to Celery 6.0.
2026-06-30 17:19:09 /opt/jumpserver/.venv/lib/python3.11/site-packages/celery/worker/consumer/consumer.py:498: CPendingDeprecationWarning: The broker_connection_retry configuration setting will no longer determine
whether broker connection retries are made during startup in Celery 6.0 and above.
If you wish to retain the existing behavior for retrying connections on startup,
you should set broker_connection_retry_on_startup to True.
  warnings.warn(

2026-06-30 17:19:09 Connected to redis://redis:6379/3
2026-06-30 17:19:09 /opt/jumpserver/.venv/lib/python3.11/site-packages/celery/worker/consumer/consumer.py:498: CPendingDeprecationWarning: The broker_connection_retry configuration setting will no longer determine
whether broker connection retries are made during startup in Celery 6.0 and above.
If you wish to retain the existing behavior for retrying connections on startup,
you should set broker_connection_retry_on_startup to True.
  warnings.warn(

2026-06-30 17:19:09 ansible@8900ae1f0534 ready.

worker: Warm shutdown (MainProcess)
2026-06-30 17:19:45 [INFO] init sqlite db /opt/jumpserver/data/system/leak_passwords.db
2026-06-30 17:19:45 [DEBU] Start subscribe for expire orgs mapping from memory
2026-06-30 17:19:45 [DEBU] Start subscribe for expire node assets id mapping from memory
2026-06-30 17:19:45 [DEBU] Start subscribe vault change
2026-06-30 17:19:45 [INFO] Start subscribe for stop job execution
2026-06-30 17:19:45 [DEBU] Start subscribe setting change
2026-06-30 17:19:45 [DEBU] Start subscribe for expire node assets id mapping from memory
/opt/jumpserver/.venv/lib/python3.11/site-packages/celery/platforms.py:829: SecurityWarning: You're running the worker with superuser privileges: this is
absolutely not recommended!

Please specify a different user using the --uid option.

User information: uid=0 euid=0 gid=0 egid=0

  warnings.warn(SecurityWarning(ROOT_DISCOURAGED.format(
 
 -------------- ansible@8900ae1f0534 v5.3.1 (emerald-rush)
--- ***** ----- 
-- ******* ---- Linux-6.18.33.2-microsoft-standard-WSL2-x86_64-with-glibc2.41 2026-06-30 17:19:49
- *** --- * --- 
- ** ---------- [config]
- ** ---------- .> app:         jumpserver:0x78df5f378e90
- ** ---------- .> transport:   redis://redis:6379/3
- ** ---------- .> results:     redis://redis:6379/3
- *** --- * --- .> concurrency: 10 (thread)
-- ******* ---- .> task events: OFF (enable -E to monitor tasks in this worker)
--- ***** ----- 
 -------------- [queues]
                .> ansible          exchange=ansible(direct) key=ansible
                

[tasks]
  . accounts.tasks.automation.clean_change_secret_and_push_record_period
  . accounts.tasks.automation.execute_account_automation_task
  . accounts.tasks.automation.execute_automation_record_task
  . accounts.tasks.push_account.change_secret_accounts_to_assets_task
  . accounts.tasks.push_account.push_accounts_to_assets_task
  . accounts.tasks.remove_account.clean_historical_accounts
  . accounts.tasks.remove_account.remove_accounts_task
  . accounts.tasks.template.template_sync_related_accounts
  . accounts.tasks.vault.sync_secret_to_vault
  . accounts.tasks.verify_account.verify_accounts_connectivity_task
  . assets.tasks.automation.execute_asset_automation_task
  . assets.tasks.gather_facts.gather_assets_facts_task
  . assets.tasks.nodes_amount.check_node_assets_amount_period_task
  . assets.tasks.nodes_amount.check_node_assets_amount_task
  . assets.tasks.ping.test_assets_connectivity_task
  . assets.tasks.ping_gateway.test_gateways_connectivity_task
  . audits.tasks.clean_audits_log_period
  . audits.tasks.upload_ftp_file_to_external_storage
  . authentication.tasks.clean_django_sessions
  . authentication.tasks.clean_expire_token
  . common.tasks.send_mail_async
  . common.tasks.send_mail_attachment_async
  . common.tasks.upload_backup_to_obj_storage
  . common.utils.verify_code.send_sms_async
  . notifications.notifications.publish_task
  . ops.tasks.check_server_performance_period
  . ops.tasks.clean_celery_periodic_tasks
  . ops.tasks.clean_job_execution_period
  . ops.tasks.clean_up_unexpected_jobs
  . ops.tasks.create_or_update_registered_periodic_tasks
  . ops.tasks.run_ops_job
  . ops.tasks.run_ops_job_execution
  . orgs.tasks.refresh_org_cache_task
  . perms.tasks.check_asset_permission_expired
  . perms.tasks.check_asset_permission_will_expired
  . settings.tasks.ldap.import_ldap_ha_user
  . settings.tasks.ldap.import_ldap_ha_user_periodic
  . settings.tasks.ldap.import_ldap_user
  . settings.tasks.ldap.import_ldap_user_periodic
  . terminal.tasks.applet_host_generate_accounts
  . terminal.tasks.check_command_replay_storage_connectivity
  . terminal.tasks.clean_orphan_session
  . terminal.tasks.delete_terminal_status_period
  . terminal.tasks.run_applet_host_deployment
  . terminal.tasks.run_applet_host_deployment_install_applet
  . terminal.tasks.run_applet_host_deployment_uninstall_applet
  . terminal.tasks.upload_session_replay_file_to_external_storage
  . terminal.tasks.upload_session_replay_to_external_storage
  . users.signal_handlers.clean_expired_user_session_period
  . users.tasks.check_password_expired
  . users.tasks.check_password_expired_periodic
  . users.tasks.check_unused_users
  . users.tasks.check_user_expired
  . users.tasks.check_user_expired_periodic

2026-06-30 17:19:49 /opt/jumpserver/.venv/lib/python3.11/site-packages/celery/app/utils.py:203: CDeprecationWarning: 
    The 'CELERY_RESULT_BACKEND' setting is deprecated and scheduled for removal in
    version 6.0.0. Use the result_backend instead

  deprecated.warn(description=f'The {setting!r} setting',

2026-06-30 17:19:49 /opt/jumpserver/.venv/lib/python3.11/site-packages/celery/app/utils.py:203: CDeprecationWarning: 
    The 'CELERY_TIMEZONE' setting is deprecated and scheduled for removal in
    version 6.0.0. Use the timezone instead

  deprecated.warn(description=f'The {setting!r} setting',

2026-06-30 17:19:49 /opt/jumpserver/.venv/lib/python3.11/site-packages/celery/app/utils.py:203: CDeprecationWarning: 
    The 'CELERY_QUEUES' setting is deprecated and scheduled for removal in
    version 6.0.0. Use the task_queues instead

  deprecated.warn(description=f'The {setting!r} setting',

2026-06-30 17:19:49 /opt/jumpserver/.venv/lib/python3.11/site-packages/celery/app/utils.py:203: CDeprecationWarning: 
    The 'CELERY_RESULT_SERIALIZER' setting is deprecated and scheduled for removal in
    version 6.0.0. Use the result_serializer instead

  deprecated.warn(description=f'The {setting!r} setting',

2026-06-30 17:19:49 /opt/jumpserver/.venv/lib/python3.11/site-packages/celery/app/utils.py:203: CDeprecationWarning: 
    The 'CELERY_ACCEPT_CONTENT' setting is deprecated and scheduled for removal in
    version 6.0.0. Use the accept_content instead

  deprecated.warn(description=f'The {setting!r} setting',

2026-06-30 17:19:49 /opt/jumpserver/.venv/lib/python3.11/site-packages/celery/app/utils.py:203: CDeprecationWarning: 
    The 'CELERY_TASK_SERIALIZER' setting is deprecated and scheduled for removal in
    version 6.0.0. Use the task_serializer instead

  deprecated.warn(description=f'The {setting!r} setting',

2026-06-30 17:19:49 Please run `celery upgrade settings path/to/settings.py` to avoid these warnings and to allow a smoother upgrade to Celery 6.0.
2026-06-30 17:19:49 /opt/jumpserver/.venv/lib/python3.11/site-packages/celery/worker/consumer/consumer.py:498: CPendingDeprecationWarning: The broker_connection_retry configuration setting will no longer determine
whether broker connection retries are made during startup in Celery 6.0 and above.
If you wish to retain the existing behavior for retrying connections on startup,
you should set broker_connection_retry_on_startup to True.
  warnings.warn(

2026-06-30 17:19:49 Connected to redis://redis:6379/3
2026-06-30 17:19:49 /opt/jumpserver/.venv/lib/python3.11/site-packages/celery/worker/consumer/consumer.py:498: CPendingDeprecationWarning: The broker_connection_retry configuration setting will no longer determine
whether broker connection retries are made during startup in Celery 6.0 and above.
If you wish to retain the existing behavior for retrying connections on startup,
you should set broker_connection_retry_on_startup to True.
  warnings.warn(

2026-06-30 17:19:49 [DEBU] Work ready signal recv
2026-06-30 17:19:49 Work ready signal recv
2026-06-30 17:19:49 [DEBU] Start need start task: [users.tasks.check_password_expired_periodic, users.tasks.check_user_expired_periodic, ops.tasks.clean_celery_periodic_tasks, ops.tasks.create_or_update_registered_periodic_tasks, settings.tasks.ldap.import_ldap_user_periodic, settings.tasks.ldap.import_ldap_ha_user_periodic, terminal.tasks.delete_terminal_status_period, terminal.tasks.clean_orphan_session]
2026-06-30 17:19:49 Start need start task: [users.tasks.check_password_expired_periodic, users.tasks.check_user_expired_periodic, ops.tasks.clean_celery_periodic_tasks, ops.tasks.create_or_update_registered_periodic_tasks, settings.tasks.ldap.import_ldap_user_periodic, settings.tasks.ldap.import_ldap_ha_user_periodic, terminal.tasks.delete_terminal_status_period, terminal.tasks.clean_orphan_session]
2026-06-30 17:19:49 Signal handler <function on_app_ready at 0x78df525827a0> raised: ProgrammingError(1146, "Table 'jumpserver.django_celery_beat_periodictask' doesn't exist")
Traceback (most recent call last):
  File "/opt/jumpserver/.venv/lib/python3.11/site-packages/django/db/backends/utils.py", line 89, in _execute
    return self.cursor.execute(sql, params)
           ^^^^^^^^^^^^^^^^^^^^^^^^^^^^^^^^
  File "/opt/jumpserver/.venv/lib/python3.11/site-packages/django/db/backends/mysql/base.py", line 75, in execute
    return self.cursor.execute(query, args)
           ^^^^^^^^^^^^^^^^^^^^^^^^^^^^^^^^
  File "/opt/jumpserver/.venv/lib/python3.11/site-packages/MySQLdb/cursors.py", line 179, in execute
    res = self._query(mogrified_query)
          ^^^^^^^^^^^^^^^^^^^^^^^^^^^^
  File "/opt/jumpserver/.venv/lib/python3.11/site-packages/MySQLdb/cursors.py", line 330, in _query
    db.query(q)
  File "/opt/jumpserver/.venv/lib/python3.11/site-packages/MySQLdb/connections.py", line 261, in query
    _mysql.connection.query(self, query)
MySQLdb.ProgrammingError: (1146, "Table 'jumpserver.django_celery_beat_periodictask' doesn't exist")

The above exception was the direct cause of the following exception:

Traceback (most recent call last):
  File "/opt/jumpserver/.venv/lib/python3.11/site-packages/celery/utils/dispatch/signal.py", line 276, in send
    response = receiver(signal=self, sender=sender, **named)
               ^^^^^^^^^^^^^^^^^^^^^^^^^^^^^^^^^^^^^^^^^^^^^
  File "/opt/jumpserver/apps/ops/celery/signal_handler.py", line 29, in on_app_ready
    periodic_task = PeriodicTask.objects.filter(task=task).first()
                    ^^^^^^^^^^^^^^^^^^^^^^^^^^^^^^^^^^^^^^^^^^^^^^
  File "/opt/jumpserver/.venv/lib/python3.11/site-packages/django/db/models/query.py", line 1047, in first
    for obj in (self if self.ordered else self.order_by("pk"))[:1]:
  File "/opt/jumpserver/.venv/lib/python3.11/site-packages/django/db/models/query.py", line 394, in __iter__
    self._fetch_all()
  File "/opt/jumpserver/.venv/lib/python3.11/site-packages/django/db/models/query.py", line 1867, in _fetch_all
    self._result_cache = list(self._iterable_class(self))
                         ^^^^^^^^^^^^^^^^^^^^^^^^^^^^^^^^
  File "/opt/jumpserver/.venv/lib/python3.11/site-packages/django/db/models/query.py", line 87, in __iter__
    results = compiler.execute_sql(
              ^^^^^^^^^^^^^^^^^^^^^
  File "/opt/jumpserver/.venv/lib/python3.11/site-packages/django/db/models/sql/compiler.py", line 1398, in execute_sql
    cursor.execute(sql, params)
  File "/opt/jumpserver/.venv/lib/python3.11/site-packages/django/db/backends/utils.py", line 67, in execute
    return self._execute_with_wrappers(
           ^^^^^^^^^^^^^^^^^^^^^^^^^^^^
  File "/opt/jumpserver/.venv/lib/python3.11/site-packages/django/db/backends/utils.py", line 80, in _execute_with_wrappers
    return executor(sql, params, many, context)
           ^^^^^^^^^^^^^^^^^^^^^^^^^^^^^^^^^^^^
  File "/opt/jumpserver/.venv/lib/python3.11/site-packages/django/db/backends/utils.py", line 84, in _execute
    with self.db.wrap_database_errors:
  File "/opt/jumpserver/.venv/lib/python3.11/site-packages/django/db/utils.py", line 91, in __exit__
    raise dj_exc_value.with_traceback(traceback) from exc_value
  File "/opt/jumpserver/.venv/lib/python3.11/site-packages/django/db/backends/utils.py", line 89, in _execute
    return self.cursor.execute(sql, params)
           ^^^^^^^^^^^^^^^^^^^^^^^^^^^^^^^^
  File "/opt/jumpserver/.venv/lib/python3.11/site-packages/django/db/backends/mysql/base.py", line 75, in execute
    return self.cursor.execute(query, args)
           ^^^^^^^^^^^^^^^^^^^^^^^^^^^^^^^^
  File "/opt/jumpserver/.venv/lib/python3.11/site-packages/MySQLdb/cursors.py", line 179, in execute
    res = self._query(mogrified_query)
          ^^^^^^^^^^^^^^^^^^^^^^^^^^^^
  File "/opt/jumpserver/.venv/lib/python3.11/site-packages/MySQLdb/cursors.py", line 330, in _query
    db.query(q)
  File "/opt/jumpserver/.venv/lib/python3.11/site-packages/MySQLdb/connections.py", line 261, in query
    _mysql.connection.query(self, query)
django.db.utils.ProgrammingError: (1146, "Table 'jumpserver.django_celery_beat_periodictask' doesn't exist")
2026-06-30 17:19:49 ansible@8900ae1f0534 ready.

worker: Warm shutdown (MainProcess)
2026-06-30 17:20:25 [INFO] init sqlite db /opt/jumpserver/data/system/leak_passwords.db
2026-06-30 17:20:25 [DEBU] Start subscribe for expire orgs mapping from memory
2026-06-30 17:20:25 [DEBU] Start subscribe for expire node assets id mapping from memory
2026-06-30 17:20:26 [DEBU] Start subscribe vault change
2026-06-30 17:20:26 [INFO] Start subscribe for stop job execution
2026-06-30 17:20:26 [DEBU] Start subscribe setting change
2026-06-30 17:20:26 [DEBU] Start subscribe for expire node assets id mapping from memory
/opt/jumpserver/.venv/lib/python3.11/site-packages/celery/platforms.py:829: SecurityWarning: You're running the worker with superuser privileges: this is
absolutely not recommended!

Please specify a different user using the --uid option.

User information: uid=0 euid=0 gid=0 egid=0

  warnings.warn(SecurityWarning(ROOT_DISCOURAGED.format(
 
 -------------- ansible@8900ae1f0534 v5.3.1 (emerald-rush)
--- ***** ----- 
-- ******* ---- Linux-6.18.33.2-microsoft-standard-WSL2-x86_64-with-glibc2.41 2026-06-30 17:20:29
- *** --- * --- 
- ** ---------- [config]
- ** ---------- .> app:         jumpserver:0x7b97f2125290
- ** ---------- .> transport:   redis://redis:6379/3
- ** ---------- .> results:     redis://redis:6379/3
- *** --- * --- .> concurrency: 10 (thread)
-- ******* ---- .> task events: OFF (enable -E to monitor tasks in this worker)
--- ***** ----- 
 -------------- [queues]
                .> ansible          exchange=ansible(direct) key=ansible
                

[tasks]
  . accounts.tasks.automation.clean_change_secret_and_push_record_period
  . accounts.tasks.automation.execute_account_automation_task
  . accounts.tasks.automation.execute_automation_record_task
  . accounts.tasks.push_account.change_secret_accounts_to_assets_task
  . accounts.tasks.push_account.push_accounts_to_assets_task
  . accounts.tasks.remove_account.clean_historical_accounts
  . accounts.tasks.remove_account.remove_accounts_task
  . accounts.tasks.template.template_sync_related_accounts
  . accounts.tasks.vault.sync_secret_to_vault
  . accounts.tasks.verify_account.verify_accounts_connectivity_task
  . assets.tasks.automation.execute_asset_automation_task
  . assets.tasks.gather_facts.gather_assets_facts_task
  . assets.tasks.nodes_amount.check_node_assets_amount_period_task
  . assets.tasks.nodes_amount.check_node_assets_amount_task
  . assets.tasks.ping.test_assets_connectivity_task
  . assets.tasks.ping_gateway.test_gateways_connectivity_task
  . audits.tasks.clean_audits_log_period
  . audits.tasks.upload_ftp_file_to_external_storage
  . authentication.tasks.clean_django_sessions
  . authentication.tasks.clean_expire_token
  . common.tasks.send_mail_async
  . common.tasks.send_mail_attachment_async
  . common.tasks.upload_backup_to_obj_storage
  . common.utils.verify_code.send_sms_async
  . notifications.notifications.publish_task
  . ops.tasks.check_server_performance_period
  . ops.tasks.clean_celery_periodic_tasks
  . ops.tasks.clean_job_execution_period
  . ops.tasks.clean_up_unexpected_jobs
  . ops.tasks.create_or_update_registered_periodic_tasks
  . ops.tasks.run_ops_job
  . ops.tasks.run_ops_job_execution
  . orgs.tasks.refresh_org_cache_task
  . perms.tasks.check_asset_permission_expired
  . perms.tasks.check_asset_permission_will_expired
  . settings.tasks.ldap.import_ldap_ha_user
  . settings.tasks.ldap.import_ldap_ha_user_periodic
  . settings.tasks.ldap.import_ldap_user
  . settings.tasks.ldap.import_ldap_user_periodic
  . terminal.tasks.applet_host_generate_accounts
  . terminal.tasks.check_command_replay_storage_connectivity
  . terminal.tasks.clean_orphan_session
  . terminal.tasks.delete_terminal_status_period
  . terminal.tasks.run_applet_host_deployment
  . terminal.tasks.run_applet_host_deployment_install_applet
  . terminal.tasks.run_applet_host_deployment_uninstall_applet
  . terminal.tasks.upload_session_replay_file_to_external_storage
  . terminal.tasks.upload_session_replay_to_external_storage
  . users.signal_handlers.clean_expired_user_session_period
  . users.tasks.check_password_expired
  . users.tasks.check_password_expired_periodic
  . users.tasks.check_unused_users
  . users.tasks.check_user_expired
  . users.tasks.check_user_expired_periodic

2026-06-30 17:20:29 /opt/jumpserver/.venv/lib/python3.11/site-packages/celery/app/utils.py:203: CDeprecationWarning: 
    The 'CELERY_TIMEZONE' setting is deprecated and scheduled for removal in
    version 6.0.0. Use the timezone instead

  deprecated.warn(description=f'The {setting!r} setting',

2026-06-30 17:20:29 /opt/jumpserver/.venv/lib/python3.11/site-packages/celery/app/utils.py:203: CDeprecationWarning: 
    The 'CELERY_RESULT_BACKEND' setting is deprecated and scheduled for removal in
    version 6.0.0. Use the result_backend instead

  deprecated.warn(description=f'The {setting!r} setting',

2026-06-30 17:20:29 /opt/jumpserver/.venv/lib/python3.11/site-packages/celery/app/utils.py:203: CDeprecationWarning: 
    The 'CELERY_ACCEPT_CONTENT' setting is deprecated and scheduled for removal in
    version 6.0.0. Use the accept_content instead

  deprecated.warn(description=f'The {setting!r} setting',

2026-06-30 17:20:29 /opt/jumpserver/.venv/lib/python3.11/site-packages/celery/app/utils.py:203: CDeprecationWarning: 
    The 'CELERY_QUEUES' setting is deprecated and scheduled for removal in
    version 6.0.0. Use the task_queues instead

  deprecated.warn(description=f'The {setting!r} setting',

2026-06-30 17:20:29 /opt/jumpserver/.venv/lib/python3.11/site-packages/celery/app/utils.py:203: CDeprecationWarning: 
    The 'CELERY_RESULT_SERIALIZER' setting is deprecated and scheduled for removal in
    version 6.0.0. Use the result_serializer instead

  deprecated.warn(description=f'The {setting!r} setting',

2026-06-30 17:20:29 /opt/jumpserver/.venv/lib/python3.11/site-packages/celery/app/utils.py:203: CDeprecationWarning: 
    The 'CELERY_TASK_SERIALIZER' setting is deprecated and scheduled for removal in
    version 6.0.0. Use the task_serializer instead

  deprecated.warn(description=f'The {setting!r} setting',

2026-06-30 17:20:29 Please run `celery upgrade settings path/to/settings.py` to avoid these warnings and to allow a smoother upgrade to Celery 6.0.
2026-06-30 17:20:29 /opt/jumpserver/.venv/lib/python3.11/site-packages/celery/worker/consumer/consumer.py:498: CPendingDeprecationWarning: The broker_connection_retry configuration setting will no longer determine
whether broker connection retries are made during startup in Celery 6.0 and above.
If you wish to retain the existing behavior for retrying connections on startup,
you should set broker_connection_retry_on_startup to True.
  warnings.warn(

2026-06-30 17:20:29 Connected to redis://redis:6379/3
2026-06-30 17:20:29 /opt/jumpserver/.venv/lib/python3.11/site-packages/celery/worker/consumer/consumer.py:498: CPendingDeprecationWarning: The broker_connection_retry configuration setting will no longer determine
whether broker connection retries are made during startup in Celery 6.0 and above.
If you wish to retain the existing behavior for retrying connections on startup,
you should set broker_connection_retry_on_startup to True.
  warnings.warn(

2026-06-30 17:20:29 [DEBU] Work ready signal recv
2026-06-30 17:20:29 Work ready signal recv
2026-06-30 17:20:29 [DEBU] Start need start task: [users.tasks.check_password_expired_periodic, users.tasks.check_user_expired_periodic, ops.tasks.clean_celery_periodic_tasks, ops.tasks.create_or_update_registered_periodic_tasks, settings.tasks.ldap.import_ldap_user_periodic, settings.tasks.ldap.import_ldap_ha_user_periodic, terminal.tasks.delete_terminal_status_period, terminal.tasks.clean_orphan_session]
2026-06-30 17:20:29 Start need start task: [users.tasks.check_password_expired_periodic, users.tasks.check_user_expired_periodic, ops.tasks.clean_celery_periodic_tasks, ops.tasks.create_or_update_registered_periodic_tasks, settings.tasks.ldap.import_ldap_user_periodic, settings.tasks.ldap.import_ldap_ha_user_periodic, terminal.tasks.delete_terminal_status_period, terminal.tasks.clean_orphan_session]
2026-06-30 17:20:29 Signal handler <function on_app_ready at 0x7b97e4dee700> raised: ProgrammingError(1146, "Table 'jumpserver.django_celery_beat_periodictask' doesn't exist")
Traceback (most recent call last):
  File "/opt/jumpserver/.venv/lib/python3.11/site-packages/django/db/backends/utils.py", line 89, in _execute
    return self.cursor.execute(sql, params)
           ^^^^^^^^^^^^^^^^^^^^^^^^^^^^^^^^
  File "/opt/jumpserver/.venv/lib/python3.11/site-packages/django/db/backends/mysql/base.py", line 75, in execute
    return self.cursor.execute(query, args)
           ^^^^^^^^^^^^^^^^^^^^^^^^^^^^^^^^
  File "/opt/jumpserver/.venv/lib/python3.11/site-packages/MySQLdb/cursors.py", line 179, in execute
    res = self._query(mogrified_query)
          ^^^^^^^^^^^^^^^^^^^^^^^^^^^^
  File "/opt/jumpserver/.venv/lib/python3.11/site-packages/MySQLdb/cursors.py", line 330, in _query
    db.query(q)
  File "/opt/jumpserver/.venv/lib/python3.11/site-packages/MySQLdb/connections.py", line 261, in query
    _mysql.connection.query(self, query)
MySQLdb.ProgrammingError: (1146, "Table 'jumpserver.django_celery_beat_periodictask' doesn't exist")

The above exception was the direct cause of the following exception:

Traceback (most recent call last):
  File "/opt/jumpserver/.venv/lib/python3.11/site-packages/celery/utils/dispatch/signal.py", line 276, in send
    response = receiver(signal=self, sender=sender, **named)
               ^^^^^^^^^^^^^^^^^^^^^^^^^^^^^^^^^^^^^^^^^^^^^
  File "/opt/jumpserver/apps/ops/celery/signal_handler.py", line 29, in on_app_ready
    periodic_task = PeriodicTask.objects.filter(task=task).first()
                    ^^^^^^^^^^^^^^^^^^^^^^^^^^^^^^^^^^^^^^^^^^^^^^
  File "/opt/jumpserver/.venv/lib/python3.11/site-packages/django/db/models/query.py", line 1047, in first
    for obj in (self if self.ordered else self.order_by("pk"))[:1]:
  File "/opt/jumpserver/.venv/lib/python3.11/site-packages/django/db/models/query.py", line 394, in __iter__
    self._fetch_all()
  File "/opt/jumpserver/.venv/lib/python3.11/site-packages/django/db/models/query.py", line 1867, in _fetch_all
    self._result_cache = list(self._iterable_class(self))
                         ^^^^^^^^^^^^^^^^^^^^^^^^^^^^^^^^
  File "/opt/jumpserver/.venv/lib/python3.11/site-packages/django/db/models/query.py", line 87, in __iter__
    results = compiler.execute_sql(
              ^^^^^^^^^^^^^^^^^^^^^
  File "/opt/jumpserver/.venv/lib/python3.11/site-packages/django/db/models/sql/compiler.py", line 1398, in execute_sql
    cursor.execute(sql, params)
  File "/opt/jumpserver/.venv/lib/python3.11/site-packages/django/db/backends/utils.py", line 67, in execute
    return self._execute_with_wrappers(
           ^^^^^^^^^^^^^^^^^^^^^^^^^^^^
  File "/opt/jumpserver/.venv/lib/python3.11/site-packages/django/db/backends/utils.py", line 80, in _execute_with_wrappers
    return executor(sql, params, many, context)
           ^^^^^^^^^^^^^^^^^^^^^^^^^^^^^^^^^^^^
  File "/opt/jumpserver/.venv/lib/python3.11/site-packages/django/db/backends/utils.py", line 84, in _execute
    with self.db.wrap_database_errors:
  File "/opt/jumpserver/.venv/lib/python3.11/site-packages/django/db/utils.py", line 91, in __exit__
    raise dj_exc_value.with_traceback(traceback) from exc_value
  File "/opt/jumpserver/.venv/lib/python3.11/site-packages/django/db/backends/utils.py", line 89, in _execute
    return self.cursor.execute(sql, params)
           ^^^^^^^^^^^^^^^^^^^^^^^^^^^^^^^^
  File "/opt/jumpserver/.venv/lib/python3.11/site-packages/django/db/backends/mysql/base.py", line 75, in execute
    return self.cursor.execute(query, args)
           ^^^^^^^^^^^^^^^^^^^^^^^^^^^^^^^^
  File "/opt/jumpserver/.venv/lib/python3.11/site-packages/MySQLdb/cursors.py", line 179, in execute
    res = self._query(mogrified_query)
          ^^^^^^^^^^^^^^^^^^^^^^^^^^^^
  File "/opt/jumpserver/.venv/lib/python3.11/site-packages/MySQLdb/cursors.py", line 330, in _query
    db.query(q)
  File "/opt/jumpserver/.venv/lib/python3.11/site-packages/MySQLdb/connections.py", line 261, in query
    _mysql.connection.query(self, query)
django.db.utils.ProgrammingError: (1146, "Table 'jumpserver.django_celery_beat_periodictask' doesn't exist")
2026-06-30 17:20:29 ansible@8900ae1f0534 ready.

worker: Warm shutdown (MainProcess)
2026-06-30 17:20:57 [DEBU] Worker shutdown signal recv
2026-06-30 17:20:57 Worker shutdown signal recv
2026-06-30 17:20:57 [DEBU] Clean period tasks: []
2026-06-30 17:20:57 Clean period tasks: []
2026-06-30 17:21:06 [INFO] init sqlite db /opt/jumpserver/data/system/leak_passwords.db
2026-06-30 17:21:06 [DEBU] Start subscribe for expire orgs mapping from memory
2026-06-30 17:21:06 [DEBU] Start subscribe for expire node assets id mapping from memory
2026-06-30 17:21:06 [DEBU] Start subscribe vault change
2026-06-30 17:21:06 [INFO] Start subscribe for stop job execution
2026-06-30 17:21:06 [DEBU] Start subscribe setting change
2026-06-30 17:21:06 [DEBU] Start subscribe for expire node assets id mapping from memory
/opt/jumpserver/.venv/lib/python3.11/site-packages/celery/platforms.py:829: SecurityWarning: You're running the worker with superuser privileges: this is
absolutely not recommended!

Please specify a different user using the --uid option.

User information: uid=0 euid=0 gid=0 egid=0

  warnings.warn(SecurityWarning(ROOT_DISCOURAGED.format(
 
 -------------- ansible@8900ae1f0534 v5.3.1 (emerald-rush)
--- ***** ----- 
-- ******* ---- Linux-6.18.33.2-microsoft-standard-WSL2-x86_64-with-glibc2.41 2026-06-30 17:21:10
- *** --- * --- 
- ** ---------- [config]
- ** ---------- .> app:         jumpserver:0x79d550c98c90
- ** ---------- .> transport:   redis://redis:6379/3
- ** ---------- .> results:     redis://redis:6379/3
- *** --- * --- .> concurrency: 10 (thread)
-- ******* ---- .> task events: OFF (enable -E to monitor tasks in this worker)
--- ***** ----- 
 -------------- [queues]
                .> ansible          exchange=ansible(direct) key=ansible
                

[tasks]
  . accounts.tasks.automation.clean_change_secret_and_push_record_period
  . accounts.tasks.automation.execute_account_automation_task
  . accounts.tasks.automation.execute_automation_record_task
  . accounts.tasks.push_account.change_secret_accounts_to_assets_task
  . accounts.tasks.push_account.push_accounts_to_assets_task
  . accounts.tasks.remove_account.clean_historical_accounts
  . accounts.tasks.remove_account.remove_accounts_task
  . accounts.tasks.template.template_sync_related_accounts
  . accounts.tasks.vault.sync_secret_to_vault
  . accounts.tasks.verify_account.verify_accounts_connectivity_task
  . assets.tasks.automation.execute_asset_automation_task
  . assets.tasks.gather_facts.gather_assets_facts_task
  . assets.tasks.nodes_amount.check_node_assets_amount_period_task
  . assets.tasks.nodes_amount.check_node_assets_amount_task
  . assets.tasks.ping.test_assets_connectivity_task
  . assets.tasks.ping_gateway.test_gateways_connectivity_task
  . audits.tasks.clean_audits_log_period
  . audits.tasks.upload_ftp_file_to_external_storage
  . authentication.tasks.clean_django_sessions
  . authentication.tasks.clean_expire_token
  . common.tasks.send_mail_async
  . common.tasks.send_mail_attachment_async
  . common.tasks.upload_backup_to_obj_storage
  . common.utils.verify_code.send_sms_async
  . notifications.notifications.publish_task
  . ops.tasks.check_server_performance_period
  . ops.tasks.clean_celery_periodic_tasks
  . ops.tasks.clean_job_execution_period
  . ops.tasks.clean_up_unexpected_jobs
  . ops.tasks.create_or_update_registered_periodic_tasks
  . ops.tasks.run_ops_job
  . ops.tasks.run_ops_job_execution
  . orgs.tasks.refresh_org_cache_task
  . perms.tasks.check_asset_permission_expired
  . perms.tasks.check_asset_permission_will_expired
  . settings.tasks.ldap.import_ldap_ha_user
  . settings.tasks.ldap.import_ldap_ha_user_periodic
  . settings.tasks.ldap.import_ldap_user
  . settings.tasks.ldap.import_ldap_user_periodic
  . terminal.tasks.applet_host_generate_accounts
  . terminal.tasks.check_command_replay_storage_connectivity
  . terminal.tasks.clean_orphan_session
  . terminal.tasks.delete_terminal_status_period
  . terminal.tasks.run_applet_host_deployment
  . terminal.tasks.run_applet_host_deployment_install_applet
  . terminal.tasks.run_applet_host_deployment_uninstall_applet
  . terminal.tasks.upload_session_replay_file_to_external_storage
  . terminal.tasks.upload_session_replay_to_external_storage
  . users.signal_handlers.clean_expired_user_session_period
  . users.tasks.check_password_expired
  . users.tasks.check_password_expired_periodic
  . users.tasks.check_unused_users
  . users.tasks.check_user_expired
  . users.tasks.check_user_expired_periodic

2026-06-30 17:21:10 /opt/jumpserver/.venv/lib/python3.11/site-packages/celery/app/utils.py:203: CDeprecationWarning: 
    The 'CELERY_QUEUES' setting is deprecated and scheduled for removal in
    version 6.0.0. Use the task_queues instead

  deprecated.warn(description=f'The {setting!r} setting',

2026-06-30 17:21:10 /opt/jumpserver/.venv/lib/python3.11/site-packages/celery/app/utils.py:203: CDeprecationWarning: 
    The 'CELERY_RESULT_SERIALIZER' setting is deprecated and scheduled for removal in
    version 6.0.0. Use the result_serializer instead

  deprecated.warn(description=f'The {setting!r} setting',

2026-06-30 17:21:10 /opt/jumpserver/.venv/lib/python3.11/site-packages/celery/app/utils.py:203: CDeprecationWarning: 
    The 'CELERY_TIMEZONE' setting is deprecated and scheduled for removal in
    version 6.0.0. Use the timezone instead

  deprecated.warn(description=f'The {setting!r} setting',

2026-06-30 17:21:10 /opt/jumpserver/.venv/lib/python3.11/site-packages/celery/app/utils.py:203: CDeprecationWarning: 
    The 'CELERY_RESULT_BACKEND' setting is deprecated and scheduled for removal in
    version 6.0.0. Use the result_backend instead

  deprecated.warn(description=f'The {setting!r} setting',

2026-06-30 17:21:10 /opt/jumpserver/.venv/lib/python3.11/site-packages/celery/app/utils.py:203: CDeprecationWarning: 
    The 'CELERY_TASK_SERIALIZER' setting is deprecated and scheduled for removal in
    version 6.0.0. Use the task_serializer instead

  deprecated.warn(description=f'The {setting!r} setting',

2026-06-30 17:21:10 /opt/jumpserver/.venv/lib/python3.11/site-packages/celery/app/utils.py:203: CDeprecationWarning: 
    The 'CELERY_ACCEPT_CONTENT' setting is deprecated and scheduled for removal in
    version 6.0.0. Use the accept_content instead

  deprecated.warn(description=f'The {setting!r} setting',

2026-06-30 17:21:10 Please run `celery upgrade settings path/to/settings.py` to avoid these warnings and to allow a smoother upgrade to Celery 6.0.
2026-06-30 17:21:10 /opt/jumpserver/.venv/lib/python3.11/site-packages/celery/worker/consumer/consumer.py:498: CPendingDeprecationWarning: The broker_connection_retry configuration setting will no longer determine
whether broker connection retries are made during startup in Celery 6.0 and above.
If you wish to retain the existing behavior for retrying connections on startup,
you should set broker_connection_retry_on_startup to True.
  warnings.warn(

2026-06-30 17:21:10 Connected to redis://redis:6379/3
2026-06-30 17:21:10 /opt/jumpserver/.venv/lib/python3.11/site-packages/celery/worker/consumer/consumer.py:498: CPendingDeprecationWarning: The broker_connection_retry configuration setting will no longer determine
whether broker connection retries are made during startup in Celery 6.0 and above.
If you wish to retain the existing behavior for retrying connections on startup,
you should set broker_connection_retry_on_startup to True.
  warnings.warn(

2026-06-30 17:21:10 ansible@8900ae1f0534 ready.
2026-06-30 17:22:39 pidbox command error: KeyError('No such transport: ')
Traceback (most recent call last):
  File "/opt/jumpserver/.venv/lib/python3.11/site-packages/kombu/transport/__init__.py", line 62, in resolve_transport
    transport = TRANSPORT_ALIASES[transport]
                ~~~~~~~~~~~~~~~~~^^^^^^^^^^^
KeyError: ''

During handling of the above exception, another exception occurred:

Traceback (most recent call last):
  File "/opt/jumpserver/.venv/lib/python3.11/site-packages/kombu/pidbox.py", line 102, in dispatch
    reply = handle(method, arguments)
            ^^^^^^^^^^^^^^^^^^^^^^^^^
  File "/opt/jumpserver/.venv/lib/python3.11/site-packages/kombu/pidbox.py", line 121, in handle_call
    return self.handle(method, arguments)
           ^^^^^^^^^^^^^^^^^^^^^^^^^^^^^^
  File "/opt/jumpserver/.venv/lib/python3.11/site-packages/kombu/pidbox.py", line 118, in handle
    return self.handlers[method](self.state, **arguments)
           ^^^^^^^^^^^^^^^^^^^^^^^^^^^^^^^^^^^^^^^^^^^^^^
  File "/opt/jumpserver/.venv/lib/python3.11/site-packages/celery/worker/control.py", line 91, in conf
    return jsonify(state.app.conf.table(with_defaults=with_defaults),
                   ^^^^^^^^^^^^^^^^^^^^^^^^^^^^^^^^^^^^^^^^^^^^^^^^^
  File "/opt/jumpserver/.venv/lib/python3.11/site-packages/celery/app/utils.py", line 186, in table
    return filt({
           ^^^^^^
  File "/opt/jumpserver/.venv/lib/python3.11/site-packages/celery/app/utils.py", line 343, in filter_hidden_settings
    return {k: maybe_censor(k, v) for k, v in conf.items()}
           ^^^^^^^^^^^^^^^^^^^^^^^^^^^^^^^^^^^^^^^^^^^^^^^^
  File "/opt/jumpserver/.venv/lib/python3.11/site-packages/celery/app/utils.py", line 343, in <dictcomp>
    return {k: maybe_censor(k, v) for k, v in conf.items()}
               ^^^^^^^^^^^^^^^^^^
  File "/opt/jumpserver/.venv/lib/python3.11/site-packages/celery/app/utils.py", line 337, in maybe_censor
    return Connection(value).as_uri(mask=mask)
           ^^^^^^^^^^^^^^^^^
  File "/opt/jumpserver/.venv/lib/python3.11/site-packages/kombu/connection.py", line 201, in __init__
    if not get_transport_cls(transport).can_parse_url:
           ^^^^^^^^^^^^^^^^^^^^^^^^^^^^
  File "/opt/jumpserver/.venv/lib/python3.11/site-packages/kombu/transport/__init__.py", line 90, in get_transport_cls
    _transport_cache[transport] = resolve_transport(transport)
                                  ^^^^^^^^^^^^^^^^^^^^^^^^^^^^
  File "/opt/jumpserver/.venv/lib/python3.11/site-packages/kombu/transport/__init__.py", line 71, in resolve_transport
    raise KeyError(f'No such transport: {transport}')
KeyError: 'No such transport: '
2026-06-30 17:22:43 Events of group {task} enabled by remote.
